!SESSION 2019-04-04 19:31:53.265 -----------------------------------------------
eclipse.buildId=4.7.0.I20170612-0950
java.version=1.8.0_144
java.vendor=Oracle Corporation
BootLoader constants: OS=win32, ARCH=x86_64, WS=win32, NL=en_IN
Framework arguments:  -product org.eclipse.epp.package.java.product
Command-line arguments:  -os win32 -ws win32 -arch x86_64 -product org.eclipse.epp.package.java.product

!ENTRY org.eclipse.egit.ui 2 0 2019-04-04 19:33:16.126
!MESSAGE Warning: The environment variable HOME is not set. The following directory will be used to store the Git
user global configuration and to define the default location to store repositories: 'C:\Users\KALON'. If this is
not correct please set the HOME environment variable and restart Eclipse. Otherwise Git for Windows and
EGit might behave differently since they see different configuration options.
This warning can be switched off on the Team > Git > Confirmations and Warnings preference page.
!SESSION 2019-04-04 19:45:39.854 -----------------------------------------------
eclipse.buildId=4.7.0.I20170612-0950
java.version=1.8.0_144
java.vendor=Oracle Corporation
BootLoader constants: OS=win32, ARCH=x86_64, WS=win32, NL=en_IN
Framework arguments:  -product org.eclipse.epp.package.java.product -product org.eclipse.epp.package.java.product
Command-line arguments:  -os win32 -ws win32 -arch x86_64 -product org.eclipse.epp.package.java.product -data file:/F:/calibre_code_intern/ -product org.eclipse.epp.package.java.product

!ENTRY org.eclipse.egit.ui 2 0 2019-04-04 19:45:53.705
!MESSAGE Warning: The environment variable HOME is not set. The following directory will be used to store the Git
user global configuration and to define the default location to store repositories: 'C:\Users\KALON'. If this is
not correct please set the HOME environment variable and restart Eclipse. Otherwise Git for Windows and
EGit might behave differently since they see different configuration options.
This warning can be switched off on the Team > Git > Confirmations and Warnings preference page.

!ENTRY org.eclipse.ui 4 4 2019-04-04 19:50:35.942
!MESSAGE Unable to create part
!SUBENTRY 1 org.eclipse.jdt.ui 4 995 2019-04-04 19:50:35.942
!MESSAGE The class file is not on the classpath
!STACK 1
org.eclipse.core.runtime.CoreException: The class file is not on the classpath
	at org.eclipse.jdt.internal.ui.javaeditor.ClassFileEditor.doSetInput(ClassFileEditor.java:694)
	at org.eclipse.ui.texteditor.AbstractTextEditor$5.run(AbstractTextEditor.java:3154)
	at org.eclipse.jface.operation.ModalContext.runInCurrentThread(ModalContext.java:437)
	at org.eclipse.jface.operation.ModalContext.run(ModalContext.java:353)
	at org.eclipse.ui.internal.WorkbenchWindow$14.run(WorkbenchWindow.java:2180)
	at org.eclipse.swt.custom.BusyIndicator.showWhile(BusyIndicator.java:70)
	at org.eclipse.ui.internal.WorkbenchWindow.run(WorkbenchWindow.java:2176)
	at org.eclipse.ui.texteditor.AbstractTextEditor.internalInit(AbstractTextEditor.java:3172)
	at org.eclipse.ui.texteditor.AbstractTextEditor.init(AbstractTextEditor.java:3197)
	at org.eclipse.ui.internal.EditorReference.initialize(EditorReference.java:362)
	at org.eclipse.ui.internal.e4.compatibility.CompatibilityPart.create(CompatibilityPart.java:333)
	at sun.reflect.NativeMethodAccessorImpl.invoke0(Native Method)
	at sun.reflect.NativeMethodAccessorImpl.invoke(NativeMethodAccessorImpl.java:62)
	at sun.reflect.DelegatingMethodAccessorImpl.invoke(DelegatingMethodAccessorImpl.java:43)
	at java.lang.reflect.Method.invoke(Method.java:498)
	at org.eclipse.e4.core.internal.di.MethodRequestor.execute(MethodRequestor.java:55)
	at org.eclipse.e4.core.internal.di.InjectorImpl.processAnnotated(InjectorImpl.java:990)
	at org.eclipse.e4.core.internal.di.InjectorImpl.processAnnotated(InjectorImpl.java:955)
	at org.eclipse.e4.core.internal.di.InjectorImpl.inject(InjectorImpl.java:124)
	at org.eclipse.e4.core.internal.di.InjectorImpl.internalMake(InjectorImpl.java:399)
	at org.eclipse.e4.core.internal.di.InjectorImpl.make(InjectorImpl.java:318)
	at org.eclipse.e4.core.contexts.ContextInjectionFactory.make(ContextInjectionFactory.java:162)
	at org.eclipse.e4.ui.internal.workbench.ReflectionContributionFactory.createFromBundle(ReflectionContributionFactory.java:105)
	at org.eclipse.e4.ui.internal.workbench.ReflectionContributionFactory.doCreate(ReflectionContributionFactory.java:74)
	at org.eclipse.e4.ui.internal.workbench.ReflectionContributionFactory.create(ReflectionContributionFactory.java:56)
	at org.eclipse.e4.ui.workbench.renderers.swt.ContributedPartRenderer.createWidget(ContributedPartRenderer.java:129)
	at org.eclipse.e4.ui.internal.workbench.swt.PartRenderingEngine.createWidget(PartRenderingEngine.java:997)
	at org.eclipse.e4.ui.internal.workbench.swt.PartRenderingEngine.safeCreateGui(PartRenderingEngine.java:666)
	at org.eclipse.e4.ui.internal.workbench.swt.PartRenderingEngine.safeCreateGui(PartRenderingEngine.java:772)
	at org.eclipse.e4.ui.internal.workbench.swt.PartRenderingEngine.access$0(PartRenderingEngine.java:743)
	at org.eclipse.e4.ui.internal.workbench.swt.PartRenderingEngine$2.run(PartRenderingEngine.java:737)
	at org.eclipse.core.runtime.SafeRunner.run(SafeRunner.java:42)
	at org.eclipse.e4.ui.internal.workbench.swt.PartRenderingEngine.createGui(PartRenderingEngine.java:721)
	at org.eclipse.e4.ui.workbench.renderers.swt.StackRenderer.showTab(StackRenderer.java:1289)
	at org.eclipse.e4.ui.workbench.renderers.swt.LazyStackRenderer.lambda$0(LazyStackRenderer.java:68)
	at org.eclipse.e4.ui.services.internal.events.UIEventHandler$1.run(UIEventHandler.java:40)
	at org.eclipse.swt.widgets.Synchronizer.syncExec(Synchronizer.java:233)
	at org.eclipse.ui.internal.UISynchronizer.syncExec(UISynchronizer.java:144)
	at org.eclipse.swt.widgets.Display.syncExec(Display.java:4889)
	at org.eclipse.e4.ui.internal.workbench.swt.E4Application$1.syncExec(E4Application.java:212)
	at org.eclipse.e4.ui.services.internal.events.UIEventHandler.handleEvent(UIEventHandler.java:36)
	at org.eclipse.equinox.internal.event.EventHandlerWrapper.handleEvent(EventHandlerWrapper.java:201)
	at org.eclipse.equinox.internal.event.EventHandlerTracker.dispatchEvent(EventHandlerTracker.java:197)
	at org.eclipse.equinox.internal.event.EventHandlerTracker.dispatchEvent(EventHandlerTracker.java:1)
	at org.eclipse.osgi.framework.eventmgr.EventManager.dispatchEvent(EventManager.java:230)
	at org.eclipse.osgi.framework.eventmgr.ListenerQueue.dispatchEventSynchronous(ListenerQueue.java:148)
	at org.eclipse.equinox.internal.event.EventAdminImpl.dispatchEvent(EventAdminImpl.java:135)
	at org.eclipse.equinox.internal.event.EventAdminImpl.sendEvent(EventAdminImpl.java:78)
	at org.eclipse.equinox.internal.event.EventComponent.sendEvent(EventComponent.java:39)
	at org.eclipse.e4.ui.services.internal.events.EventBroker.send(EventBroker.java:52)
	at org.eclipse.e4.ui.internal.workbench.UIEventPublisher.notifyChanged(UIEventPublisher.java:60)
	at org.eclipse.emf.common.notify.impl.BasicNotifierImpl.eNotify(BasicNotifierImpl.java:374)
	at org.eclipse.e4.ui.model.application.ui.impl.ElementContainerImpl.setSelectedElement(ElementContainerImpl.java:173)
	at org.eclipse.e4.ui.internal.workbench.ModelServiceImpl.showElementInWindow(ModelServiceImpl.java:620)
	at org.eclipse.e4.ui.internal.workbench.ModelServiceImpl.bringToTop(ModelServiceImpl.java:584)
	at org.eclipse.e4.ui.internal.workbench.PartServiceImpl.delegateBringToTop(PartServiceImpl.java:768)
	at org.eclipse.e4.ui.internal.workbench.PartServiceImpl.bringToTop(PartServiceImpl.java:401)
	at org.eclipse.e4.ui.internal.workbench.PartServiceImpl.showPart(PartServiceImpl.java:1187)
	at org.eclipse.ui.internal.WorkbenchPage.busyOpenEditor(WorkbenchPage.java:3261)
	at org.eclipse.ui.internal.WorkbenchPage.access$25(WorkbenchPage.java:3176)
	at org.eclipse.ui.internal.WorkbenchPage$10.run(WorkbenchPage.java:3158)
	at org.eclipse.swt.custom.BusyIndicator.showWhile(BusyIndicator.java:70)
	at org.eclipse.ui.internal.WorkbenchPage.openEditor(WorkbenchPage.java:3153)
	at org.eclipse.ui.internal.WorkbenchPage.openEditor(WorkbenchPage.java:3117)
	at org.eclipse.ui.internal.WorkbenchPage.openEditor(WorkbenchPage.java:3107)
	at org.eclipse.jdt.internal.ui.javaeditor.EditorUtility.openInEditor(EditorUtility.java:373)
	at org.eclipse.jdt.internal.ui.javaeditor.EditorUtility.openInEditor(EditorUtility.java:179)
	at org.eclipse.jdt.ui.actions.OpenAction.run(OpenAction.java:256)
	at org.eclipse.jdt.ui.actions.OpenAction.run(OpenAction.java:221)
	at org.eclipse.jdt.ui.actions.SelectionDispatchAction.dispatchRun(SelectionDispatchAction.java:271)
	at org.eclipse.jdt.ui.actions.SelectionDispatchAction.run(SelectionDispatchAction.java:249)
	at org.eclipse.jdt.internal.ui.packageview.PackageExplorerActionGroup.handleOpen(PackageExplorerActionGroup.java:379)
	at org.eclipse.jdt.internal.ui.packageview.PackageExplorerPart$4.open(PackageExplorerPart.java:540)
	at org.eclipse.ui.OpenAndLinkWithEditorHelper$InternalListener.open(OpenAndLinkWithEditorHelper.java:46)
	at org.eclipse.jface.viewers.StructuredViewer$2.run(StructuredViewer.java:851)
	at org.eclipse.core.runtime.SafeRunner.run(SafeRunner.java:42)
	at org.eclipse.ui.internal.JFaceUtil.lambda$0(JFaceUtil.java:44)
	at org.eclipse.jface.util.SafeRunnable.run(SafeRunnable.java:173)
	at org.eclipse.jface.viewers.StructuredViewer.fireOpen(StructuredViewer.java:848)
	at org.eclipse.jface.viewers.StructuredViewer.handleOpen(StructuredViewer.java:1163)
	at org.eclipse.jface.util.OpenStrategy.fireOpenEvent(OpenStrategy.java:273)
	at org.eclipse.jface.util.OpenStrategy.access$2(OpenStrategy.java:268)
	at org.eclipse.jface.util.OpenStrategy$1.handleEvent(OpenStrategy.java:308)
	at org.eclipse.swt.widgets.EventTable.sendEvent(EventTable.java:86)
	at org.eclipse.swt.widgets.Display.sendEvent(Display.java:4428)
	at org.eclipse.swt.widgets.Widget.sendEvent(Widget.java:1079)
	at org.eclipse.swt.widgets.Display.runDeferredEvents(Display.java:4238)
	at org.eclipse.swt.widgets.Display.readAndDispatch(Display.java:3817)
	at org.eclipse.e4.ui.internal.workbench.swt.PartRenderingEngine$5.run(PartRenderingEngine.java:1155)
	at org.eclipse.core.databinding.observable.Realm.runWithDefault(Realm.java:336)
	at org.eclipse.e4.ui.internal.workbench.swt.PartRenderingEngine.run(PartRenderingEngine.java:1044)
	at org.eclipse.e4.ui.internal.workbench.E4Workbench.createAndRunUI(E4Workbench.java:153)
	at org.eclipse.ui.internal.Workbench.lambda$3(Workbench.java:680)
	at org.eclipse.core.databinding.observable.Realm.runWithDefault(Realm.java:336)
	at org.eclipse.ui.internal.Workbench.createAndRunWorkbench(Workbench.java:594)
	at org.eclipse.ui.PlatformUI.createAndRunWorkbench(PlatformUI.java:148)
	at org.eclipse.ui.internal.ide.application.IDEApplication.start(IDEApplication.java:151)
	at org.eclipse.equinox.internal.app.EclipseAppHandle.run(EclipseAppHandle.java:196)
	at org.eclipse.core.runtime.internal.adaptor.EclipseAppLauncher.runApplication(EclipseAppLauncher.java:134)
	at org.eclipse.core.runtime.internal.adaptor.EclipseAppLauncher.start(EclipseAppLauncher.java:104)
	at org.eclipse.core.runtime.adaptor.EclipseStarter.run(EclipseStarter.java:388)
	at org.eclipse.core.runtime.adaptor.EclipseStarter.run(EclipseStarter.java:243)
	at sun.reflect.NativeMethodAccessorImpl.invoke0(Native Method)
	at sun.reflect.NativeMethodAccessorImpl.invoke(NativeMethodAccessorImpl.java:62)
	at sun.reflect.DelegatingMethodAccessorImpl.invoke(DelegatingMethodAccessorImpl.java:43)
	at java.lang.reflect.Method.invoke(Method.java:498)
	at org.eclipse.equinox.launcher.Main.invokeFramework(Main.java:653)
	at org.eclipse.equinox.launcher.Main.basicRun(Main.java:590)
	at org.eclipse.equinox.launcher.Main.run(Main.java:1499)
!SUBENTRY 2 org.eclipse.jdt.ui 4 995 2019-04-04 19:50:35.944
!MESSAGE The class file is not on the classpath
!SESSION 2019-04-04 19:51:21.437 -----------------------------------------------
eclipse.buildId=4.7.0.I20170612-0950
java.version=1.8.0_144
java.vendor=Oracle Corporation
BootLoader constants: OS=win32, ARCH=x86_64, WS=win32, NL=en_IN
Framework arguments:  -product org.eclipse.epp.package.java.product F:\calibre_code_intern\vaishali\.project
Command-line arguments:  -os win32 -ws win32 -arch x86_64 -product org.eclipse.epp.package.java.product F:\calibre_code_intern\vaishali\.project

!ENTRY org.eclipse.ui 4 4 2019-04-04 19:51:33.736
!MESSAGE Unable to create part
!SUBENTRY 1 org.eclipse.ui 4 0 2019-04-04 19:51:33.736
!MESSAGE Factory org.eclipse.jdt.ui.ClassFileEditorInputFactory returned null from createElement for editor id=org.eclipse.jdt.ui.ClassFileEditorNoSource name=null

!ENTRY org.eclipse.egit.ui 2 0 2019-04-04 19:51:35.590
!MESSAGE Warning: The environment variable HOME is not set. The following directory will be used to store the Git
user global configuration and to define the default location to store repositories: 'C:\Users\KALON'. If this is
not correct please set the HOME environment variable and restart Eclipse. Otherwise Git for Windows and
EGit might behave differently since they see different configuration options.
This warning can be switched off on the Team > Git > Confirmations and Warnings preference page.

!ENTRY org.eclipse.ui 4 4 2019-04-04 19:51:45.690
!MESSAGE Unable to create part
!SUBENTRY 1 org.eclipse.jdt.ui 4 995 2019-04-04 19:51:45.690
!MESSAGE The class file is not on the classpath
!STACK 1
org.eclipse.core.runtime.CoreException: The class file is not on the classpath
	at org.eclipse.jdt.internal.ui.javaeditor.ClassFileEditor.doSetInput(ClassFileEditor.java:694)
	at org.eclipse.ui.texteditor.AbstractTextEditor$5.run(AbstractTextEditor.java:3154)
	at org.eclipse.jface.operation.ModalContext.runInCurrentThread(ModalContext.java:437)
	at org.eclipse.jface.operation.ModalContext.run(ModalContext.java:353)
	at org.eclipse.ui.internal.WorkbenchWindow$14.run(WorkbenchWindow.java:2180)
	at org.eclipse.swt.custom.BusyIndicator.showWhile(BusyIndicator.java:70)
	at org.eclipse.ui.internal.WorkbenchWindow.run(WorkbenchWindow.java:2176)
	at org.eclipse.ui.texteditor.AbstractTextEditor.internalInit(AbstractTextEditor.java:3172)
	at org.eclipse.ui.texteditor.AbstractTextEditor.init(AbstractTextEditor.java:3197)
	at org.eclipse.ui.internal.EditorReference.initialize(EditorReference.java:362)
	at org.eclipse.ui.internal.e4.compatibility.CompatibilityPart.create(CompatibilityPart.java:333)
	at sun.reflect.NativeMethodAccessorImpl.invoke0(Native Method)
	at sun.reflect.NativeMethodAccessorImpl.invoke(NativeMethodAccessorImpl.java:62)
	at sun.reflect.DelegatingMethodAccessorImpl.invoke(DelegatingMethodAccessorImpl.java:43)
	at java.lang.reflect.Method.invoke(Method.java:498)
	at org.eclipse.e4.core.internal.di.MethodRequestor.execute(MethodRequestor.java:55)
	at org.eclipse.e4.core.internal.di.InjectorImpl.processAnnotated(InjectorImpl.java:990)
	at org.eclipse.e4.core.internal.di.InjectorImpl.processAnnotated(InjectorImpl.java:955)
	at org.eclipse.e4.core.internal.di.InjectorImpl.inject(InjectorImpl.java:124)
	at org.eclipse.e4.core.internal.di.InjectorImpl.internalMake(InjectorImpl.java:399)
	at org.eclipse.e4.core.internal.di.InjectorImpl.make(InjectorImpl.java:318)
	at org.eclipse.e4.core.contexts.ContextInjectionFactory.make(ContextInjectionFactory.java:162)
	at org.eclipse.e4.ui.internal.workbench.ReflectionContributionFactory.createFromBundle(ReflectionContributionFactory.java:105)
	at org.eclipse.e4.ui.internal.workbench.ReflectionContributionFactory.doCreate(ReflectionContributionFactory.java:74)
	at org.eclipse.e4.ui.internal.workbench.ReflectionContributionFactory.create(ReflectionContributionFactory.java:56)
	at org.eclipse.e4.ui.workbench.renderers.swt.ContributedPartRenderer.createWidget(ContributedPartRenderer.java:129)
	at org.eclipse.e4.ui.internal.workbench.swt.PartRenderingEngine.createWidget(PartRenderingEngine.java:997)
	at org.eclipse.e4.ui.internal.workbench.swt.PartRenderingEngine.safeCreateGui(PartRenderingEngine.java:666)
	at org.eclipse.e4.ui.internal.workbench.swt.PartRenderingEngine.safeCreateGui(PartRenderingEngine.java:772)
	at org.eclipse.e4.ui.internal.workbench.swt.PartRenderingEngine.access$0(PartRenderingEngine.java:743)
	at org.eclipse.e4.ui.internal.workbench.swt.PartRenderingEngine$2.run(PartRenderingEngine.java:737)
	at org.eclipse.core.runtime.SafeRunner.run(SafeRunner.java:42)
	at org.eclipse.e4.ui.internal.workbench.swt.PartRenderingEngine.createGui(PartRenderingEngine.java:721)
	at org.eclipse.e4.ui.internal.workbench.PartServiceImpl$1.handleEvent(PartServiceImpl.java:104)
	at org.eclipse.e4.ui.services.internal.events.UIEventHandler$1.run(UIEventHandler.java:40)
	at org.eclipse.swt.widgets.Synchronizer.syncExec(Synchronizer.java:233)
	at org.eclipse.ui.internal.UISynchronizer.syncExec(UISynchronizer.java:144)
	at org.eclipse.swt.widgets.Display.syncExec(Display.java:4889)
	at org.eclipse.e4.ui.internal.workbench.swt.E4Application$1.syncExec(E4Application.java:212)
	at org.eclipse.e4.ui.services.internal.events.UIEventHandler.handleEvent(UIEventHandler.java:36)
	at org.eclipse.equinox.internal.event.EventHandlerWrapper.handleEvent(EventHandlerWrapper.java:201)
	at org.eclipse.equinox.internal.event.EventHandlerTracker.dispatchEvent(EventHandlerTracker.java:197)
	at org.eclipse.equinox.internal.event.EventHandlerTracker.dispatchEvent(EventHandlerTracker.java:1)
	at org.eclipse.osgi.framework.eventmgr.EventManager.dispatchEvent(EventManager.java:230)
	at org.eclipse.osgi.framework.eventmgr.ListenerQueue.dispatchEventSynchronous(ListenerQueue.java:148)
	at org.eclipse.equinox.internal.event.EventAdminImpl.dispatchEvent(EventAdminImpl.java:135)
	at org.eclipse.equinox.internal.event.EventAdminImpl.sendEvent(EventAdminImpl.java:78)
	at org.eclipse.equinox.internal.event.EventComponent.sendEvent(EventComponent.java:39)
	at org.eclipse.e4.ui.services.internal.events.EventBroker.send(EventBroker.java:52)
	at org.eclipse.e4.ui.internal.workbench.UIEventPublisher.notifyChanged(UIEventPublisher.java:60)
	at org.eclipse.emf.common.notify.impl.BasicNotifierImpl.eNotify(BasicNotifierImpl.java:374)
	at org.eclipse.e4.ui.model.application.ui.impl.ElementContainerImpl.setSelectedElement(ElementContainerImpl.java:173)
	at org.eclipse.e4.ui.internal.workbench.ModelServiceImpl.showElementInWindow(ModelServiceImpl.java:620)
	at org.eclipse.e4.ui.internal.workbench.ModelServiceImpl.bringToTop(ModelServiceImpl.java:584)
	at org.eclipse.e4.ui.internal.workbench.PartServiceImpl.delegateBringToTop(PartServiceImpl.java:768)
	at org.eclipse.e4.ui.internal.workbench.PartServiceImpl.bringToTop(PartServiceImpl.java:401)
	at org.eclipse.e4.ui.internal.workbench.PartServiceImpl.showPart(PartServiceImpl.java:1187)
	at org.eclipse.ui.internal.WorkbenchPage.busyOpenEditor(WorkbenchPage.java:3261)
	at org.eclipse.ui.internal.WorkbenchPage.access$25(WorkbenchPage.java:3176)
	at org.eclipse.ui.internal.WorkbenchPage$10.run(WorkbenchPage.java:3158)
	at org.eclipse.swt.custom.BusyIndicator.showWhile(BusyIndicator.java:70)
	at org.eclipse.ui.internal.WorkbenchPage.openEditor(WorkbenchPage.java:3153)
	at org.eclipse.ui.internal.WorkbenchPage.openEditor(WorkbenchPage.java:3117)
	at org.eclipse.ui.internal.WorkbenchPage.openEditor(WorkbenchPage.java:3107)
	at org.eclipse.jdt.internal.ui.javaeditor.EditorUtility.openInEditor(EditorUtility.java:373)
	at org.eclipse.jdt.internal.ui.javaeditor.EditorUtility.openInEditor(EditorUtility.java:179)
	at org.eclipse.jdt.ui.actions.OpenAction.run(OpenAction.java:256)
	at org.eclipse.jdt.ui.actions.OpenAction.run(OpenAction.java:221)
	at org.eclipse.jdt.ui.actions.SelectionDispatchAction.dispatchRun(SelectionDispatchAction.java:271)
	at org.eclipse.jdt.ui.actions.SelectionDispatchAction.run(SelectionDispatchAction.java:249)
	at org.eclipse.jdt.internal.ui.packageview.PackageExplorerActionGroup.handleOpen(PackageExplorerActionGroup.java:379)
	at org.eclipse.jdt.internal.ui.packageview.PackageExplorerPart$4.open(PackageExplorerPart.java:540)
	at org.eclipse.ui.OpenAndLinkWithEditorHelper$InternalListener.open(OpenAndLinkWithEditorHelper.java:46)
	at org.eclipse.jface.viewers.StructuredViewer$2.run(StructuredViewer.java:851)
	at org.eclipse.core.runtime.SafeRunner.run(SafeRunner.java:42)
	at org.eclipse.ui.internal.JFaceUtil.lambda$0(JFaceUtil.java:44)
	at org.eclipse.jface.util.SafeRunnable.run(SafeRunnable.java:173)
	at org.eclipse.jface.viewers.StructuredViewer.fireOpen(StructuredViewer.java:848)
	at org.eclipse.jface.viewers.StructuredViewer.handleOpen(StructuredViewer.java:1163)
	at org.eclipse.jface.util.OpenStrategy.fireOpenEvent(OpenStrategy.java:273)
	at org.eclipse.jface.util.OpenStrategy.access$2(OpenStrategy.java:268)
	at org.eclipse.jface.util.OpenStrategy$1.handleEvent(OpenStrategy.java:308)
	at org.eclipse.swt.widgets.EventTable.sendEvent(EventTable.java:86)
	at org.eclipse.swt.widgets.Display.sendEvent(Display.java:4428)
	at org.eclipse.swt.widgets.Widget.sendEvent(Widget.java:1079)
	at org.eclipse.swt.widgets.Display.runDeferredEvents(Display.java:4238)
	at org.eclipse.swt.widgets.Display.readAndDispatch(Display.java:3817)
	at org.eclipse.e4.ui.internal.workbench.swt.PartRenderingEngine$5.run(PartRenderingEngine.java:1155)
	at org.eclipse.core.databinding.observable.Realm.runWithDefault(Realm.java:336)
	at org.eclipse.e4.ui.internal.workbench.swt.PartRenderingEngine.run(PartRenderingEngine.java:1044)
	at org.eclipse.e4.ui.internal.workbench.E4Workbench.createAndRunUI(E4Workbench.java:153)
	at org.eclipse.ui.internal.Workbench.lambda$3(Workbench.java:680)
	at org.eclipse.core.databinding.observable.Realm.runWithDefault(Realm.java:336)
	at org.eclipse.ui.internal.Workbench.createAndRunWorkbench(Workbench.java:594)
	at org.eclipse.ui.PlatformUI.createAndRunWorkbench(PlatformUI.java:148)
	at org.eclipse.ui.internal.ide.application.IDEApplication.start(IDEApplication.java:151)
	at org.eclipse.equinox.internal.app.EclipseAppHandle.run(EclipseAppHandle.java:196)
	at org.eclipse.core.runtime.internal.adaptor.EclipseAppLauncher.runApplication(EclipseAppLauncher.java:134)
	at org.eclipse.core.runtime.internal.adaptor.EclipseAppLauncher.start(EclipseAppLauncher.java:104)
	at org.eclipse.core.runtime.adaptor.EclipseStarter.run(EclipseStarter.java:388)
	at org.eclipse.core.runtime.adaptor.EclipseStarter.run(EclipseStarter.java:243)
	at sun.reflect.NativeMethodAccessorImpl.invoke0(Native Method)
	at sun.reflect.NativeMethodAccessorImpl.invoke(NativeMethodAccessorImpl.java:62)
	at sun.reflect.DelegatingMethodAccessorImpl.invoke(DelegatingMethodAccessorImpl.java:43)
	at java.lang.reflect.Method.invoke(Method.java:498)
	at org.eclipse.equinox.launcher.Main.invokeFramework(Main.java:653)
	at org.eclipse.equinox.launcher.Main.basicRun(Main.java:590)
	at org.eclipse.equinox.launcher.Main.run(Main.java:1499)
!SUBENTRY 2 org.eclipse.jdt.ui 4 995 2019-04-04 19:51:45.692
!MESSAGE The class file is not on the classpath
!SESSION 2019-04-04 19:59:35.542 -----------------------------------------------
eclipse.buildId=4.7.0.I20170612-0950
java.version=1.8.0_144
java.vendor=Oracle Corporation
BootLoader constants: OS=win32, ARCH=x86_64, WS=win32, NL=en_IN
Framework arguments:  -product org.eclipse.epp.package.java.product
Command-line arguments:  -os win32 -ws win32 -arch x86_64 -product org.eclipse.epp.package.java.product

!ENTRY org.eclipse.ui 4 4 2019-04-04 19:59:47.806
!MESSAGE Unable to create part
!SUBENTRY 1 org.eclipse.ui 4 0 2019-04-04 19:59:47.807
!MESSAGE Factory org.eclipse.jdt.ui.ClassFileEditorInputFactory returned null from createElement for editor id=org.eclipse.jdt.ui.ClassFileEditorNoSource name=null

!ENTRY org.eclipse.egit.ui 2 0 2019-04-04 19:59:49.653
!MESSAGE Warning: The environment variable HOME is not set. The following directory will be used to store the Git
user global configuration and to define the default location to store repositories: 'C:\Users\KALON'. If this is
not correct please set the HOME environment variable and restart Eclipse. Otherwise Git for Windows and
EGit might behave differently since they see different configuration options.
This warning can be switched off on the Team > Git > Confirmations and Warnings preference page.
!SESSION 2019-04-04 20:36:08.440 -----------------------------------------------
eclipse.buildId=4.7.0.I20170612-0950
java.version=1.8.0_144
java.vendor=Oracle Corporation
BootLoader constants: OS=win32, ARCH=x86_64, WS=win32, NL=en_IN
Framework arguments:  -product org.eclipse.epp.package.java.product
Command-line arguments:  -os win32 -ws win32 -arch x86_64 -product org.eclipse.epp.package.java.product

!ENTRY org.eclipse.core.resources 4 567 2019-04-04 20:36:12.624
!MESSAGE Workspace restored, but some problems occurred.
!SUBENTRY 1 org.eclipse.core.resources 4 567 2019-04-04 20:36:12.624
!MESSAGE Could not read metadata for 'vaishali'.
!STACK 1
org.eclipse.core.internal.resources.ResourceException: The project description file (.project) for 'vaishali' is missing.  This file contains important information about the project.  The project will not function properly until this file is restored.
	at org.eclipse.core.internal.localstore.FileSystemResourceManager.read(FileSystemResourceManager.java:901)
	at org.eclipse.core.internal.resources.SaveManager.restoreMetaInfo(SaveManager.java:904)
	at org.eclipse.core.internal.resources.SaveManager.restoreMetaInfo(SaveManager.java:884)
	at org.eclipse.core.internal.resources.SaveManager.restore(SaveManager.java:735)
	at org.eclipse.core.internal.resources.SaveManager.startup(SaveManager.java:1587)
	at org.eclipse.core.internal.resources.Workspace.startup(Workspace.java:2399)
	at org.eclipse.core.internal.resources.Workspace.open(Workspace.java:2156)
	at org.eclipse.core.resources.ResourcesPlugin.start(ResourcesPlugin.java:467)
	at org.eclipse.osgi.internal.framework.BundleContextImpl$3.run(BundleContextImpl.java:779)
	at org.eclipse.osgi.internal.framework.BundleContextImpl$3.run(BundleContextImpl.java:1)
	at java.security.AccessController.doPrivileged(Native Method)
	at org.eclipse.osgi.internal.framework.BundleContextImpl.startActivator(BundleContextImpl.java:772)
	at org.eclipse.osgi.internal.framework.BundleContextImpl.start(BundleContextImpl.java:729)
	at org.eclipse.osgi.internal.framework.EquinoxBundle.startWorker0(EquinoxBundle.java:933)
	at org.eclipse.osgi.internal.framework.EquinoxBundle$EquinoxModule.startWorker(EquinoxBundle.java:309)
	at org.eclipse.osgi.container.Module.doStart(Module.java:581)
	at org.eclipse.osgi.container.Module.start(Module.java:449)
	at org.eclipse.osgi.framework.util.SecureAction.start(SecureAction.java:468)
	at org.eclipse.osgi.internal.hooks.EclipseLazyStarter.postFindLocalClass(EclipseLazyStarter.java:103)
	at org.eclipse.osgi.internal.loader.classpath.ClasspathManager.findLocalClass(ClasspathManager.java:529)
	at org.eclipse.osgi.internal.loader.ModuleClassLoader.findLocalClass(ModuleClassLoader.java:328)
	at org.eclipse.osgi.internal.loader.BundleLoader.findLocalClass(BundleLoader.java:368)
	at org.eclipse.osgi.internal.loader.sources.SingleSourcePackage.loadClass(SingleSourcePackage.java:36)
	at org.eclipse.osgi.internal.loader.BundleLoader.findClassInternal(BundleLoader.java:442)
	at org.eclipse.osgi.internal.loader.BundleLoader.findClass(BundleLoader.java:395)
	at org.eclipse.osgi.internal.loader.BundleLoader.findClass(BundleLoader.java:387)
	at org.eclipse.osgi.internal.loader.ModuleClassLoader.loadClass(ModuleClassLoader.java:150)
	at java.lang.ClassLoader.loadClass(ClassLoader.java:357)
	at org.eclipse.ui.internal.ide.application.IDEApplication.start(IDEApplication.java:152)
	at org.eclipse.equinox.internal.app.EclipseAppHandle.run(EclipseAppHandle.java:196)
	at org.eclipse.core.runtime.internal.adaptor.EclipseAppLauncher.runApplication(EclipseAppLauncher.java:134)
	at org.eclipse.core.runtime.internal.adaptor.EclipseAppLauncher.start(EclipseAppLauncher.java:104)
	at org.eclipse.core.runtime.adaptor.EclipseStarter.run(EclipseStarter.java:388)
	at org.eclipse.core.runtime.adaptor.EclipseStarter.run(EclipseStarter.java:243)
	at sun.reflect.NativeMethodAccessorImpl.invoke0(Native Method)
	at sun.reflect.NativeMethodAccessorImpl.invoke(NativeMethodAccessorImpl.java:62)
	at sun.reflect.DelegatingMethodAccessorImpl.invoke(DelegatingMethodAccessorImpl.java:43)
	at java.lang.reflect.Method.invoke(Method.java:498)
	at org.eclipse.equinox.launcher.Main.invokeFramework(Main.java:653)
	at org.eclipse.equinox.launcher.Main.basicRun(Main.java:590)
	at org.eclipse.equinox.launcher.Main.run(Main.java:1499)
!SUBENTRY 2 org.eclipse.core.resources 4 567 2019-04-04 20:36:12.626
!MESSAGE The project description file (.project) for 'vaishali' is missing.  This file contains important information about the project.  The project will not function properly until this file is restored.

!ENTRY org.eclipse.egit.ui 2 0 2019-04-04 20:36:22.854
!MESSAGE Warning: The environment variable HOME is not set. The following directory will be used to store the Git
user global configuration and to define the default location to store repositories: 'C:\Users\KALON'. If this is
not correct please set the HOME environment variable and restart Eclipse. Otherwise Git for Windows and
EGit might behave differently since they see different configuration options.
This warning can be switched off on the Team > Git > Confirmations and Warnings preference page.

!ENTRY org.testng.eclipse 1 0 2019-04-04 20:39:27.439
!MESSAGE [TestNGLaunchShortcut] Examining Java element:LoginFeature.java [in Tests [in src [in AutomationPro1]]]
  package Tests
  import Data.TestData.LoginData
  import Data.TestData.HomePageData
  import Pages.LoginPage
  import Pages.HomePage
  import Configuration.Configuration
  import org.testng.annotations.Test
  class LoginFeature
    void testLoginSuccess()
    void testLoginFailure1()
    void testLoginFailure2()
    void testLoginFailure3()

!ENTRY org.testng.eclipse 1 0 2019-04-04 20:39:32.106
!MESSAGE [TestNGLaunchConfigurationDelegate] Launching:
  Classpath: G:\eclipse\plugins\org.testng.eclipse_6.9.13.201609291640\lib\testng-remote.jar G:\eclipse\plugins\org.testng.eclipse_6.9.13.201609291640\lib\testng.jar G:\eclipse\plugins\org.testng.eclipse_6.9.13.201609291640\lib\jcommander.jar G:\eclipse\plugins\org.testng.eclipse_6.9.13.201609291640\lib\bsh-2.0b4.jar G:\eclipse\plugins\org.testng.eclipse_6.9.13.201609291640\lib\snakeyaml.jar G:\eclipse\plugins\org.junit_4.12.0.v201504281640\junit.jar G:\eclipse\plugins\org.hamcrest.core_1.3.0.v201303031735.jar F:\calibre_code_intern\AutomationPro1\bin F:\calibre_code_intern\selenium-java-3.141.59\client-combined-3.141.59.jar F:\calibre_code_intern\selenium-java-3.141.59\client-combined-3.141.59-sources.jar F:\calibre_code_intern\selenium-java-3.141.59\libs\byte-buddy-1.8.15.jar F:\calibre_code_intern\selenium-java-3.141.59\libs\commons-exec-1.3.jar F:\calibre_code_intern\selenium-java-3.141.59\libs\guava-25.0-jre.jar F:\calibre_code_intern\selenium-java-3.141.59\libs\okhttp-3.11.0.jar F:\calibre_code_intern\selenium-java-3.141.59\libs\okio-1.14.0.jar
  VMArgs:    -ea
  Class:     org.testng.remote.RemoteTestNG
  Args:      -serport 10898 -protocol json -d F:\calibre_code_intern\AutomationPro1\test-output C:\Users\KALON\AppData\Local\Temp\testng-eclipse--947867256\testng-customsuite.xml
java -ea -classpath G:\eclipse\plugins\org.testng.eclipse_6.9.13.201609291640\lib\testng-remote.jar:G:\eclipse\plugins\org.testng.eclipse_6.9.13.201609291640\lib\testng.jar:G:\eclipse\plugins\org.testng.eclipse_6.9.13.201609291640\lib\jcommander.jar:G:\eclipse\plugins\org.testng.eclipse_6.9.13.201609291640\lib\bsh-2.0b4.jar:G:\eclipse\plugins\org.testng.eclipse_6.9.13.201609291640\lib\snakeyaml.jar:G:\eclipse\plugins\org.junit_4.12.0.v201504281640\junit.jar:G:\eclipse\plugins\org.hamcrest.core_1.3.0.v201303031735.jar:F:\calibre_code_intern\AutomationPro1\bin:F:\calibre_code_intern\selenium-java-3.141.59\client-combined-3.141.59.jar:F:\calibre_code_intern\selenium-java-3.141.59\client-combined-3.141.59-sources.jar:F:\calibre_code_intern\selenium-java-3.141.59\libs\byte-buddy-1.8.15.jar:F:\calibre_code_intern\selenium-java-3.141.59\libs\commons-exec-1.3.jar:F:\calibre_code_intern\selenium-java-3.141.59\libs\guava-25.0-jre.jar:F:\calibre_code_intern\selenium-java-3.141.59\libs\okhttp-3.11.0.jar:F:\calibre_code_intern\selenium-java-3.141.59\libs\okio-1.14.0.jar org.testng.remote.RemoteTestNG -serport 10898 -protocol json -d F:\calibre_code_intern\AutomationPro1\test-output C:\Users\KALON\AppData\Local\Temp\testng-eclipse--947867256\testng-customsuite.xml

!ENTRY org.testng.eclipse 1 0 2019-04-04 20:40:48.165
!MESSAGE [TestNGLaunchShortcut] Examining Java element:HomeFeatures.java [in Tests [in src [in AutomationPro1]]]
  package Tests
  import Data.TestData.LoginData
  import Data.TestData.HomePageData
  import Data.TestData.EmployeePageData
  import Pages.LoginPage
  import Pages.HomePage
  import Pages.EmployeePage
  import Configuration.Configuration
  import org.testng.annotations.Test
  class HomeFeatures
    void testPlusSuccess()

!ENTRY org.testng.eclipse 1 0 2019-04-04 20:40:48.360
!MESSAGE [TestNGLaunchConfigurationDelegate] Launching:
  Classpath: G:\eclipse\plugins\org.testng.eclipse_6.9.13.201609291640\lib\testng-remote.jar G:\eclipse\plugins\org.testng.eclipse_6.9.13.201609291640\lib\testng.jar G:\eclipse\plugins\org.testng.eclipse_6.9.13.201609291640\lib\jcommander.jar G:\eclipse\plugins\org.testng.eclipse_6.9.13.201609291640\lib\bsh-2.0b4.jar G:\eclipse\plugins\org.testng.eclipse_6.9.13.201609291640\lib\snakeyaml.jar G:\eclipse\plugins\org.junit_4.12.0.v201504281640\junit.jar G:\eclipse\plugins\org.hamcrest.core_1.3.0.v201303031735.jar F:\calibre_code_intern\AutomationPro1\bin F:\calibre_code_intern\selenium-java-3.141.59\client-combined-3.141.59.jar F:\calibre_code_intern\selenium-java-3.141.59\client-combined-3.141.59-sources.jar F:\calibre_code_intern\selenium-java-3.141.59\libs\byte-buddy-1.8.15.jar F:\calibre_code_intern\selenium-java-3.141.59\libs\commons-exec-1.3.jar F:\calibre_code_intern\selenium-java-3.141.59\libs\guava-25.0-jre.jar F:\calibre_code_intern\selenium-java-3.141.59\libs\okhttp-3.11.0.jar F:\calibre_code_intern\selenium-java-3.141.59\libs\okio-1.14.0.jar
  VMArgs:    -ea
  Class:     org.testng.remote.RemoteTestNG
  Args:      -serport 11026 -protocol json -d F:\calibre_code_intern\AutomationPro1\test-output C:\Users\KALON\AppData\Local\Temp\testng-eclipse-1418493365\testng-customsuite.xml
java -ea -classpath G:\eclipse\plugins\org.testng.eclipse_6.9.13.201609291640\lib\testng-remote.jar:G:\eclipse\plugins\org.testng.eclipse_6.9.13.201609291640\lib\testng.jar:G:\eclipse\plugins\org.testng.eclipse_6.9.13.201609291640\lib\jcommander.jar:G:\eclipse\plugins\org.testng.eclipse_6.9.13.201609291640\lib\bsh-2.0b4.jar:G:\eclipse\plugins\org.testng.eclipse_6.9.13.201609291640\lib\snakeyaml.jar:G:\eclipse\plugins\org.junit_4.12.0.v201504281640\junit.jar:G:\eclipse\plugins\org.hamcrest.core_1.3.0.v201303031735.jar:F:\calibre_code_intern\AutomationPro1\bin:F:\calibre_code_intern\selenium-java-3.141.59\client-combined-3.141.59.jar:F:\calibre_code_intern\selenium-java-3.141.59\client-combined-3.141.59-sources.jar:F:\calibre_code_intern\selenium-java-3.141.59\libs\byte-buddy-1.8.15.jar:F:\calibre_code_intern\selenium-java-3.141.59\libs\commons-exec-1.3.jar:F:\calibre_code_intern\selenium-java-3.141.59\libs\guava-25.0-jre.jar:F:\calibre_code_intern\selenium-java-3.141.59\libs\okhttp-3.11.0.jar:F:\calibre_code_intern\selenium-java-3.141.59\libs\okio-1.14.0.jar org.testng.remote.RemoteTestNG -serport 11026 -protocol json -d F:\calibre_code_intern\AutomationPro1\test-output C:\Users\KALON\AppData\Local\Temp\testng-eclipse-1418493365\testng-customsuite.xml

!ENTRY org.testng.eclipse 1 0 2019-04-04 20:43:02.054
!MESSAGE [TestNGLaunchShortcut] Examining Java element:HomeFeatures.java [in Tests [in src [in AutomationPro1]]]
  package Tests
  import Data.TestData.LoginData
  import Data.TestData.HomePageData
  import Data.TestData.EmployeePageData
  import Pages.LoginPage
  import Pages.HomePage
  import Pages.EmployeePage
  import Configuration.Configuration
  import org.testng.annotations.Test
  class HomeFeatures
    void testPlusSuccess()

!ENTRY org.testng.eclipse 1 0 2019-04-04 20:43:02.258
!MESSAGE [TestNGLaunchConfigurationDelegate] Launching:
  Classpath: G:\eclipse\plugins\org.testng.eclipse_6.9.13.201609291640\lib\testng-remote.jar G:\eclipse\plugins\org.testng.eclipse_6.9.13.201609291640\lib\testng.jar G:\eclipse\plugins\org.testng.eclipse_6.9.13.201609291640\lib\jcommander.jar G:\eclipse\plugins\org.testng.eclipse_6.9.13.201609291640\lib\bsh-2.0b4.jar G:\eclipse\plugins\org.testng.eclipse_6.9.13.201609291640\lib\snakeyaml.jar G:\eclipse\plugins\org.junit_4.12.0.v201504281640\junit.jar G:\eclipse\plugins\org.hamcrest.core_1.3.0.v201303031735.jar F:\calibre_code_intern\AutomationPro1\bin F:\calibre_code_intern\selenium-java-3.141.59\client-combined-3.141.59.jar F:\calibre_code_intern\selenium-java-3.141.59\client-combined-3.141.59-sources.jar F:\calibre_code_intern\selenium-java-3.141.59\libs\byte-buddy-1.8.15.jar F:\calibre_code_intern\selenium-java-3.141.59\libs\commons-exec-1.3.jar F:\calibre_code_intern\selenium-java-3.141.59\libs\guava-25.0-jre.jar F:\calibre_code_intern\selenium-java-3.141.59\libs\okhttp-3.11.0.jar F:\calibre_code_intern\selenium-java-3.141.59\libs\okio-1.14.0.jar
  VMArgs:    -ea
  Class:     org.testng.remote.RemoteTestNG
  Args:      -serport 11183 -protocol json -d F:\calibre_code_intern\AutomationPro1\test-output C:\Users\KALON\AppData\Local\Temp\testng-eclipse--1569715069\testng-customsuite.xml
java -ea -classpath G:\eclipse\plugins\org.testng.eclipse_6.9.13.201609291640\lib\testng-remote.jar:G:\eclipse\plugins\org.testng.eclipse_6.9.13.201609291640\lib\testng.jar:G:\eclipse\plugins\org.testng.eclipse_6.9.13.201609291640\lib\jcommander.jar:G:\eclipse\plugins\org.testng.eclipse_6.9.13.201609291640\lib\bsh-2.0b4.jar:G:\eclipse\plugins\org.testng.eclipse_6.9.13.201609291640\lib\snakeyaml.jar:G:\eclipse\plugins\org.junit_4.12.0.v201504281640\junit.jar:G:\eclipse\plugins\org.hamcrest.core_1.3.0.v201303031735.jar:F:\calibre_code_intern\AutomationPro1\bin:F:\calibre_code_intern\selenium-java-3.141.59\client-combined-3.141.59.jar:F:\calibre_code_intern\selenium-java-3.141.59\client-combined-3.141.59-sources.jar:F:\calibre_code_intern\selenium-java-3.141.59\libs\byte-buddy-1.8.15.jar:F:\calibre_code_intern\selenium-java-3.141.59\libs\commons-exec-1.3.jar:F:\calibre_code_intern\selenium-java-3.141.59\libs\guava-25.0-jre.jar:F:\calibre_code_intern\selenium-java-3.141.59\libs\okhttp-3.11.0.jar:F:\calibre_code_intern\selenium-java-3.141.59\libs\okio-1.14.0.jar org.testng.remote.RemoteTestNG -serport 11183 -protocol json -d F:\calibre_code_intern\AutomationPro1\test-output C:\Users\KALON\AppData\Local\Temp\testng-eclipse--1569715069\testng-customsuite.xml

!ENTRY org.testng.eclipse 1 0 2019-04-04 20:43:38.770
!MESSAGE [TestNGLaunchShortcut] Examining Java element:ChangePasswordFeatures.java [in Tests [in src [in AutomationPro1]]]
  package Tests
  import Data.TestData.LoginData
  import Data.TestData.HomePageData
  import Data.TestData.EmployeePageData
  import Data.TestData.LandingPageData
  import Data.TestData.ChangePasswordData
  import Pages.LoginPage
  import Pages.HomePage
  import Pages.EmployeePage
  import Pages.LandingPage
  import Pages.ChangePasswordPage
  import Configuration.Configuration
  import org.testng.annotations.Test
  class ChangePasswordFeatures
    void testChangePasswordSuccess()

!ENTRY org.testng.eclipse 1 0 2019-04-04 20:43:38.954
!MESSAGE [TestNGLaunchConfigurationDelegate] Launching:
  Classpath: G:\eclipse\plugins\org.testng.eclipse_6.9.13.201609291640\lib\testng-remote.jar G:\eclipse\plugins\org.testng.eclipse_6.9.13.201609291640\lib\testng.jar G:\eclipse\plugins\org.testng.eclipse_6.9.13.201609291640\lib\jcommander.jar G:\eclipse\plugins\org.testng.eclipse_6.9.13.201609291640\lib\bsh-2.0b4.jar G:\eclipse\plugins\org.testng.eclipse_6.9.13.201609291640\lib\snakeyaml.jar G:\eclipse\plugins\org.junit_4.12.0.v201504281640\junit.jar G:\eclipse\plugins\org.hamcrest.core_1.3.0.v201303031735.jar F:\calibre_code_intern\AutomationPro1\bin F:\calibre_code_intern\selenium-java-3.141.59\client-combined-3.141.59.jar F:\calibre_code_intern\selenium-java-3.141.59\client-combined-3.141.59-sources.jar F:\calibre_code_intern\selenium-java-3.141.59\libs\byte-buddy-1.8.15.jar F:\calibre_code_intern\selenium-java-3.141.59\libs\commons-exec-1.3.jar F:\calibre_code_intern\selenium-java-3.141.59\libs\guava-25.0-jre.jar F:\calibre_code_intern\selenium-java-3.141.59\libs\okhttp-3.11.0.jar F:\calibre_code_intern\selenium-java-3.141.59\libs\okio-1.14.0.jar
  VMArgs:    -ea
  Class:     org.testng.remote.RemoteTestNG
  Args:      -serport 11273 -protocol json -d F:\calibre_code_intern\AutomationPro1\test-output C:\Users\KALON\AppData\Local\Temp\testng-eclipse--1771262196\testng-customsuite.xml
java -ea -classpath G:\eclipse\plugins\org.testng.eclipse_6.9.13.201609291640\lib\testng-remote.jar:G:\eclipse\plugins\org.testng.eclipse_6.9.13.201609291640\lib\testng.jar:G:\eclipse\plugins\org.testng.eclipse_6.9.13.201609291640\lib\jcommander.jar:G:\eclipse\plugins\org.testng.eclipse_6.9.13.201609291640\lib\bsh-2.0b4.jar:G:\eclipse\plugins\org.testng.eclipse_6.9.13.201609291640\lib\snakeyaml.jar:G:\eclipse\plugins\org.junit_4.12.0.v201504281640\junit.jar:G:\eclipse\plugins\org.hamcrest.core_1.3.0.v201303031735.jar:F:\calibre_code_intern\AutomationPro1\bin:F:\calibre_code_intern\selenium-java-3.141.59\client-combined-3.141.59.jar:F:\calibre_code_intern\selenium-java-3.141.59\client-combined-3.141.59-sources.jar:F:\calibre_code_intern\selenium-java-3.141.59\libs\byte-buddy-1.8.15.jar:F:\calibre_code_intern\selenium-java-3.141.59\libs\commons-exec-1.3.jar:F:\calibre_code_intern\selenium-java-3.141.59\libs\guava-25.0-jre.jar:F:\calibre_code_intern\selenium-java-3.141.59\libs\okhttp-3.11.0.jar:F:\calibre_code_intern\selenium-java-3.141.59\libs\okio-1.14.0.jar org.testng.remote.RemoteTestNG -serport 11273 -protocol json -d F:\calibre_code_intern\AutomationPro1\test-output C:\Users\KALON\AppData\Local\Temp\testng-eclipse--1771262196\testng-customsuite.xml

!ENTRY org.testng.eclipse 4 2 2019-04-04 20:44:12.439
!MESSAGE Problems occurred when invoking code from plug-in: "org.testng.eclipse".
!STACK 0
org.eclipse.swt.SWTException: Widget is disposed
	at org.eclipse.swt.SWT.error(SWT.java:4533)
	at org.eclipse.swt.SWT.error(SWT.java:4448)
	at org.eclipse.swt.SWT.error(SWT.java:4419)
	at org.eclipse.swt.widgets.Widget.error(Widget.java:482)
	at org.eclipse.swt.widgets.Widget.getDisplay(Widget.java:596)
	at org.testng.eclipse.ui.summary.SummaryTab.setExcludedMethodsModel(SummaryTab.java:451)
	at org.testng.eclipse.ui.TestRunnerViewPart.onFinish(TestRunnerViewPart.java:1325)
	at org.testng.eclipse.ui.SuiteRunInfo.onFinish(SuiteRunInfo.java:104)
	at org.testng.eclipse.ui.EclipseTestRunnerClient$3.run(EclipseTestRunnerClient.java:68)
	at org.eclipse.core.runtime.SafeRunner.run(SafeRunner.java:42)
	at org.testng.eclipse.ui.EclipseTestRunnerClient.notifySuiteEvents(EclipseTestRunnerClient.java:62)
	at org.testng.remote.strprotocol.AbstractRemoteTestRunnerClient$ServerConnection.run(AbstractRemoteTestRunnerClient.java:185)

!ENTRY org.testng.eclipse 4 4 2019-04-04 20:44:12.440
!MESSAGE Error
!STACK 0
org.eclipse.swt.SWTException: Widget is disposed
	at org.eclipse.swt.SWT.error(SWT.java:4533)
	at org.eclipse.swt.SWT.error(SWT.java:4448)
	at org.eclipse.swt.SWT.error(SWT.java:4419)
	at org.eclipse.swt.widgets.Widget.error(Widget.java:482)
	at org.eclipse.swt.widgets.Widget.getDisplay(Widget.java:596)
	at org.testng.eclipse.ui.summary.SummaryTab.setExcludedMethodsModel(SummaryTab.java:451)
	at org.testng.eclipse.ui.TestRunnerViewPart.onFinish(TestRunnerViewPart.java:1325)
	at org.testng.eclipse.ui.SuiteRunInfo.onFinish(SuiteRunInfo.java:104)
	at org.testng.eclipse.ui.EclipseTestRunnerClient$3.run(EclipseTestRunnerClient.java:68)
	at org.eclipse.core.runtime.SafeRunner.run(SafeRunner.java:42)
	at org.testng.eclipse.ui.EclipseTestRunnerClient.notifySuiteEvents(EclipseTestRunnerClient.java:62)
	at org.testng.remote.strprotocol.AbstractRemoteTestRunnerClient$ServerConnection.run(AbstractRemoteTestRunnerClient.java:185)
!SESSION 2019-04-05 09:00:12.676 -----------------------------------------------
eclipse.buildId=4.7.0.I20170612-0950
java.version=1.8.0_144
java.vendor=Oracle Corporation
BootLoader constants: OS=win32, ARCH=x86_64, WS=win32, NL=en_IN
Framework arguments:  -product org.eclipse.epp.package.java.product
Command-line arguments:  -os win32 -ws win32 -arch x86_64 -product org.eclipse.epp.package.java.product

!ENTRY org.eclipse.egit.ui 2 0 2019-04-05 09:00:50.397
!MESSAGE Warning: The environment variable HOME is not set. The following directory will be used to store the Git
user global configuration and to define the default location to store repositories: 'C:\Users\KALON'. If this is
not correct please set the HOME environment variable and restart Eclipse. Otherwise Git for Windows and
EGit might behave differently since they see different configuration options.
This warning can be switched off on the Team > Git > Confirmations and Warnings preference page.

!ENTRY org.eclipse.oomph.setup.core 2 0 2019-04-05 09:00:55.599
!MESSAGE The Eclipse Git-hosted URI 'http://git.eclipse.org/c/oomph/org.eclipse.oomph.git/plain/setups/org.eclipse.setup' is blocked for direct access.
Please open a Bugzilla to add it to an official Oomph catalog.
For initial testing, use the file system local version of the resource.
Alternatively, run the setup archiver application as follows:
  G:\eclipse\eclipsec.exe -application org.eclipse.oomph.setup.core.SetupArchiver -consoleLog -noSplash -uris http://git.eclipse.org/c/oomph/org.eclipse.oomph.git/plain/setups/org.eclipse.setup

!ENTRY org.testng.eclipse 1 0 2019-04-05 09:17:14.774
!MESSAGE [TestNGLaunchShortcut] Examining Java element:[Working copy] LandingFeature.java [in Tests [in src [in AutomationPro1]]]
  package Tests
  import Data.TestData.LoginData
  import Data.TestData.HomePageData
  import Data.TestData.EmployeePageData
  import Data.TestData.LandingPageData
  import Pages.LoginPage
  import Pages.HomePage
  import Pages.EmployeePage
  import Pages.LandingPage
  import Configuration.Configuration
  import org.testng.annotations.Test
  class LandingFeature
    void testLogOutSuccess()

!ENTRY org.testng.eclipse 1 0 2019-04-05 09:17:16.148
!MESSAGE [TestNGLaunchConfigurationDelegate] Launching:
  Classpath: G:\eclipse\plugins\org.testng.eclipse_6.9.13.201609291640\lib\testng-remote.jar G:\eclipse\plugins\org.testng.eclipse_6.9.13.201609291640\lib\testng.jar G:\eclipse\plugins\org.testng.eclipse_6.9.13.201609291640\lib\jcommander.jar G:\eclipse\plugins\org.testng.eclipse_6.9.13.201609291640\lib\bsh-2.0b4.jar G:\eclipse\plugins\org.testng.eclipse_6.9.13.201609291640\lib\snakeyaml.jar G:\eclipse\plugins\org.junit_4.12.0.v201504281640\junit.jar G:\eclipse\plugins\org.hamcrest.core_1.3.0.v201303031735.jar F:\calibre_code_intern\AutomationPro1\bin F:\calibre_code_intern\selenium-java-3.141.59\client-combined-3.141.59.jar F:\calibre_code_intern\selenium-java-3.141.59\client-combined-3.141.59-sources.jar F:\calibre_code_intern\selenium-java-3.141.59\libs\byte-buddy-1.8.15.jar F:\calibre_code_intern\selenium-java-3.141.59\libs\commons-exec-1.3.jar F:\calibre_code_intern\selenium-java-3.141.59\libs\guava-25.0-jre.jar F:\calibre_code_intern\selenium-java-3.141.59\libs\okhttp-3.11.0.jar F:\calibre_code_intern\selenium-java-3.141.59\libs\okio-1.14.0.jar
  VMArgs:    -ea
  Class:     org.testng.remote.RemoteTestNG
  Args:      -serport 13003 -protocol json -d F:\calibre_code_intern\AutomationPro1\test-output C:\Users\KALON\AppData\Local\Temp\testng-eclipse--492288527\testng-customsuite.xml
java -ea -classpath G:\eclipse\plugins\org.testng.eclipse_6.9.13.201609291640\lib\testng-remote.jar:G:\eclipse\plugins\org.testng.eclipse_6.9.13.201609291640\lib\testng.jar:G:\eclipse\plugins\org.testng.eclipse_6.9.13.201609291640\lib\jcommander.jar:G:\eclipse\plugins\org.testng.eclipse_6.9.13.201609291640\lib\bsh-2.0b4.jar:G:\eclipse\plugins\org.testng.eclipse_6.9.13.201609291640\lib\snakeyaml.jar:G:\eclipse\plugins\org.junit_4.12.0.v201504281640\junit.jar:G:\eclipse\plugins\org.hamcrest.core_1.3.0.v201303031735.jar:F:\calibre_code_intern\AutomationPro1\bin:F:\calibre_code_intern\selenium-java-3.141.59\client-combined-3.141.59.jar:F:\calibre_code_intern\selenium-java-3.141.59\client-combined-3.141.59-sources.jar:F:\calibre_code_intern\selenium-java-3.141.59\libs\byte-buddy-1.8.15.jar:F:\calibre_code_intern\selenium-java-3.141.59\libs\commons-exec-1.3.jar:F:\calibre_code_intern\selenium-java-3.141.59\libs\guava-25.0-jre.jar:F:\calibre_code_intern\selenium-java-3.141.59\libs\okhttp-3.11.0.jar:F:\calibre_code_intern\selenium-java-3.141.59\libs\okio-1.14.0.jar org.testng.remote.RemoteTestNG -serport 13003 -protocol json -d F:\calibre_code_intern\AutomationPro1\test-output C:\Users\KALON\AppData\Local\Temp\testng-eclipse--492288527\testng-customsuite.xml

!ENTRY org.testng.eclipse 1 0 2019-04-05 11:02:05.081
!MESSAGE [TestNGLaunchShortcut] Examining Java element:[Working copy] ChangePasswordFeatures.java [in Tests [in src [in AutomationPro1]]]
  package Tests
  import Data.TestData.LoginData
  import Data.TestData.HomePageData
  import Data.TestData.EmployeePageData
  import Data.TestData.LandingPageData
  import Data.TestData.ChangePasswordData
  import Pages.LoginPage
  import Pages.HomePage
  import Pages.EmployeePage
  import Pages.LandingPage
  import Pages.ChangePasswordPage
  import Configuration.Configuration
  import org.testng.annotations.Test
  class ChangePasswordFeatures
    void testChangePasswordSuccess()

!ENTRY org.testng.eclipse 1 0 2019-04-05 11:02:05.410
!MESSAGE [TestNGLaunchConfigurationDelegate] Launching:
  Classpath: G:\eclipse\plugins\org.testng.eclipse_6.9.13.201609291640\lib\testng-remote.jar G:\eclipse\plugins\org.testng.eclipse_6.9.13.201609291640\lib\testng.jar G:\eclipse\plugins\org.testng.eclipse_6.9.13.201609291640\lib\jcommander.jar G:\eclipse\plugins\org.testng.eclipse_6.9.13.201609291640\lib\bsh-2.0b4.jar G:\eclipse\plugins\org.testng.eclipse_6.9.13.201609291640\lib\snakeyaml.jar G:\eclipse\plugins\org.junit_4.12.0.v201504281640\junit.jar G:\eclipse\plugins\org.hamcrest.core_1.3.0.v201303031735.jar F:\calibre_code_intern\AutomationPro1\bin F:\calibre_code_intern\selenium-java-3.141.59\client-combined-3.141.59.jar F:\calibre_code_intern\selenium-java-3.141.59\client-combined-3.141.59-sources.jar F:\calibre_code_intern\selenium-java-3.141.59\libs\byte-buddy-1.8.15.jar F:\calibre_code_intern\selenium-java-3.141.59\libs\commons-exec-1.3.jar F:\calibre_code_intern\selenium-java-3.141.59\libs\guava-25.0-jre.jar F:\calibre_code_intern\selenium-java-3.141.59\libs\okhttp-3.11.0.jar F:\calibre_code_intern\selenium-java-3.141.59\libs\okio-1.14.0.jar
  VMArgs:    -ea
  Class:     org.testng.remote.RemoteTestNG
  Args:      -serport 19960 -protocol json -d F:\calibre_code_intern\AutomationPro1\test-output C:\Users\KALON\AppData\Local\Temp\testng-eclipse-786025679\testng-customsuite.xml
java -ea -classpath G:\eclipse\plugins\org.testng.eclipse_6.9.13.201609291640\lib\testng-remote.jar:G:\eclipse\plugins\org.testng.eclipse_6.9.13.201609291640\lib\testng.jar:G:\eclipse\plugins\org.testng.eclipse_6.9.13.201609291640\lib\jcommander.jar:G:\eclipse\plugins\org.testng.eclipse_6.9.13.201609291640\lib\bsh-2.0b4.jar:G:\eclipse\plugins\org.testng.eclipse_6.9.13.201609291640\lib\snakeyaml.jar:G:\eclipse\plugins\org.junit_4.12.0.v201504281640\junit.jar:G:\eclipse\plugins\org.hamcrest.core_1.3.0.v201303031735.jar:F:\calibre_code_intern\AutomationPro1\bin:F:\calibre_code_intern\selenium-java-3.141.59\client-combined-3.141.59.jar:F:\calibre_code_intern\selenium-java-3.141.59\client-combined-3.141.59-sources.jar:F:\calibre_code_intern\selenium-java-3.141.59\libs\byte-buddy-1.8.15.jar:F:\calibre_code_intern\selenium-java-3.141.59\libs\commons-exec-1.3.jar:F:\calibre_code_intern\selenium-java-3.141.59\libs\guava-25.0-jre.jar:F:\calibre_code_intern\selenium-java-3.141.59\libs\okhttp-3.11.0.jar:F:\calibre_code_intern\selenium-java-3.141.59\libs\okio-1.14.0.jar org.testng.remote.RemoteTestNG -serport 19960 -protocol json -d F:\calibre_code_intern\AutomationPro1\test-output C:\Users\KALON\AppData\Local\Temp\testng-eclipse-786025679\testng-customsuite.xml

!ENTRY org.testng.eclipse 1 0 2019-04-05 11:05:03.469
!MESSAGE [TestNGLaunchShortcut] Examining Java element:[Working copy] ChangePasswordFeatures.java [in Tests [in src [in AutomationPro1]]]
  package Tests
  import Data.TestData.LoginData
  import Data.TestData.HomePageData
  import Data.TestData.EmployeePageData
  import Data.TestData.LandingPageData
  import Data.TestData.ChangePasswordData
  import Pages.LoginPage
  import Pages.HomePage
  import Pages.EmployeePage
  import Pages.LandingPage
  import Pages.ChangePasswordPage
  import Configuration.Configuration
  import org.testng.annotations.Test
  class ChangePasswordFeatures
    void testChangePasswordSuccess()

!ENTRY org.testng.eclipse 1 0 2019-04-05 11:05:24.898
!MESSAGE [TestNGLaunchShortcut] Examining Java element:[Working copy] ChangePasswordFeatures.java [in Tests [in src [in AutomationPro1]]]
  package Tests
  import Data.TestData.LoginData
  import Data.TestData.HomePageData
  import Data.TestData.EmployeePageData
  import Data.TestData.LandingPageData
  import Data.TestData.ChangePasswordData
  import Pages.LoginPage
  import Pages.HomePage
  import Pages.EmployeePage
  import Pages.LandingPage
  import Pages.ChangePasswordPage
  import Configuration.Configuration
  import org.testng.annotations.Test
  class ChangePasswordFeatures
    void testChangePasswordSuccess()

!ENTRY org.testng.eclipse 1 0 2019-04-05 11:05:24.972
!MESSAGE [TestNGLaunchConfigurationDelegate] Launching:
  Classpath: G:\eclipse\plugins\org.testng.eclipse_6.9.13.201609291640\lib\testng-remote.jar G:\eclipse\plugins\org.testng.eclipse_6.9.13.201609291640\lib\testng.jar G:\eclipse\plugins\org.testng.eclipse_6.9.13.201609291640\lib\jcommander.jar G:\eclipse\plugins\org.testng.eclipse_6.9.13.201609291640\lib\bsh-2.0b4.jar G:\eclipse\plugins\org.testng.eclipse_6.9.13.201609291640\lib\snakeyaml.jar G:\eclipse\plugins\org.junit_4.12.0.v201504281640\junit.jar G:\eclipse\plugins\org.hamcrest.core_1.3.0.v201303031735.jar F:\calibre_code_intern\AutomationPro1\bin F:\calibre_code_intern\selenium-java-3.141.59\client-combined-3.141.59.jar F:\calibre_code_intern\selenium-java-3.141.59\client-combined-3.141.59-sources.jar F:\calibre_code_intern\selenium-java-3.141.59\libs\byte-buddy-1.8.15.jar F:\calibre_code_intern\selenium-java-3.141.59\libs\commons-exec-1.3.jar F:\calibre_code_intern\selenium-java-3.141.59\libs\guava-25.0-jre.jar F:\calibre_code_intern\selenium-java-3.141.59\libs\okhttp-3.11.0.jar F:\calibre_code_intern\selenium-java-3.141.59\libs\okio-1.14.0.jar
  VMArgs:    -ea
  Class:     org.testng.remote.RemoteTestNG
  Args:      -serport 20197 -protocol json -d F:\calibre_code_intern\AutomationPro1\test-output C:\Users\KALON\AppData\Local\Temp\testng-eclipse-1182761447\testng-customsuite.xml
java -ea -classpath G:\eclipse\plugins\org.testng.eclipse_6.9.13.201609291640\lib\testng-remote.jar:G:\eclipse\plugins\org.testng.eclipse_6.9.13.201609291640\lib\testng.jar:G:\eclipse\plugins\org.testng.eclipse_6.9.13.201609291640\lib\jcommander.jar:G:\eclipse\plugins\org.testng.eclipse_6.9.13.201609291640\lib\bsh-2.0b4.jar:G:\eclipse\plugins\org.testng.eclipse_6.9.13.201609291640\lib\snakeyaml.jar:G:\eclipse\plugins\org.junit_4.12.0.v201504281640\junit.jar:G:\eclipse\plugins\org.hamcrest.core_1.3.0.v201303031735.jar:F:\calibre_code_intern\AutomationPro1\bin:F:\calibre_code_intern\selenium-java-3.141.59\client-combined-3.141.59.jar:F:\calibre_code_intern\selenium-java-3.141.59\client-combined-3.141.59-sources.jar:F:\calibre_code_intern\selenium-java-3.141.59\libs\byte-buddy-1.8.15.jar:F:\calibre_code_intern\selenium-java-3.141.59\libs\commons-exec-1.3.jar:F:\calibre_code_intern\selenium-java-3.141.59\libs\guava-25.0-jre.jar:F:\calibre_code_intern\selenium-java-3.141.59\libs\okhttp-3.11.0.jar:F:\calibre_code_intern\selenium-java-3.141.59\libs\okio-1.14.0.jar org.testng.remote.RemoteTestNG -serport 20197 -protocol json -d F:\calibre_code_intern\AutomationPro1\test-output C:\Users\KALON\AppData\Local\Temp\testng-eclipse-1182761447\testng-customsuite.xml

!ENTRY org.testng.eclipse 1 0 2019-04-05 12:24:14.022
!MESSAGE [TestNGLaunchShortcut] Examining Java element:[Working copy] HomeFeatures.java [in Tests [in src [in AutomationPro1]]]
  package Tests
  import Data.TestData.LoginData
  import Data.TestData.HomePageData
  import Data.TestData.EmployeePageData
  import Pages.LoginPage
  import Pages.HomePage
  import Pages.EmployeePage
  import Configuration.Configuration
  import org.testng.annotations.Test
  class HomeFeatures
    void testPlusSuccess()

!ENTRY org.testng.eclipse 1 0 2019-04-05 12:48:04.177
!MESSAGE [TestNGLaunchShortcut] Examining Java element:[Working copy] EmployeeFeatures.java [in Tests [in src [in AutomationPro1]]]
  package Tests
  import org.testng.annotations.Test
  import Configuration.Configuration
  import Data.TestData.EmployeePageData
  import Data.TestData.HomePageData
  import Data.TestData.LandingPageData
  import Data.TestData.LoginData
  import Pages.EmployeePage
  import Pages.HomePage
  import Pages.LandingPage
  import Pages.LoginPage
  class EmployeeFeatures
    void empPlusSuccess()

!ENTRY org.testng.eclipse 1 0 2019-04-05 12:48:04.266
!MESSAGE [TestNGLaunchConfigurationDelegate] Launching:
  Classpath: G:\eclipse\plugins\org.testng.eclipse_6.9.13.201609291640\lib\testng-remote.jar G:\eclipse\plugins\org.testng.eclipse_6.9.13.201609291640\lib\testng.jar G:\eclipse\plugins\org.testng.eclipse_6.9.13.201609291640\lib\jcommander.jar G:\eclipse\plugins\org.testng.eclipse_6.9.13.201609291640\lib\bsh-2.0b4.jar G:\eclipse\plugins\org.testng.eclipse_6.9.13.201609291640\lib\snakeyaml.jar G:\eclipse\plugins\org.junit_4.12.0.v201504281640\junit.jar G:\eclipse\plugins\org.hamcrest.core_1.3.0.v201303031735.jar F:\calibre_code_intern\AutomationPro1\bin F:\calibre_code_intern\selenium-java-3.141.59\client-combined-3.141.59.jar F:\calibre_code_intern\selenium-java-3.141.59\client-combined-3.141.59-sources.jar F:\calibre_code_intern\selenium-java-3.141.59\libs\byte-buddy-1.8.15.jar F:\calibre_code_intern\selenium-java-3.141.59\libs\commons-exec-1.3.jar F:\calibre_code_intern\selenium-java-3.141.59\libs\guava-25.0-jre.jar F:\calibre_code_intern\selenium-java-3.141.59\libs\okhttp-3.11.0.jar F:\calibre_code_intern\selenium-java-3.141.59\libs\okio-1.14.0.jar
  VMArgs:    -ea
  Class:     org.testng.remote.RemoteTestNG
  Args:      -serport 26125 -protocol json -d F:\calibre_code_intern\AutomationPro1\test-output C:\Users\KALON\AppData\Local\Temp\testng-eclipse--884252864\testng-customsuite.xml
java -ea -classpath G:\eclipse\plugins\org.testng.eclipse_6.9.13.201609291640\lib\testng-remote.jar:G:\eclipse\plugins\org.testng.eclipse_6.9.13.201609291640\lib\testng.jar:G:\eclipse\plugins\org.testng.eclipse_6.9.13.201609291640\lib\jcommander.jar:G:\eclipse\plugins\org.testng.eclipse_6.9.13.201609291640\lib\bsh-2.0b4.jar:G:\eclipse\plugins\org.testng.eclipse_6.9.13.201609291640\lib\snakeyaml.jar:G:\eclipse\plugins\org.junit_4.12.0.v201504281640\junit.jar:G:\eclipse\plugins\org.hamcrest.core_1.3.0.v201303031735.jar:F:\calibre_code_intern\AutomationPro1\bin:F:\calibre_code_intern\selenium-java-3.141.59\client-combined-3.141.59.jar:F:\calibre_code_intern\selenium-java-3.141.59\client-combined-3.141.59-sources.jar:F:\calibre_code_intern\selenium-java-3.141.59\libs\byte-buddy-1.8.15.jar:F:\calibre_code_intern\selenium-java-3.141.59\libs\commons-exec-1.3.jar:F:\calibre_code_intern\selenium-java-3.141.59\libs\guava-25.0-jre.jar:F:\calibre_code_intern\selenium-java-3.141.59\libs\okhttp-3.11.0.jar:F:\calibre_code_intern\selenium-java-3.141.59\libs\okio-1.14.0.jar org.testng.remote.RemoteTestNG -serport 26125 -protocol json -d F:\calibre_code_intern\AutomationPro1\test-output C:\Users\KALON\AppData\Local\Temp\testng-eclipse--884252864\testng-customsuite.xml

!ENTRY org.testng.eclipse 1 0 2019-04-05 12:49:28.637
!MESSAGE [TestNGLaunchShortcut] Examining Java element:[Working copy] HomeFeatures.java [in Tests [in src [in AutomationPro1]]]
  package Tests
  import Data.TestData.LoginData
  import Data.TestData.HomePageData
  import Data.TestData.EmployeePageData
  import Pages.LoginPage
  import Pages.HomePage
  import Pages.EmployeePage
  import Configuration.Configuration
  import org.testng.annotations.Test
  class HomeFeatures
    void testPlusSuccess()

!ENTRY org.testng.eclipse 1 0 2019-04-05 12:49:46.009
!MESSAGE [TestNGLaunchShortcut] Examining Java element:[Working copy] HomeFeatures.java [in Tests [in src [in AutomationPro1]]]
  package Tests
  import Data.TestData.LoginData
  import Data.TestData.HomePageData
  import Data.TestData.EmployeePageData
  import Pages.LoginPage
  import Pages.HomePage
  import Pages.EmployeePage
  import Configuration.Configuration
  import org.testng.annotations.Test
  class HomeFeatures
    void testPlusSuccess()

!ENTRY org.testng.eclipse 1 0 2019-04-05 12:49:46.113
!MESSAGE [TestNGLaunchConfigurationDelegate] Launching:
  Classpath: G:\eclipse\plugins\org.testng.eclipse_6.9.13.201609291640\lib\testng-remote.jar G:\eclipse\plugins\org.testng.eclipse_6.9.13.201609291640\lib\testng.jar G:\eclipse\plugins\org.testng.eclipse_6.9.13.201609291640\lib\jcommander.jar G:\eclipse\plugins\org.testng.eclipse_6.9.13.201609291640\lib\bsh-2.0b4.jar G:\eclipse\plugins\org.testng.eclipse_6.9.13.201609291640\lib\snakeyaml.jar G:\eclipse\plugins\org.junit_4.12.0.v201504281640\junit.jar G:\eclipse\plugins\org.hamcrest.core_1.3.0.v201303031735.jar F:\calibre_code_intern\AutomationPro1\bin F:\calibre_code_intern\selenium-java-3.141.59\client-combined-3.141.59.jar F:\calibre_code_intern\selenium-java-3.141.59\client-combined-3.141.59-sources.jar F:\calibre_code_intern\selenium-java-3.141.59\libs\byte-buddy-1.8.15.jar F:\calibre_code_intern\selenium-java-3.141.59\libs\commons-exec-1.3.jar F:\calibre_code_intern\selenium-java-3.141.59\libs\guava-25.0-jre.jar F:\calibre_code_intern\selenium-java-3.141.59\libs\okhttp-3.11.0.jar F:\calibre_code_intern\selenium-java-3.141.59\libs\okio-1.14.0.jar
  VMArgs:    -ea
  Class:     org.testng.remote.RemoteTestNG
  Args:      -serport 26281 -protocol json -d F:\calibre_code_intern\AutomationPro1\test-output C:\Users\KALON\AppData\Local\Temp\testng-eclipse-1815330954\testng-customsuite.xml
java -ea -classpath G:\eclipse\plugins\org.testng.eclipse_6.9.13.201609291640\lib\testng-remote.jar:G:\eclipse\plugins\org.testng.eclipse_6.9.13.201609291640\lib\testng.jar:G:\eclipse\plugins\org.testng.eclipse_6.9.13.201609291640\lib\jcommander.jar:G:\eclipse\plugins\org.testng.eclipse_6.9.13.201609291640\lib\bsh-2.0b4.jar:G:\eclipse\plugins\org.testng.eclipse_6.9.13.201609291640\lib\snakeyaml.jar:G:\eclipse\plugins\org.junit_4.12.0.v201504281640\junit.jar:G:\eclipse\plugins\org.hamcrest.core_1.3.0.v201303031735.jar:F:\calibre_code_intern\AutomationPro1\bin:F:\calibre_code_intern\selenium-java-3.141.59\client-combined-3.141.59.jar:F:\calibre_code_intern\selenium-java-3.141.59\client-combined-3.141.59-sources.jar:F:\calibre_code_intern\selenium-java-3.141.59\libs\byte-buddy-1.8.15.jar:F:\calibre_code_intern\selenium-java-3.141.59\libs\commons-exec-1.3.jar:F:\calibre_code_intern\selenium-java-3.141.59\libs\guava-25.0-jre.jar:F:\calibre_code_intern\selenium-java-3.141.59\libs\okhttp-3.11.0.jar:F:\calibre_code_intern\selenium-java-3.141.59\libs\okio-1.14.0.jar org.testng.remote.RemoteTestNG -serport 26281 -protocol json -d F:\calibre_code_intern\AutomationPro1\test-output C:\Users\KALON\AppData\Local\Temp\testng-eclipse-1815330954\testng-customsuite.xml

!ENTRY org.testng.eclipse 1 0 2019-04-05 12:50:19.879
!MESSAGE [TestNGLaunchShortcut] Examining Java element:[Working copy] LoginFeature.java [in Tests [in src [in AutomationPro1]]]
  package Tests
  import Data.TestData.LoginData
  import Data.TestData.HomePageData
  import Pages.LoginPage
  import Pages.HomePage
  import Configuration.Configuration
  import org.testng.annotations.Test
  class LoginFeature
    void testLoginSuccess()
    void testLoginFailure1()
    void testLoginFailure2()
    void testLoginFailure3()

!ENTRY org.testng.eclipse 1 0 2019-04-05 12:50:20.214
!MESSAGE [TestNGLaunchConfigurationDelegate] Launching:
  Classpath: G:\eclipse\plugins\org.testng.eclipse_6.9.13.201609291640\lib\testng-remote.jar G:\eclipse\plugins\org.testng.eclipse_6.9.13.201609291640\lib\testng.jar G:\eclipse\plugins\org.testng.eclipse_6.9.13.201609291640\lib\jcommander.jar G:\eclipse\plugins\org.testng.eclipse_6.9.13.201609291640\lib\bsh-2.0b4.jar G:\eclipse\plugins\org.testng.eclipse_6.9.13.201609291640\lib\snakeyaml.jar G:\eclipse\plugins\org.junit_4.12.0.v201504281640\junit.jar G:\eclipse\plugins\org.hamcrest.core_1.3.0.v201303031735.jar F:\calibre_code_intern\AutomationPro1\bin F:\calibre_code_intern\selenium-java-3.141.59\client-combined-3.141.59.jar F:\calibre_code_intern\selenium-java-3.141.59\client-combined-3.141.59-sources.jar F:\calibre_code_intern\selenium-java-3.141.59\libs\byte-buddy-1.8.15.jar F:\calibre_code_intern\selenium-java-3.141.59\libs\commons-exec-1.3.jar F:\calibre_code_intern\selenium-java-3.141.59\libs\guava-25.0-jre.jar F:\calibre_code_intern\selenium-java-3.141.59\libs\okhttp-3.11.0.jar F:\calibre_code_intern\selenium-java-3.141.59\libs\okio-1.14.0.jar
  VMArgs:    -ea
  Class:     org.testng.remote.RemoteTestNG
  Args:      -serport 26353 -protocol json -d F:\calibre_code_intern\AutomationPro1\test-output C:\Users\KALON\AppData\Local\Temp\testng-eclipse-1788059755\testng-customsuite.xml
java -ea -classpath G:\eclipse\plugins\org.testng.eclipse_6.9.13.201609291640\lib\testng-remote.jar:G:\eclipse\plugins\org.testng.eclipse_6.9.13.201609291640\lib\testng.jar:G:\eclipse\plugins\org.testng.eclipse_6.9.13.201609291640\lib\jcommander.jar:G:\eclipse\plugins\org.testng.eclipse_6.9.13.201609291640\lib\bsh-2.0b4.jar:G:\eclipse\plugins\org.testng.eclipse_6.9.13.201609291640\lib\snakeyaml.jar:G:\eclipse\plugins\org.junit_4.12.0.v201504281640\junit.jar:G:\eclipse\plugins\org.hamcrest.core_1.3.0.v201303031735.jar:F:\calibre_code_intern\AutomationPro1\bin:F:\calibre_code_intern\selenium-java-3.141.59\client-combined-3.141.59.jar:F:\calibre_code_intern\selenium-java-3.141.59\client-combined-3.141.59-sources.jar:F:\calibre_code_intern\selenium-java-3.141.59\libs\byte-buddy-1.8.15.jar:F:\calibre_code_intern\selenium-java-3.141.59\libs\commons-exec-1.3.jar:F:\calibre_code_intern\selenium-java-3.141.59\libs\guava-25.0-jre.jar:F:\calibre_code_intern\selenium-java-3.141.59\libs\okhttp-3.11.0.jar:F:\calibre_code_intern\selenium-java-3.141.59\libs\okio-1.14.0.jar org.testng.remote.RemoteTestNG -serport 26353 -protocol json -d F:\calibre_code_intern\AutomationPro1\test-output C:\Users\KALON\AppData\Local\Temp\testng-eclipse-1788059755\testng-customsuite.xml

!ENTRY org.testng.eclipse 1 0 2019-04-05 12:51:38.626
!MESSAGE [TestNGLaunchShortcut] Examining Java element:[Working copy] HomeFeatures.java [in Tests [in src [in AutomationPro1]]]
  package Tests
  import Data.TestData.LoginData
  import Data.TestData.HomePageData
  import Data.TestData.EmployeePageData
  import Pages.LoginPage
  import Pages.HomePage
  import Pages.EmployeePage
  import Configuration.Configuration
  import org.testng.annotations.Test
  class HomeFeatures
    void testPlusSuccess()

!ENTRY org.testng.eclipse 1 0 2019-04-05 12:51:38.751
!MESSAGE [TestNGLaunchConfigurationDelegate] Launching:
  Classpath: G:\eclipse\plugins\org.testng.eclipse_6.9.13.201609291640\lib\testng-remote.jar G:\eclipse\plugins\org.testng.eclipse_6.9.13.201609291640\lib\testng.jar G:\eclipse\plugins\org.testng.eclipse_6.9.13.201609291640\lib\jcommander.jar G:\eclipse\plugins\org.testng.eclipse_6.9.13.201609291640\lib\bsh-2.0b4.jar G:\eclipse\plugins\org.testng.eclipse_6.9.13.201609291640\lib\snakeyaml.jar G:\eclipse\plugins\org.junit_4.12.0.v201504281640\junit.jar G:\eclipse\plugins\org.hamcrest.core_1.3.0.v201303031735.jar F:\calibre_code_intern\AutomationPro1\bin F:\calibre_code_intern\selenium-java-3.141.59\client-combined-3.141.59.jar F:\calibre_code_intern\selenium-java-3.141.59\client-combined-3.141.59-sources.jar F:\calibre_code_intern\selenium-java-3.141.59\libs\byte-buddy-1.8.15.jar F:\calibre_code_intern\selenium-java-3.141.59\libs\commons-exec-1.3.jar F:\calibre_code_intern\selenium-java-3.141.59\libs\guava-25.0-jre.jar F:\calibre_code_intern\selenium-java-3.141.59\libs\okhttp-3.11.0.jar F:\calibre_code_intern\selenium-java-3.141.59\libs\okio-1.14.0.jar
  VMArgs:    -ea
  Class:     org.testng.remote.RemoteTestNG
  Args:      -serport 26477 -protocol json -d F:\calibre_code_intern\AutomationPro1\test-output C:\Users\KALON\AppData\Local\Temp\testng-eclipse-750300026\testng-customsuite.xml
java -ea -classpath G:\eclipse\plugins\org.testng.eclipse_6.9.13.201609291640\lib\testng-remote.jar:G:\eclipse\plugins\org.testng.eclipse_6.9.13.201609291640\lib\testng.jar:G:\eclipse\plugins\org.testng.eclipse_6.9.13.201609291640\lib\jcommander.jar:G:\eclipse\plugins\org.testng.eclipse_6.9.13.201609291640\lib\bsh-2.0b4.jar:G:\eclipse\plugins\org.testng.eclipse_6.9.13.201609291640\lib\snakeyaml.jar:G:\eclipse\plugins\org.junit_4.12.0.v201504281640\junit.jar:G:\eclipse\plugins\org.hamcrest.core_1.3.0.v201303031735.jar:F:\calibre_code_intern\AutomationPro1\bin:F:\calibre_code_intern\selenium-java-3.141.59\client-combined-3.141.59.jar:F:\calibre_code_intern\selenium-java-3.141.59\client-combined-3.141.59-sources.jar:F:\calibre_code_intern\selenium-java-3.141.59\libs\byte-buddy-1.8.15.jar:F:\calibre_code_intern\selenium-java-3.141.59\libs\commons-exec-1.3.jar:F:\calibre_code_intern\selenium-java-3.141.59\libs\guava-25.0-jre.jar:F:\calibre_code_intern\selenium-java-3.141.59\libs\okhttp-3.11.0.jar:F:\calibre_code_intern\selenium-java-3.141.59\libs\okio-1.14.0.jar org.testng.remote.RemoteTestNG -serport 26477 -protocol json -d F:\calibre_code_intern\AutomationPro1\test-output C:\Users\KALON\AppData\Local\Temp\testng-eclipse-750300026\testng-customsuite.xml

!ENTRY org.testng.eclipse 1 0 2019-04-05 12:52:10.005
!MESSAGE [TestNGLaunchShortcut] Examining Java element:[Working copy] EmployeeFeatures.java [in Tests [in src [in AutomationPro1]]]
  package Tests
  import org.testng.annotations.Test
  import Configuration.Configuration
  import Data.TestData.EmployeePageData
  import Data.TestData.HomePageData
  import Data.TestData.LandingPageData
  import Data.TestData.LoginData
  import Pages.EmployeePage
  import Pages.HomePage
  import Pages.LandingPage
  import Pages.LoginPage
  class EmployeeFeatures
    void empPlusSuccess()

!ENTRY org.testng.eclipse 1 0 2019-04-05 12:52:10.594
!MESSAGE [TestNGLaunchConfigurationDelegate] Launching:
  Classpath: G:\eclipse\plugins\org.testng.eclipse_6.9.13.201609291640\lib\testng-remote.jar G:\eclipse\plugins\org.testng.eclipse_6.9.13.201609291640\lib\testng.jar G:\eclipse\plugins\org.testng.eclipse_6.9.13.201609291640\lib\jcommander.jar G:\eclipse\plugins\org.testng.eclipse_6.9.13.201609291640\lib\bsh-2.0b4.jar G:\eclipse\plugins\org.testng.eclipse_6.9.13.201609291640\lib\snakeyaml.jar G:\eclipse\plugins\org.junit_4.12.0.v201504281640\junit.jar G:\eclipse\plugins\org.hamcrest.core_1.3.0.v201303031735.jar F:\calibre_code_intern\AutomationPro1\bin F:\calibre_code_intern\selenium-java-3.141.59\client-combined-3.141.59.jar F:\calibre_code_intern\selenium-java-3.141.59\client-combined-3.141.59-sources.jar F:\calibre_code_intern\selenium-java-3.141.59\libs\byte-buddy-1.8.15.jar F:\calibre_code_intern\selenium-java-3.141.59\libs\commons-exec-1.3.jar F:\calibre_code_intern\selenium-java-3.141.59\libs\guava-25.0-jre.jar F:\calibre_code_intern\selenium-java-3.141.59\libs\okhttp-3.11.0.jar F:\calibre_code_intern\selenium-java-3.141.59\libs\okio-1.14.0.jar
  VMArgs:    -ea
  Class:     org.testng.remote.RemoteTestNG
  Args:      -serport 26571 -protocol json -d F:\calibre_code_intern\AutomationPro1\test-output C:\Users\KALON\AppData\Local\Temp\testng-eclipse--310067419\testng-customsuite.xml
java -ea -classpath G:\eclipse\plugins\org.testng.eclipse_6.9.13.201609291640\lib\testng-remote.jar:G:\eclipse\plugins\org.testng.eclipse_6.9.13.201609291640\lib\testng.jar:G:\eclipse\plugins\org.testng.eclipse_6.9.13.201609291640\lib\jcommander.jar:G:\eclipse\plugins\org.testng.eclipse_6.9.13.201609291640\lib\bsh-2.0b4.jar:G:\eclipse\plugins\org.testng.eclipse_6.9.13.201609291640\lib\snakeyaml.jar:G:\eclipse\plugins\org.junit_4.12.0.v201504281640\junit.jar:G:\eclipse\plugins\org.hamcrest.core_1.3.0.v201303031735.jar:F:\calibre_code_intern\AutomationPro1\bin:F:\calibre_code_intern\selenium-java-3.141.59\client-combined-3.141.59.jar:F:\calibre_code_intern\selenium-java-3.141.59\client-combined-3.141.59-sources.jar:F:\calibre_code_intern\selenium-java-3.141.59\libs\byte-buddy-1.8.15.jar:F:\calibre_code_intern\selenium-java-3.141.59\libs\commons-exec-1.3.jar:F:\calibre_code_intern\selenium-java-3.141.59\libs\guava-25.0-jre.jar:F:\calibre_code_intern\selenium-java-3.141.59\libs\okhttp-3.11.0.jar:F:\calibre_code_intern\selenium-java-3.141.59\libs\okio-1.14.0.jar org.testng.remote.RemoteTestNG -serport 26571 -protocol json -d F:\calibre_code_intern\AutomationPro1\test-output C:\Users\KALON\AppData\Local\Temp\testng-eclipse--310067419\testng-customsuite.xml

!ENTRY org.testng.eclipse 4 2 2019-04-05 12:52:10.887
!MESSAGE Problems occurred when invoking code from plug-in: "org.testng.eclipse".
!STACK 0
java.lang.NullPointerException
	at org.testng.remote.strprotocol.AbstractRemoteTestRunnerClient.isRunning(AbstractRemoteTestRunnerClient.java:102)
	at org.testng.remote.strprotocol.AbstractRemoteTestRunnerClient.stopTest(AbstractRemoteTestRunnerClient.java:109)
	at org.testng.eclipse.ui.EclipseTestRunnerClient.stopTest(EclipseTestRunnerClient.java:28)
	at org.testng.eclipse.ui.TestRunnerViewPart.stopTest(TestRunnerViewPart.java:332)
	at org.testng.eclipse.ui.TestRunnerViewPart.onFinish(TestRunnerViewPart.java:1357)
	at org.testng.eclipse.ui.SuiteRunInfo.onFinish(SuiteRunInfo.java:104)
	at org.testng.eclipse.ui.EclipseTestRunnerClient$3.run(EclipseTestRunnerClient.java:68)
	at org.eclipse.core.runtime.SafeRunner.run(SafeRunner.java:42)
	at org.testng.eclipse.ui.EclipseTestRunnerClient.notifySuiteEvents(EclipseTestRunnerClient.java:62)
	at org.testng.remote.strprotocol.AbstractRemoteTestRunnerClient$ServerConnection.run(AbstractRemoteTestRunnerClient.java:185)

!ENTRY org.testng.eclipse 4 4 2019-04-05 12:52:11.246
!MESSAGE Error
!STACK 0
java.lang.NullPointerException
	at org.testng.remote.strprotocol.AbstractRemoteTestRunnerClient.isRunning(AbstractRemoteTestRunnerClient.java:102)
	at org.testng.remote.strprotocol.AbstractRemoteTestRunnerClient.stopTest(AbstractRemoteTestRunnerClient.java:109)
	at org.testng.eclipse.ui.EclipseTestRunnerClient.stopTest(EclipseTestRunnerClient.java:28)
	at org.testng.eclipse.ui.TestRunnerViewPart.stopTest(TestRunnerViewPart.java:332)
	at org.testng.eclipse.ui.TestRunnerViewPart.onFinish(TestRunnerViewPart.java:1357)
	at org.testng.eclipse.ui.SuiteRunInfo.onFinish(SuiteRunInfo.java:104)
	at org.testng.eclipse.ui.EclipseTestRunnerClient$3.run(EclipseTestRunnerClient.java:68)
	at org.eclipse.core.runtime.SafeRunner.run(SafeRunner.java:42)
	at org.testng.eclipse.ui.EclipseTestRunnerClient.notifySuiteEvents(EclipseTestRunnerClient.java:62)
	at org.testng.remote.strprotocol.AbstractRemoteTestRunnerClient$ServerConnection.run(AbstractRemoteTestRunnerClient.java:185)

!ENTRY org.testng.eclipse 1 0 2019-04-05 12:53:49.802
!MESSAGE [TestNGLaunchShortcut] Examining Java element:[Working copy] EmployeeFeatures.java [in Tests [in src [in AutomationPro1]]]
  package Tests
  import org.testng.annotations.Test
  import Configuration.Configuration
  import Data.TestData.EmployeePageData
  import Data.TestData.HomePageData
  import Data.TestData.LandingPageData
  import Data.TestData.LoginData
  import Pages.EmployeePage
  import Pages.HomePage
  import Pages.LandingPage
  import Pages.LoginPage
  class EmployeeFeatures
    void empPlusSuccess()

!ENTRY org.testng.eclipse 1 0 2019-04-05 12:53:50.031
!MESSAGE [TestNGLaunchConfigurationDelegate] Launching:
  Classpath: G:\eclipse\plugins\org.testng.eclipse_6.9.13.201609291640\lib\testng-remote.jar G:\eclipse\plugins\org.testng.eclipse_6.9.13.201609291640\lib\testng.jar G:\eclipse\plugins\org.testng.eclipse_6.9.13.201609291640\lib\jcommander.jar G:\eclipse\plugins\org.testng.eclipse_6.9.13.201609291640\lib\bsh-2.0b4.jar G:\eclipse\plugins\org.testng.eclipse_6.9.13.201609291640\lib\snakeyaml.jar G:\eclipse\plugins\org.junit_4.12.0.v201504281640\junit.jar G:\eclipse\plugins\org.hamcrest.core_1.3.0.v201303031735.jar F:\calibre_code_intern\AutomationPro1\bin F:\calibre_code_intern\selenium-java-3.141.59\client-combined-3.141.59.jar F:\calibre_code_intern\selenium-java-3.141.59\client-combined-3.141.59-sources.jar F:\calibre_code_intern\selenium-java-3.141.59\libs\byte-buddy-1.8.15.jar F:\calibre_code_intern\selenium-java-3.141.59\libs\commons-exec-1.3.jar F:\calibre_code_intern\selenium-java-3.141.59\libs\guava-25.0-jre.jar F:\calibre_code_intern\selenium-java-3.141.59\libs\okhttp-3.11.0.jar F:\calibre_code_intern\selenium-java-3.141.59\libs\okio-1.14.0.jar
  VMArgs:    -ea
  Class:     org.testng.remote.RemoteTestNG
  Args:      -serport 26706 -protocol json -d F:\calibre_code_intern\AutomationPro1\test-output C:\Users\KALON\AppData\Local\Temp\testng-eclipse-466309889\testng-customsuite.xml
java -ea -classpath G:\eclipse\plugins\org.testng.eclipse_6.9.13.201609291640\lib\testng-remote.jar:G:\eclipse\plugins\org.testng.eclipse_6.9.13.201609291640\lib\testng.jar:G:\eclipse\plugins\org.testng.eclipse_6.9.13.201609291640\lib\jcommander.jar:G:\eclipse\plugins\org.testng.eclipse_6.9.13.201609291640\lib\bsh-2.0b4.jar:G:\eclipse\plugins\org.testng.eclipse_6.9.13.201609291640\lib\snakeyaml.jar:G:\eclipse\plugins\org.junit_4.12.0.v201504281640\junit.jar:G:\eclipse\plugins\org.hamcrest.core_1.3.0.v201303031735.jar:F:\calibre_code_intern\AutomationPro1\bin:F:\calibre_code_intern\selenium-java-3.141.59\client-combined-3.141.59.jar:F:\calibre_code_intern\selenium-java-3.141.59\client-combined-3.141.59-sources.jar:F:\calibre_code_intern\selenium-java-3.141.59\libs\byte-buddy-1.8.15.jar:F:\calibre_code_intern\selenium-java-3.141.59\libs\commons-exec-1.3.jar:F:\calibre_code_intern\selenium-java-3.141.59\libs\guava-25.0-jre.jar:F:\calibre_code_intern\selenium-java-3.141.59\libs\okhttp-3.11.0.jar:F:\calibre_code_intern\selenium-java-3.141.59\libs\okio-1.14.0.jar org.testng.remote.RemoteTestNG -serport 26706 -protocol json -d F:\calibre_code_intern\AutomationPro1\test-output C:\Users\KALON\AppData\Local\Temp\testng-eclipse-466309889\testng-customsuite.xml

!ENTRY org.testng.eclipse 1 0 2019-04-05 12:55:54.203
!MESSAGE [TestNGLaunchShortcut] Examining Java element:[Working copy] EmployeeFeatures.java [in Tests [in src [in AutomationPro1]]]
  package Tests
  import org.testng.annotations.Test
  import Configuration.Configuration
  import Data.TestData.EmployeePageData
  import Data.TestData.HomePageData
  import Data.TestData.LandingPageData
  import Data.TestData.LoginData
  import Pages.EmployeePage
  import Pages.HomePage
  import Pages.LandingPage
  import Pages.LoginPage
  class EmployeeFeatures
    void empPlusSuccess()

!ENTRY org.testng.eclipse 1 0 2019-04-05 12:55:54.404
!MESSAGE [TestNGLaunchConfigurationDelegate] Launching:
  Classpath: G:\eclipse\plugins\org.testng.eclipse_6.9.13.201609291640\lib\testng-remote.jar G:\eclipse\plugins\org.testng.eclipse_6.9.13.201609291640\lib\testng.jar G:\eclipse\plugins\org.testng.eclipse_6.9.13.201609291640\lib\jcommander.jar G:\eclipse\plugins\org.testng.eclipse_6.9.13.201609291640\lib\bsh-2.0b4.jar G:\eclipse\plugins\org.testng.eclipse_6.9.13.201609291640\lib\snakeyaml.jar G:\eclipse\plugins\org.junit_4.12.0.v201504281640\junit.jar G:\eclipse\plugins\org.hamcrest.core_1.3.0.v201303031735.jar F:\calibre_code_intern\AutomationPro1\bin F:\calibre_code_intern\selenium-java-3.141.59\client-combined-3.141.59.jar F:\calibre_code_intern\selenium-java-3.141.59\client-combined-3.141.59-sources.jar F:\calibre_code_intern\selenium-java-3.141.59\libs\byte-buddy-1.8.15.jar F:\calibre_code_intern\selenium-java-3.141.59\libs\commons-exec-1.3.jar F:\calibre_code_intern\selenium-java-3.141.59\libs\guava-25.0-jre.jar F:\calibre_code_intern\selenium-java-3.141.59\libs\okhttp-3.11.0.jar F:\calibre_code_intern\selenium-java-3.141.59\libs\okio-1.14.0.jar
  VMArgs:    -ea
  Class:     org.testng.remote.RemoteTestNG
  Args:      -serport 26864 -protocol json -d F:\calibre_code_intern\AutomationPro1\test-output C:\Users\KALON\AppData\Local\Temp\testng-eclipse-1403004895\testng-customsuite.xml
java -ea -classpath G:\eclipse\plugins\org.testng.eclipse_6.9.13.201609291640\lib\testng-remote.jar:G:\eclipse\plugins\org.testng.eclipse_6.9.13.201609291640\lib\testng.jar:G:\eclipse\plugins\org.testng.eclipse_6.9.13.201609291640\lib\jcommander.jar:G:\eclipse\plugins\org.testng.eclipse_6.9.13.201609291640\lib\bsh-2.0b4.jar:G:\eclipse\plugins\org.testng.eclipse_6.9.13.201609291640\lib\snakeyaml.jar:G:\eclipse\plugins\org.junit_4.12.0.v201504281640\junit.jar:G:\eclipse\plugins\org.hamcrest.core_1.3.0.v201303031735.jar:F:\calibre_code_intern\AutomationPro1\bin:F:\calibre_code_intern\selenium-java-3.141.59\client-combined-3.141.59.jar:F:\calibre_code_intern\selenium-java-3.141.59\client-combined-3.141.59-sources.jar:F:\calibre_code_intern\selenium-java-3.141.59\libs\byte-buddy-1.8.15.jar:F:\calibre_code_intern\selenium-java-3.141.59\libs\commons-exec-1.3.jar:F:\calibre_code_intern\selenium-java-3.141.59\libs\guava-25.0-jre.jar:F:\calibre_code_intern\selenium-java-3.141.59\libs\okhttp-3.11.0.jar:F:\calibre_code_intern\selenium-java-3.141.59\libs\okio-1.14.0.jar org.testng.remote.RemoteTestNG -serport 26864 -protocol json -d F:\calibre_code_intern\AutomationPro1\test-output C:\Users\KALON\AppData\Local\Temp\testng-eclipse-1403004895\testng-customsuite.xml

!ENTRY org.testng.eclipse 1 0 2019-04-05 13:00:21.936
!MESSAGE [TestNGLaunchShortcut] Examining Java element:[Working copy] HomeFeatures.java [in Tests [in src [in AutomationPro1]]]
  package Tests
  import Data.TestData.LoginData
  import Data.TestData.HomePageData
  import Data.TestData.EmployeePageData
  import Pages.LoginPage
  import Pages.HomePage
  import Pages.EmployeePage
  import Configuration.Configuration
  import org.testng.annotations.Test
  class HomeFeatures
    void testPlusSuccess()

!ENTRY org.testng.eclipse 1 0 2019-04-05 13:00:22.119
!MESSAGE [TestNGLaunchConfigurationDelegate] Launching:
  Classpath: G:\eclipse\plugins\org.testng.eclipse_6.9.13.201609291640\lib\testng-remote.jar G:\eclipse\plugins\org.testng.eclipse_6.9.13.201609291640\lib\testng.jar G:\eclipse\plugins\org.testng.eclipse_6.9.13.201609291640\lib\jcommander.jar G:\eclipse\plugins\org.testng.eclipse_6.9.13.201609291640\lib\bsh-2.0b4.jar G:\eclipse\plugins\org.testng.eclipse_6.9.13.201609291640\lib\snakeyaml.jar G:\eclipse\plugins\org.junit_4.12.0.v201504281640\junit.jar G:\eclipse\plugins\org.hamcrest.core_1.3.0.v201303031735.jar F:\calibre_code_intern\AutomationPro1\bin F:\calibre_code_intern\selenium-java-3.141.59\client-combined-3.141.59.jar F:\calibre_code_intern\selenium-java-3.141.59\client-combined-3.141.59-sources.jar F:\calibre_code_intern\selenium-java-3.141.59\libs\byte-buddy-1.8.15.jar F:\calibre_code_intern\selenium-java-3.141.59\libs\commons-exec-1.3.jar F:\calibre_code_intern\selenium-java-3.141.59\libs\guava-25.0-jre.jar F:\calibre_code_intern\selenium-java-3.141.59\libs\okhttp-3.11.0.jar F:\calibre_code_intern\selenium-java-3.141.59\libs\okio-1.14.0.jar
  VMArgs:    -ea
  Class:     org.testng.remote.RemoteTestNG
  Args:      -serport 27147 -protocol json -d F:\calibre_code_intern\AutomationPro1\test-output C:\Users\KALON\AppData\Local\Temp\testng-eclipse-335679153\testng-customsuite.xml
java -ea -classpath G:\eclipse\plugins\org.testng.eclipse_6.9.13.201609291640\lib\testng-remote.jar:G:\eclipse\plugins\org.testng.eclipse_6.9.13.201609291640\lib\testng.jar:G:\eclipse\plugins\org.testng.eclipse_6.9.13.201609291640\lib\jcommander.jar:G:\eclipse\plugins\org.testng.eclipse_6.9.13.201609291640\lib\bsh-2.0b4.jar:G:\eclipse\plugins\org.testng.eclipse_6.9.13.201609291640\lib\snakeyaml.jar:G:\eclipse\plugins\org.junit_4.12.0.v201504281640\junit.jar:G:\eclipse\plugins\org.hamcrest.core_1.3.0.v201303031735.jar:F:\calibre_code_intern\AutomationPro1\bin:F:\calibre_code_intern\selenium-java-3.141.59\client-combined-3.141.59.jar:F:\calibre_code_intern\selenium-java-3.141.59\client-combined-3.141.59-sources.jar:F:\calibre_code_intern\selenium-java-3.141.59\libs\byte-buddy-1.8.15.jar:F:\calibre_code_intern\selenium-java-3.141.59\libs\commons-exec-1.3.jar:F:\calibre_code_intern\selenium-java-3.141.59\libs\guava-25.0-jre.jar:F:\calibre_code_intern\selenium-java-3.141.59\libs\okhttp-3.11.0.jar:F:\calibre_code_intern\selenium-java-3.141.59\libs\okio-1.14.0.jar org.testng.remote.RemoteTestNG -serport 27147 -protocol json -d F:\calibre_code_intern\AutomationPro1\test-output C:\Users\KALON\AppData\Local\Temp\testng-eclipse-335679153\testng-customsuite.xml

!ENTRY org.testng.eclipse 1 0 2019-04-05 13:01:07.391
!MESSAGE [TestNGLaunchShortcut] Examining Java element:[Working copy] HomeFeatures.java [in Tests [in src [in AutomationPro1]]]
  package Tests
  import Data.TestData.LoginData
  import Data.TestData.HomePageData
  import Data.TestData.EmployeePageData
  import Pages.LoginPage
  import Pages.HomePage
  import Pages.EmployeePage
  import Configuration.Configuration
  import org.testng.annotations.Test
  class HomeFeatures
    void testPlusSuccess()

!ENTRY org.testng.eclipse 1 0 2019-04-05 13:01:07.552
!MESSAGE [TestNGLaunchConfigurationDelegate] Launching:
  Classpath: G:\eclipse\plugins\org.testng.eclipse_6.9.13.201609291640\lib\testng-remote.jar G:\eclipse\plugins\org.testng.eclipse_6.9.13.201609291640\lib\testng.jar G:\eclipse\plugins\org.testng.eclipse_6.9.13.201609291640\lib\jcommander.jar G:\eclipse\plugins\org.testng.eclipse_6.9.13.201609291640\lib\bsh-2.0b4.jar G:\eclipse\plugins\org.testng.eclipse_6.9.13.201609291640\lib\snakeyaml.jar G:\eclipse\plugins\org.junit_4.12.0.v201504281640\junit.jar G:\eclipse\plugins\org.hamcrest.core_1.3.0.v201303031735.jar F:\calibre_code_intern\AutomationPro1\bin F:\calibre_code_intern\selenium-java-3.141.59\client-combined-3.141.59.jar F:\calibre_code_intern\selenium-java-3.141.59\client-combined-3.141.59-sources.jar F:\calibre_code_intern\selenium-java-3.141.59\libs\byte-buddy-1.8.15.jar F:\calibre_code_intern\selenium-java-3.141.59\libs\commons-exec-1.3.jar F:\calibre_code_intern\selenium-java-3.141.59\libs\guava-25.0-jre.jar F:\calibre_code_intern\selenium-java-3.141.59\libs\okhttp-3.11.0.jar F:\calibre_code_intern\selenium-java-3.141.59\libs\okio-1.14.0.jar
  VMArgs:    -ea
  Class:     org.testng.remote.RemoteTestNG
  Args:      -serport 27232 -protocol json -d F:\calibre_code_intern\AutomationPro1\test-output C:\Users\KALON\AppData\Local\Temp\testng-eclipse-1702920213\testng-customsuite.xml
java -ea -classpath G:\eclipse\plugins\org.testng.eclipse_6.9.13.201609291640\lib\testng-remote.jar:G:\eclipse\plugins\org.testng.eclipse_6.9.13.201609291640\lib\testng.jar:G:\eclipse\plugins\org.testng.eclipse_6.9.13.201609291640\lib\jcommander.jar:G:\eclipse\plugins\org.testng.eclipse_6.9.13.201609291640\lib\bsh-2.0b4.jar:G:\eclipse\plugins\org.testng.eclipse_6.9.13.201609291640\lib\snakeyaml.jar:G:\eclipse\plugins\org.junit_4.12.0.v201504281640\junit.jar:G:\eclipse\plugins\org.hamcrest.core_1.3.0.v201303031735.jar:F:\calibre_code_intern\AutomationPro1\bin:F:\calibre_code_intern\selenium-java-3.141.59\client-combined-3.141.59.jar:F:\calibre_code_intern\selenium-java-3.141.59\client-combined-3.141.59-sources.jar:F:\calibre_code_intern\selenium-java-3.141.59\libs\byte-buddy-1.8.15.jar:F:\calibre_code_intern\selenium-java-3.141.59\libs\commons-exec-1.3.jar:F:\calibre_code_intern\selenium-java-3.141.59\libs\guava-25.0-jre.jar:F:\calibre_code_intern\selenium-java-3.141.59\libs\okhttp-3.11.0.jar:F:\calibre_code_intern\selenium-java-3.141.59\libs\okio-1.14.0.jar org.testng.remote.RemoteTestNG -serport 27232 -protocol json -d F:\calibre_code_intern\AutomationPro1\test-output C:\Users\KALON\AppData\Local\Temp\testng-eclipse-1702920213\testng-customsuite.xml

!ENTRY org.testng.eclipse 1 0 2019-04-05 13:02:18.102
!MESSAGE [TestNGLaunchShortcut] Examining Java element:[Working copy] EmployeeFeatures.java [in Tests [in src [in AutomationPro1]]]
  package Tests
  import org.testng.annotations.Test
  import Configuration.Configuration
  import Data.TestData.EmployeePageData
  import Data.TestData.HomePageData
  import Data.TestData.LandingPageData
  import Data.TestData.LoginData
  import Pages.EmployeePage
  import Pages.HomePage
  import Pages.LandingPage
  import Pages.LoginPage
  class EmployeeFeatures
    void empPlusSuccess()

!ENTRY org.testng.eclipse 1 0 2019-04-05 13:02:18.261
!MESSAGE [TestNGLaunchConfigurationDelegate] Launching:
  Classpath: G:\eclipse\plugins\org.testng.eclipse_6.9.13.201609291640\lib\testng-remote.jar G:\eclipse\plugins\org.testng.eclipse_6.9.13.201609291640\lib\testng.jar G:\eclipse\plugins\org.testng.eclipse_6.9.13.201609291640\lib\jcommander.jar G:\eclipse\plugins\org.testng.eclipse_6.9.13.201609291640\lib\bsh-2.0b4.jar G:\eclipse\plugins\org.testng.eclipse_6.9.13.201609291640\lib\snakeyaml.jar G:\eclipse\plugins\org.junit_4.12.0.v201504281640\junit.jar G:\eclipse\plugins\org.hamcrest.core_1.3.0.v201303031735.jar F:\calibre_code_intern\AutomationPro1\bin F:\calibre_code_intern\selenium-java-3.141.59\client-combined-3.141.59.jar F:\calibre_code_intern\selenium-java-3.141.59\client-combined-3.141.59-sources.jar F:\calibre_code_intern\selenium-java-3.141.59\libs\byte-buddy-1.8.15.jar F:\calibre_code_intern\selenium-java-3.141.59\libs\commons-exec-1.3.jar F:\calibre_code_intern\selenium-java-3.141.59\libs\guava-25.0-jre.jar F:\calibre_code_intern\selenium-java-3.141.59\libs\okhttp-3.11.0.jar F:\calibre_code_intern\selenium-java-3.141.59\libs\okio-1.14.0.jar
  VMArgs:    -ea
  Class:     org.testng.remote.RemoteTestNG
  Args:      -serport 27345 -protocol json -d F:\calibre_code_intern\AutomationPro1\test-output C:\Users\KALON\AppData\Local\Temp\testng-eclipse--1987313757\testng-customsuite.xml
java -ea -classpath G:\eclipse\plugins\org.testng.eclipse_6.9.13.201609291640\lib\testng-remote.jar:G:\eclipse\plugins\org.testng.eclipse_6.9.13.201609291640\lib\testng.jar:G:\eclipse\plugins\org.testng.eclipse_6.9.13.201609291640\lib\jcommander.jar:G:\eclipse\plugins\org.testng.eclipse_6.9.13.201609291640\lib\bsh-2.0b4.jar:G:\eclipse\plugins\org.testng.eclipse_6.9.13.201609291640\lib\snakeyaml.jar:G:\eclipse\plugins\org.junit_4.12.0.v201504281640\junit.jar:G:\eclipse\plugins\org.hamcrest.core_1.3.0.v201303031735.jar:F:\calibre_code_intern\AutomationPro1\bin:F:\calibre_code_intern\selenium-java-3.141.59\client-combined-3.141.59.jar:F:\calibre_code_intern\selenium-java-3.141.59\client-combined-3.141.59-sources.jar:F:\calibre_code_intern\selenium-java-3.141.59\libs\byte-buddy-1.8.15.jar:F:\calibre_code_intern\selenium-java-3.141.59\libs\commons-exec-1.3.jar:F:\calibre_code_intern\selenium-java-3.141.59\libs\guava-25.0-jre.jar:F:\calibre_code_intern\selenium-java-3.141.59\libs\okhttp-3.11.0.jar:F:\calibre_code_intern\selenium-java-3.141.59\libs\okio-1.14.0.jar org.testng.remote.RemoteTestNG -serport 27345 -protocol json -d F:\calibre_code_intern\AutomationPro1\test-output C:\Users\KALON\AppData\Local\Temp\testng-eclipse--1987313757\testng-customsuite.xml

!ENTRY org.testng.eclipse 1 0 2019-04-05 13:22:49.896
!MESSAGE [TestNGLaunchShortcut] Examining Java element:[Working copy] EmployeeFeatures.java [in Tests [in src [in AutomationPro1]]]
  package Tests
  import org.testng.annotations.Test
  import Configuration.Configuration
  import Data.TestData.EmployeePageData
  import Data.TestData.HomePageData
  import Data.TestData.LandingPageData
  import Data.TestData.LoginData
  import Pages.EmployeePage
  import Pages.HomePage
  import Pages.LandingPage
  import Pages.LoginPage
  class EmployeeFeatures
    void empPlusSuccess()

!ENTRY org.testng.eclipse 1 0 2019-04-05 13:22:53.658
!MESSAGE [TestNGLaunchConfigurationDelegate] Launching:
  Classpath: G:\eclipse\plugins\org.testng.eclipse_6.9.13.201609291640\lib\testng-remote.jar G:\eclipse\plugins\org.testng.eclipse_6.9.13.201609291640\lib\testng.jar G:\eclipse\plugins\org.testng.eclipse_6.9.13.201609291640\lib\jcommander.jar G:\eclipse\plugins\org.testng.eclipse_6.9.13.201609291640\lib\bsh-2.0b4.jar G:\eclipse\plugins\org.testng.eclipse_6.9.13.201609291640\lib\snakeyaml.jar G:\eclipse\plugins\org.junit_4.12.0.v201504281640\junit.jar G:\eclipse\plugins\org.hamcrest.core_1.3.0.v201303031735.jar F:\calibre_code_intern\AutomationPro1\bin F:\calibre_code_intern\selenium-java-3.141.59\client-combined-3.141.59.jar F:\calibre_code_intern\selenium-java-3.141.59\client-combined-3.141.59-sources.jar F:\calibre_code_intern\selenium-java-3.141.59\libs\byte-buddy-1.8.15.jar F:\calibre_code_intern\selenium-java-3.141.59\libs\commons-exec-1.3.jar F:\calibre_code_intern\selenium-java-3.141.59\libs\guava-25.0-jre.jar F:\calibre_code_intern\selenium-java-3.141.59\libs\okhttp-3.11.0.jar F:\calibre_code_intern\selenium-java-3.141.59\libs\okio-1.14.0.jar
  VMArgs:    -ea
  Class:     org.testng.remote.RemoteTestNG
  Args:      -serport 28472 -protocol json -d F:\calibre_code_intern\AutomationPro1\test-output C:\Users\KALON\AppData\Local\Temp\testng-eclipse--1606254171\testng-customsuite.xml
java -ea -classpath G:\eclipse\plugins\org.testng.eclipse_6.9.13.201609291640\lib\testng-remote.jar:G:\eclipse\plugins\org.testng.eclipse_6.9.13.201609291640\lib\testng.jar:G:\eclipse\plugins\org.testng.eclipse_6.9.13.201609291640\lib\jcommander.jar:G:\eclipse\plugins\org.testng.eclipse_6.9.13.201609291640\lib\bsh-2.0b4.jar:G:\eclipse\plugins\org.testng.eclipse_6.9.13.201609291640\lib\snakeyaml.jar:G:\eclipse\plugins\org.junit_4.12.0.v201504281640\junit.jar:G:\eclipse\plugins\org.hamcrest.core_1.3.0.v201303031735.jar:F:\calibre_code_intern\AutomationPro1\bin:F:\calibre_code_intern\selenium-java-3.141.59\client-combined-3.141.59.jar:F:\calibre_code_intern\selenium-java-3.141.59\client-combined-3.141.59-sources.jar:F:\calibre_code_intern\selenium-java-3.141.59\libs\byte-buddy-1.8.15.jar:F:\calibre_code_intern\selenium-java-3.141.59\libs\commons-exec-1.3.jar:F:\calibre_code_intern\selenium-java-3.141.59\libs\guava-25.0-jre.jar:F:\calibre_code_intern\selenium-java-3.141.59\libs\okhttp-3.11.0.jar:F:\calibre_code_intern\selenium-java-3.141.59\libs\okio-1.14.0.jar org.testng.remote.RemoteTestNG -serport 28472 -protocol json -d F:\calibre_code_intern\AutomationPro1\test-output C:\Users\KALON\AppData\Local\Temp\testng-eclipse--1606254171\testng-customsuite.xml

!ENTRY org.testng.eclipse 1 0 2019-04-05 13:40:52.970
!MESSAGE [TestNGLaunchShortcut] Examining Java element:[Working copy] EmployeeFeatures.java [in Tests [in src [in AutomationPro1]]]
  package Tests
  import org.testng.annotations.Test
  import Configuration.Configuration
  import Data.TestData.EmployeePageData
  import Data.TestData.HomePageData
  import Data.TestData.LandingPageData
  import Data.TestData.LoginData
  import Pages.EmployeePage
  import Pages.HomePage
  import Pages.LandingPage
  import Pages.LoginPage
  class EmployeeFeatures
    void empPlusSuccess()

!ENTRY org.testng.eclipse 1 0 2019-04-05 13:40:53.148
!MESSAGE [TestNGLaunchConfigurationDelegate] Launching:
  Classpath: G:\eclipse\plugins\org.testng.eclipse_6.9.13.201609291640\lib\testng-remote.jar G:\eclipse\plugins\org.testng.eclipse_6.9.13.201609291640\lib\testng.jar G:\eclipse\plugins\org.testng.eclipse_6.9.13.201609291640\lib\jcommander.jar G:\eclipse\plugins\org.testng.eclipse_6.9.13.201609291640\lib\bsh-2.0b4.jar G:\eclipse\plugins\org.testng.eclipse_6.9.13.201609291640\lib\snakeyaml.jar G:\eclipse\plugins\org.junit_4.12.0.v201504281640\junit.jar G:\eclipse\plugins\org.hamcrest.core_1.3.0.v201303031735.jar F:\calibre_code_intern\AutomationPro1\bin F:\calibre_code_intern\selenium-java-3.141.59\client-combined-3.141.59.jar F:\calibre_code_intern\selenium-java-3.141.59\client-combined-3.141.59-sources.jar F:\calibre_code_intern\selenium-java-3.141.59\libs\byte-buddy-1.8.15.jar F:\calibre_code_intern\selenium-java-3.141.59\libs\commons-exec-1.3.jar F:\calibre_code_intern\selenium-java-3.141.59\libs\guava-25.0-jre.jar F:\calibre_code_intern\selenium-java-3.141.59\libs\okhttp-3.11.0.jar F:\calibre_code_intern\selenium-java-3.141.59\libs\okio-1.14.0.jar
  VMArgs:    -ea
  Class:     org.testng.remote.RemoteTestNG
  Args:      -serport 29536 -protocol json -d F:\calibre_code_intern\AutomationPro1\test-output C:\Users\KALON\AppData\Local\Temp\testng-eclipse--1225987105\testng-customsuite.xml
java -ea -classpath G:\eclipse\plugins\org.testng.eclipse_6.9.13.201609291640\lib\testng-remote.jar:G:\eclipse\plugins\org.testng.eclipse_6.9.13.201609291640\lib\testng.jar:G:\eclipse\plugins\org.testng.eclipse_6.9.13.201609291640\lib\jcommander.jar:G:\eclipse\plugins\org.testng.eclipse_6.9.13.201609291640\lib\bsh-2.0b4.jar:G:\eclipse\plugins\org.testng.eclipse_6.9.13.201609291640\lib\snakeyaml.jar:G:\eclipse\plugins\org.junit_4.12.0.v201504281640\junit.jar:G:\eclipse\plugins\org.hamcrest.core_1.3.0.v201303031735.jar:F:\calibre_code_intern\AutomationPro1\bin:F:\calibre_code_intern\selenium-java-3.141.59\client-combined-3.141.59.jar:F:\calibre_code_intern\selenium-java-3.141.59\client-combined-3.141.59-sources.jar:F:\calibre_code_intern\selenium-java-3.141.59\libs\byte-buddy-1.8.15.jar:F:\calibre_code_intern\selenium-java-3.141.59\libs\commons-exec-1.3.jar:F:\calibre_code_intern\selenium-java-3.141.59\libs\guava-25.0-jre.jar:F:\calibre_code_intern\selenium-java-3.141.59\libs\okhttp-3.11.0.jar:F:\calibre_code_intern\selenium-java-3.141.59\libs\okio-1.14.0.jar org.testng.remote.RemoteTestNG -serport 29536 -protocol json -d F:\calibre_code_intern\AutomationPro1\test-output C:\Users\KALON\AppData\Local\Temp\testng-eclipse--1225987105\testng-customsuite.xml

!ENTRY org.testng.eclipse 1 0 2019-04-05 13:47:09.688
!MESSAGE [TestNGLaunchShortcut] Examining Java element:[Working copy] EmployeeFeatures.java [in Tests [in src [in AutomationPro1]]]
  package Tests
  import org.testng.annotations.Test
  import Configuration.Configuration
  import Data.TestData.EmployeePageData
  import Data.TestData.HomePageData
  import Data.TestData.LandingPageData
  import Data.TestData.LoginData
  import Pages.EmployeePage
  import Pages.HomePage
  import Pages.LandingPage
  import Pages.LoginPage
  class EmployeeFeatures
    void empPlusSuccess()

!ENTRY org.testng.eclipse 1 0 2019-04-05 13:47:10.080
!MESSAGE [TestNGLaunchConfigurationDelegate] Launching:
  Classpath: G:\eclipse\plugins\org.testng.eclipse_6.9.13.201609291640\lib\testng-remote.jar G:\eclipse\plugins\org.testng.eclipse_6.9.13.201609291640\lib\testng.jar G:\eclipse\plugins\org.testng.eclipse_6.9.13.201609291640\lib\jcommander.jar G:\eclipse\plugins\org.testng.eclipse_6.9.13.201609291640\lib\bsh-2.0b4.jar G:\eclipse\plugins\org.testng.eclipse_6.9.13.201609291640\lib\snakeyaml.jar G:\eclipse\plugins\org.junit_4.12.0.v201504281640\junit.jar G:\eclipse\plugins\org.hamcrest.core_1.3.0.v201303031735.jar F:\calibre_code_intern\AutomationPro1\bin F:\calibre_code_intern\selenium-java-3.141.59\client-combined-3.141.59.jar F:\calibre_code_intern\selenium-java-3.141.59\client-combined-3.141.59-sources.jar F:\calibre_code_intern\selenium-java-3.141.59\libs\byte-buddy-1.8.15.jar F:\calibre_code_intern\selenium-java-3.141.59\libs\commons-exec-1.3.jar F:\calibre_code_intern\selenium-java-3.141.59\libs\guava-25.0-jre.jar F:\calibre_code_intern\selenium-java-3.141.59\libs\okhttp-3.11.0.jar F:\calibre_code_intern\selenium-java-3.141.59\libs\okio-1.14.0.jar
  VMArgs:    -ea
  Class:     org.testng.remote.RemoteTestNG
  Args:      -serport 29953 -protocol json -d F:\calibre_code_intern\AutomationPro1\test-output C:\Users\KALON\AppData\Local\Temp\testng-eclipse-1375281072\testng-customsuite.xml
java -ea -classpath G:\eclipse\plugins\org.testng.eclipse_6.9.13.201609291640\lib\testng-remote.jar:G:\eclipse\plugins\org.testng.eclipse_6.9.13.201609291640\lib\testng.jar:G:\eclipse\plugins\org.testng.eclipse_6.9.13.201609291640\lib\jcommander.jar:G:\eclipse\plugins\org.testng.eclipse_6.9.13.201609291640\lib\bsh-2.0b4.jar:G:\eclipse\plugins\org.testng.eclipse_6.9.13.201609291640\lib\snakeyaml.jar:G:\eclipse\plugins\org.junit_4.12.0.v201504281640\junit.jar:G:\eclipse\plugins\org.hamcrest.core_1.3.0.v201303031735.jar:F:\calibre_code_intern\AutomationPro1\bin:F:\calibre_code_intern\selenium-java-3.141.59\client-combined-3.141.59.jar:F:\calibre_code_intern\selenium-java-3.141.59\client-combined-3.141.59-sources.jar:F:\calibre_code_intern\selenium-java-3.141.59\libs\byte-buddy-1.8.15.jar:F:\calibre_code_intern\selenium-java-3.141.59\libs\commons-exec-1.3.jar:F:\calibre_code_intern\selenium-java-3.141.59\libs\guava-25.0-jre.jar:F:\calibre_code_intern\selenium-java-3.141.59\libs\okhttp-3.11.0.jar:F:\calibre_code_intern\selenium-java-3.141.59\libs\okio-1.14.0.jar org.testng.remote.RemoteTestNG -serport 29953 -protocol json -d F:\calibre_code_intern\AutomationPro1\test-output C:\Users\KALON\AppData\Local\Temp\testng-eclipse-1375281072\testng-customsuite.xml

!ENTRY org.testng.eclipse 1 0 2019-04-05 13:48:41.493
!MESSAGE [TestNGLaunchShortcut] Examining Java element:[Working copy] EmployeeFeatures.java [in Tests [in src [in AutomationPro1]]]
  package Tests
  import org.testng.annotations.Test
  import Configuration.Configuration
  import Data.TestData.EmployeePageData
  import Data.TestData.HomePageData
  import Data.TestData.LandingPageData
  import Data.TestData.LoginData
  import Pages.EmployeePage
  import Pages.HomePage
  import Pages.LandingPage
  import Pages.LoginPage
  class EmployeeFeatures
    void empPlusSuccess()

!ENTRY org.testng.eclipse 1 0 2019-04-05 13:48:41.696
!MESSAGE [TestNGLaunchConfigurationDelegate] Launching:
  Classpath: G:\eclipse\plugins\org.testng.eclipse_6.9.13.201609291640\lib\testng-remote.jar G:\eclipse\plugins\org.testng.eclipse_6.9.13.201609291640\lib\testng.jar G:\eclipse\plugins\org.testng.eclipse_6.9.13.201609291640\lib\jcommander.jar G:\eclipse\plugins\org.testng.eclipse_6.9.13.201609291640\lib\bsh-2.0b4.jar G:\eclipse\plugins\org.testng.eclipse_6.9.13.201609291640\lib\snakeyaml.jar G:\eclipse\plugins\org.junit_4.12.0.v201504281640\junit.jar G:\eclipse\plugins\org.hamcrest.core_1.3.0.v201303031735.jar F:\calibre_code_intern\AutomationPro1\bin F:\calibre_code_intern\selenium-java-3.141.59\client-combined-3.141.59.jar F:\calibre_code_intern\selenium-java-3.141.59\client-combined-3.141.59-sources.jar F:\calibre_code_intern\selenium-java-3.141.59\libs\byte-buddy-1.8.15.jar F:\calibre_code_intern\selenium-java-3.141.59\libs\commons-exec-1.3.jar F:\calibre_code_intern\selenium-java-3.141.59\libs\guava-25.0-jre.jar F:\calibre_code_intern\selenium-java-3.141.59\libs\okhttp-3.11.0.jar F:\calibre_code_intern\selenium-java-3.141.59\libs\okio-1.14.0.jar
  VMArgs:    -ea
  Class:     org.testng.remote.RemoteTestNG
  Args:      -serport 30086 -protocol json -d F:\calibre_code_intern\AutomationPro1\test-output C:\Users\KALON\AppData\Local\Temp\testng-eclipse--13572157\testng-customsuite.xml
java -ea -classpath G:\eclipse\plugins\org.testng.eclipse_6.9.13.201609291640\lib\testng-remote.jar:G:\eclipse\plugins\org.testng.eclipse_6.9.13.201609291640\lib\testng.jar:G:\eclipse\plugins\org.testng.eclipse_6.9.13.201609291640\lib\jcommander.jar:G:\eclipse\plugins\org.testng.eclipse_6.9.13.201609291640\lib\bsh-2.0b4.jar:G:\eclipse\plugins\org.testng.eclipse_6.9.13.201609291640\lib\snakeyaml.jar:G:\eclipse\plugins\org.junit_4.12.0.v201504281640\junit.jar:G:\eclipse\plugins\org.hamcrest.core_1.3.0.v201303031735.jar:F:\calibre_code_intern\AutomationPro1\bin:F:\calibre_code_intern\selenium-java-3.141.59\client-combined-3.141.59.jar:F:\calibre_code_intern\selenium-java-3.141.59\client-combined-3.141.59-sources.jar:F:\calibre_code_intern\selenium-java-3.141.59\libs\byte-buddy-1.8.15.jar:F:\calibre_code_intern\selenium-java-3.141.59\libs\commons-exec-1.3.jar:F:\calibre_code_intern\selenium-java-3.141.59\libs\guava-25.0-jre.jar:F:\calibre_code_intern\selenium-java-3.141.59\libs\okhttp-3.11.0.jar:F:\calibre_code_intern\selenium-java-3.141.59\libs\okio-1.14.0.jar org.testng.remote.RemoteTestNG -serport 30086 -protocol json -d F:\calibre_code_intern\AutomationPro1\test-output C:\Users\KALON\AppData\Local\Temp\testng-eclipse--13572157\testng-customsuite.xml

!ENTRY org.testng.eclipse 1 0 2019-04-05 13:55:02.808
!MESSAGE [TestNGLaunchShortcut] Examining Java element:[Working copy] EmployeeFeatures.java [in Tests [in src [in AutomationPro1]]]
  package Tests
  import org.testng.annotations.Test
  import Configuration.Configuration
  import Data.TestData.EmployeePageData
  import Data.TestData.HomePageData
  import Data.TestData.LandingPageData
  import Data.TestData.LoginData
  import Pages.EmployeePage
  import Pages.HomePage
  import Pages.LandingPage
  import Pages.LoginPage
  class EmployeeFeatures
    void empPlusSuccess()

!ENTRY org.testng.eclipse 1 0 2019-04-05 13:55:02.981
!MESSAGE [TestNGLaunchConfigurationDelegate] Launching:
  Classpath: G:\eclipse\plugins\org.testng.eclipse_6.9.13.201609291640\lib\testng-remote.jar G:\eclipse\plugins\org.testng.eclipse_6.9.13.201609291640\lib\testng.jar G:\eclipse\plugins\org.testng.eclipse_6.9.13.201609291640\lib\jcommander.jar G:\eclipse\plugins\org.testng.eclipse_6.9.13.201609291640\lib\bsh-2.0b4.jar G:\eclipse\plugins\org.testng.eclipse_6.9.13.201609291640\lib\snakeyaml.jar G:\eclipse\plugins\org.junit_4.12.0.v201504281640\junit.jar G:\eclipse\plugins\org.hamcrest.core_1.3.0.v201303031735.jar F:\calibre_code_intern\AutomationPro1\bin F:\calibre_code_intern\selenium-java-3.141.59\client-combined-3.141.59.jar F:\calibre_code_intern\selenium-java-3.141.59\client-combined-3.141.59-sources.jar F:\calibre_code_intern\selenium-java-3.141.59\libs\byte-buddy-1.8.15.jar F:\calibre_code_intern\selenium-java-3.141.59\libs\commons-exec-1.3.jar F:\calibre_code_intern\selenium-java-3.141.59\libs\guava-25.0-jre.jar F:\calibre_code_intern\selenium-java-3.141.59\libs\okhttp-3.11.0.jar F:\calibre_code_intern\selenium-java-3.141.59\libs\okio-1.14.0.jar
  VMArgs:    -ea
  Class:     org.testng.remote.RemoteTestNG
  Args:      -serport 30479 -protocol json -d F:\calibre_code_intern\AutomationPro1\test-output C:\Users\KALON\AppData\Local\Temp\testng-eclipse--762710559\testng-customsuite.xml
java -ea -classpath G:\eclipse\plugins\org.testng.eclipse_6.9.13.201609291640\lib\testng-remote.jar:G:\eclipse\plugins\org.testng.eclipse_6.9.13.201609291640\lib\testng.jar:G:\eclipse\plugins\org.testng.eclipse_6.9.13.201609291640\lib\jcommander.jar:G:\eclipse\plugins\org.testng.eclipse_6.9.13.201609291640\lib\bsh-2.0b4.jar:G:\eclipse\plugins\org.testng.eclipse_6.9.13.201609291640\lib\snakeyaml.jar:G:\eclipse\plugins\org.junit_4.12.0.v201504281640\junit.jar:G:\eclipse\plugins\org.hamcrest.core_1.3.0.v201303031735.jar:F:\calibre_code_intern\AutomationPro1\bin:F:\calibre_code_intern\selenium-java-3.141.59\client-combined-3.141.59.jar:F:\calibre_code_intern\selenium-java-3.141.59\client-combined-3.141.59-sources.jar:F:\calibre_code_intern\selenium-java-3.141.59\libs\byte-buddy-1.8.15.jar:F:\calibre_code_intern\selenium-java-3.141.59\libs\commons-exec-1.3.jar:F:\calibre_code_intern\selenium-java-3.141.59\libs\guava-25.0-jre.jar:F:\calibre_code_intern\selenium-java-3.141.59\libs\okhttp-3.11.0.jar:F:\calibre_code_intern\selenium-java-3.141.59\libs\okio-1.14.0.jar org.testng.remote.RemoteTestNG -serport 30479 -protocol json -d F:\calibre_code_intern\AutomationPro1\test-output C:\Users\KALON\AppData\Local\Temp\testng-eclipse--762710559\testng-customsuite.xml

!ENTRY org.testng.eclipse 1 0 2019-04-05 13:56:51.026
!MESSAGE [TestNGLaunchShortcut] Examining Java element:[Working copy] EmployeeFeatures.java [in Tests [in src [in AutomationPro1]]]
  package Tests
  import org.testng.annotations.Test
  import Configuration.Configuration
  import Data.TestData.EmployeePageData
  import Data.TestData.HomePageData
  import Data.TestData.LandingPageData
  import Data.TestData.LoginData
  import Pages.EmployeePage
  import Pages.HomePage
  import Pages.LandingPage
  import Pages.LoginPage
  class EmployeeFeatures
    void empPlusSuccess()

!ENTRY org.testng.eclipse 1 0 2019-04-05 13:56:51.260
!MESSAGE [TestNGLaunchConfigurationDelegate] Launching:
  Classpath: G:\eclipse\plugins\org.testng.eclipse_6.9.13.201609291640\lib\testng-remote.jar G:\eclipse\plugins\org.testng.eclipse_6.9.13.201609291640\lib\testng.jar G:\eclipse\plugins\org.testng.eclipse_6.9.13.201609291640\lib\jcommander.jar G:\eclipse\plugins\org.testng.eclipse_6.9.13.201609291640\lib\bsh-2.0b4.jar G:\eclipse\plugins\org.testng.eclipse_6.9.13.201609291640\lib\snakeyaml.jar G:\eclipse\plugins\org.junit_4.12.0.v201504281640\junit.jar G:\eclipse\plugins\org.hamcrest.core_1.3.0.v201303031735.jar F:\calibre_code_intern\AutomationPro1\bin F:\calibre_code_intern\selenium-java-3.141.59\client-combined-3.141.59.jar F:\calibre_code_intern\selenium-java-3.141.59\client-combined-3.141.59-sources.jar F:\calibre_code_intern\selenium-java-3.141.59\libs\byte-buddy-1.8.15.jar F:\calibre_code_intern\selenium-java-3.141.59\libs\commons-exec-1.3.jar F:\calibre_code_intern\selenium-java-3.141.59\libs\guava-25.0-jre.jar F:\calibre_code_intern\selenium-java-3.141.59\libs\okhttp-3.11.0.jar F:\calibre_code_intern\selenium-java-3.141.59\libs\okio-1.14.0.jar
  VMArgs:    -ea
  Class:     org.testng.remote.RemoteTestNG
  Args:      -serport 30655 -protocol json -d F:\calibre_code_intern\AutomationPro1\test-output C:\Users\KALON\AppData\Local\Temp\testng-eclipse--4585015\testng-customsuite.xml
java -ea -classpath G:\eclipse\plugins\org.testng.eclipse_6.9.13.201609291640\lib\testng-remote.jar:G:\eclipse\plugins\org.testng.eclipse_6.9.13.201609291640\lib\testng.jar:G:\eclipse\plugins\org.testng.eclipse_6.9.13.201609291640\lib\jcommander.jar:G:\eclipse\plugins\org.testng.eclipse_6.9.13.201609291640\lib\bsh-2.0b4.jar:G:\eclipse\plugins\org.testng.eclipse_6.9.13.201609291640\lib\snakeyaml.jar:G:\eclipse\plugins\org.junit_4.12.0.v201504281640\junit.jar:G:\eclipse\plugins\org.hamcrest.core_1.3.0.v201303031735.jar:F:\calibre_code_intern\AutomationPro1\bin:F:\calibre_code_intern\selenium-java-3.141.59\client-combined-3.141.59.jar:F:\calibre_code_intern\selenium-java-3.141.59\client-combined-3.141.59-sources.jar:F:\calibre_code_intern\selenium-java-3.141.59\libs\byte-buddy-1.8.15.jar:F:\calibre_code_intern\selenium-java-3.141.59\libs\commons-exec-1.3.jar:F:\calibre_code_intern\selenium-java-3.141.59\libs\guava-25.0-jre.jar:F:\calibre_code_intern\selenium-java-3.141.59\libs\okhttp-3.11.0.jar:F:\calibre_code_intern\selenium-java-3.141.59\libs\okio-1.14.0.jar org.testng.remote.RemoteTestNG -serport 30655 -protocol json -d F:\calibre_code_intern\AutomationPro1\test-output C:\Users\KALON\AppData\Local\Temp\testng-eclipse--4585015\testng-customsuite.xml

!ENTRY org.testng.eclipse 1 0 2019-04-05 14:01:28.203
!MESSAGE [TestNGLaunchShortcut] Examining Java element:[Working copy] EmployeeFeatures.java [in Tests [in src [in AutomationPro1]]]
  package Tests
  import org.testng.annotations.Test
  import Configuration.Configuration
  import Data.TestData.EmployeePageData
  import Data.TestData.HomePageData
  import Data.TestData.LandingPageData
  import Data.TestData.LoginData
  import Pages.EmployeePage
  import Pages.HomePage
  import Pages.LandingPage
  import Pages.LoginPage
  class EmployeeFeatures
    void empPlusSuccess()

!ENTRY org.testng.eclipse 1 0 2019-04-05 14:01:28.392
!MESSAGE [TestNGLaunchConfigurationDelegate] Launching:
  Classpath: G:\eclipse\plugins\org.testng.eclipse_6.9.13.201609291640\lib\testng-remote.jar G:\eclipse\plugins\org.testng.eclipse_6.9.13.201609291640\lib\testng.jar G:\eclipse\plugins\org.testng.eclipse_6.9.13.201609291640\lib\jcommander.jar G:\eclipse\plugins\org.testng.eclipse_6.9.13.201609291640\lib\bsh-2.0b4.jar G:\eclipse\plugins\org.testng.eclipse_6.9.13.201609291640\lib\snakeyaml.jar G:\eclipse\plugins\org.junit_4.12.0.v201504281640\junit.jar G:\eclipse\plugins\org.hamcrest.core_1.3.0.v201303031735.jar F:\calibre_code_intern\AutomationPro1\bin F:\calibre_code_intern\selenium-java-3.141.59\client-combined-3.141.59.jar F:\calibre_code_intern\selenium-java-3.141.59\client-combined-3.141.59-sources.jar F:\calibre_code_intern\selenium-java-3.141.59\libs\byte-buddy-1.8.15.jar F:\calibre_code_intern\selenium-java-3.141.59\libs\commons-exec-1.3.jar F:\calibre_code_intern\selenium-java-3.141.59\libs\guava-25.0-jre.jar F:\calibre_code_intern\selenium-java-3.141.59\libs\okhttp-3.11.0.jar F:\calibre_code_intern\selenium-java-3.141.59\libs\okio-1.14.0.jar
  VMArgs:    -ea
  Class:     org.testng.remote.RemoteTestNG
  Args:      -serport 30982 -protocol json -d F:\calibre_code_intern\AutomationPro1\test-output C:\Users\KALON\AppData\Local\Temp\testng-eclipse-534061801\testng-customsuite.xml
java -ea -classpath G:\eclipse\plugins\org.testng.eclipse_6.9.13.201609291640\lib\testng-remote.jar:G:\eclipse\plugins\org.testng.eclipse_6.9.13.201609291640\lib\testng.jar:G:\eclipse\plugins\org.testng.eclipse_6.9.13.201609291640\lib\jcommander.jar:G:\eclipse\plugins\org.testng.eclipse_6.9.13.201609291640\lib\bsh-2.0b4.jar:G:\eclipse\plugins\org.testng.eclipse_6.9.13.201609291640\lib\snakeyaml.jar:G:\eclipse\plugins\org.junit_4.12.0.v201504281640\junit.jar:G:\eclipse\plugins\org.hamcrest.core_1.3.0.v201303031735.jar:F:\calibre_code_intern\AutomationPro1\bin:F:\calibre_code_intern\selenium-java-3.141.59\client-combined-3.141.59.jar:F:\calibre_code_intern\selenium-java-3.141.59\client-combined-3.141.59-sources.jar:F:\calibre_code_intern\selenium-java-3.141.59\libs\byte-buddy-1.8.15.jar:F:\calibre_code_intern\selenium-java-3.141.59\libs\commons-exec-1.3.jar:F:\calibre_code_intern\selenium-java-3.141.59\libs\guava-25.0-jre.jar:F:\calibre_code_intern\selenium-java-3.141.59\libs\okhttp-3.11.0.jar:F:\calibre_code_intern\selenium-java-3.141.59\libs\okio-1.14.0.jar org.testng.remote.RemoteTestNG -serport 30982 -protocol json -d F:\calibre_code_intern\AutomationPro1\test-output C:\Users\KALON\AppData\Local\Temp\testng-eclipse-534061801\testng-customsuite.xml

!ENTRY org.testng.eclipse 1 0 2019-04-05 14:14:03.491
!MESSAGE [TestNGLaunchShortcut] Examining Java element:[Working copy] EmployeeFeatures.java [in Tests [in src [in AutomationPro1]]]
  package Tests
  import org.testng.annotations.Test
  import Configuration.Configuration
  import Data.TestData.EmployeePageData
  import Data.TestData.HomePageData
  import Data.TestData.LandingPageData
  import Data.TestData.LoginData
  import Pages.EmployeePage
  import Pages.HomePage
  import Pages.LandingPage
  import Pages.LoginPage
  class EmployeeFeatures
    void empPlusSuccess()

!ENTRY org.testng.eclipse 1 0 2019-04-05 14:14:03.665
!MESSAGE [TestNGLaunchConfigurationDelegate] Launching:
  Classpath: G:\eclipse\plugins\org.testng.eclipse_6.9.13.201609291640\lib\testng-remote.jar G:\eclipse\plugins\org.testng.eclipse_6.9.13.201609291640\lib\testng.jar G:\eclipse\plugins\org.testng.eclipse_6.9.13.201609291640\lib\jcommander.jar G:\eclipse\plugins\org.testng.eclipse_6.9.13.201609291640\lib\bsh-2.0b4.jar G:\eclipse\plugins\org.testng.eclipse_6.9.13.201609291640\lib\snakeyaml.jar G:\eclipse\plugins\org.junit_4.12.0.v201504281640\junit.jar G:\eclipse\plugins\org.hamcrest.core_1.3.0.v201303031735.jar F:\calibre_code_intern\AutomationPro1\bin F:\calibre_code_intern\selenium-java-3.141.59\client-combined-3.141.59.jar F:\calibre_code_intern\selenium-java-3.141.59\client-combined-3.141.59-sources.jar F:\calibre_code_intern\selenium-java-3.141.59\libs\byte-buddy-1.8.15.jar F:\calibre_code_intern\selenium-java-3.141.59\libs\commons-exec-1.3.jar F:\calibre_code_intern\selenium-java-3.141.59\libs\guava-25.0-jre.jar F:\calibre_code_intern\selenium-java-3.141.59\libs\okhttp-3.11.0.jar F:\calibre_code_intern\selenium-java-3.141.59\libs\okio-1.14.0.jar
  VMArgs:    -ea
  Class:     org.testng.remote.RemoteTestNG
  Args:      -serport 31716 -protocol json -d F:\calibre_code_intern\AutomationPro1\test-output C:\Users\KALON\AppData\Local\Temp\testng-eclipse--1713196349\testng-customsuite.xml
java -ea -classpath G:\eclipse\plugins\org.testng.eclipse_6.9.13.201609291640\lib\testng-remote.jar:G:\eclipse\plugins\org.testng.eclipse_6.9.13.201609291640\lib\testng.jar:G:\eclipse\plugins\org.testng.eclipse_6.9.13.201609291640\lib\jcommander.jar:G:\eclipse\plugins\org.testng.eclipse_6.9.13.201609291640\lib\bsh-2.0b4.jar:G:\eclipse\plugins\org.testng.eclipse_6.9.13.201609291640\lib\snakeyaml.jar:G:\eclipse\plugins\org.junit_4.12.0.v201504281640\junit.jar:G:\eclipse\plugins\org.hamcrest.core_1.3.0.v201303031735.jar:F:\calibre_code_intern\AutomationPro1\bin:F:\calibre_code_intern\selenium-java-3.141.59\client-combined-3.141.59.jar:F:\calibre_code_intern\selenium-java-3.141.59\client-combined-3.141.59-sources.jar:F:\calibre_code_intern\selenium-java-3.141.59\libs\byte-buddy-1.8.15.jar:F:\calibre_code_intern\selenium-java-3.141.59\libs\commons-exec-1.3.jar:F:\calibre_code_intern\selenium-java-3.141.59\libs\guava-25.0-jre.jar:F:\calibre_code_intern\selenium-java-3.141.59\libs\okhttp-3.11.0.jar:F:\calibre_code_intern\selenium-java-3.141.59\libs\okio-1.14.0.jar org.testng.remote.RemoteTestNG -serport 31716 -protocol json -d F:\calibre_code_intern\AutomationPro1\test-output C:\Users\KALON\AppData\Local\Temp\testng-eclipse--1713196349\testng-customsuite.xml

!ENTRY org.testng.eclipse 1 0 2019-04-05 14:15:17.644
!MESSAGE [TestNGLaunchShortcut] Examining Java element:[Working copy] EmployeeFeatures.java [in Tests [in src [in AutomationPro1]]]
  package Tests
  import org.testng.annotations.Test
  import Configuration.Configuration
  import Data.TestData.EmployeePageData
  import Data.TestData.HomePageData
  import Data.TestData.LandingPageData
  import Data.TestData.LoginData
  import Pages.EmployeePage
  import Pages.HomePage
  import Pages.LandingPage
  import Pages.LoginPage
  class EmployeeFeatures
    void empPlusSuccess()

!ENTRY org.testng.eclipse 1 0 2019-04-05 14:15:17.811
!MESSAGE [TestNGLaunchConfigurationDelegate] Launching:
  Classpath: G:\eclipse\plugins\org.testng.eclipse_6.9.13.201609291640\lib\testng-remote.jar G:\eclipse\plugins\org.testng.eclipse_6.9.13.201609291640\lib\testng.jar G:\eclipse\plugins\org.testng.eclipse_6.9.13.201609291640\lib\jcommander.jar G:\eclipse\plugins\org.testng.eclipse_6.9.13.201609291640\lib\bsh-2.0b4.jar G:\eclipse\plugins\org.testng.eclipse_6.9.13.201609291640\lib\snakeyaml.jar G:\eclipse\plugins\org.junit_4.12.0.v201504281640\junit.jar G:\eclipse\plugins\org.hamcrest.core_1.3.0.v201303031735.jar F:\calibre_code_intern\AutomationPro1\bin F:\calibre_code_intern\selenium-java-3.141.59\client-combined-3.141.59.jar F:\calibre_code_intern\selenium-java-3.141.59\client-combined-3.141.59-sources.jar F:\calibre_code_intern\selenium-java-3.141.59\libs\byte-buddy-1.8.15.jar F:\calibre_code_intern\selenium-java-3.141.59\libs\commons-exec-1.3.jar F:\calibre_code_intern\selenium-java-3.141.59\libs\guava-25.0-jre.jar F:\calibre_code_intern\selenium-java-3.141.59\libs\okhttp-3.11.0.jar F:\calibre_code_intern\selenium-java-3.141.59\libs\okio-1.14.0.jar
  VMArgs:    -ea
  Class:     org.testng.remote.RemoteTestNG
  Args:      -serport 31840 -protocol json -d F:\calibre_code_intern\AutomationPro1\test-output C:\Users\KALON\AppData\Local\Temp\testng-eclipse-343545389\testng-customsuite.xml
java -ea -classpath G:\eclipse\plugins\org.testng.eclipse_6.9.13.201609291640\lib\testng-remote.jar:G:\eclipse\plugins\org.testng.eclipse_6.9.13.201609291640\lib\testng.jar:G:\eclipse\plugins\org.testng.eclipse_6.9.13.201609291640\lib\jcommander.jar:G:\eclipse\plugins\org.testng.eclipse_6.9.13.201609291640\lib\bsh-2.0b4.jar:G:\eclipse\plugins\org.testng.eclipse_6.9.13.201609291640\lib\snakeyaml.jar:G:\eclipse\plugins\org.junit_4.12.0.v201504281640\junit.jar:G:\eclipse\plugins\org.hamcrest.core_1.3.0.v201303031735.jar:F:\calibre_code_intern\AutomationPro1\bin:F:\calibre_code_intern\selenium-java-3.141.59\client-combined-3.141.59.jar:F:\calibre_code_intern\selenium-java-3.141.59\client-combined-3.141.59-sources.jar:F:\calibre_code_intern\selenium-java-3.141.59\libs\byte-buddy-1.8.15.jar:F:\calibre_code_intern\selenium-java-3.141.59\libs\commons-exec-1.3.jar:F:\calibre_code_intern\selenium-java-3.141.59\libs\guava-25.0-jre.jar:F:\calibre_code_intern\selenium-java-3.141.59\libs\okhttp-3.11.0.jar:F:\calibre_code_intern\selenium-java-3.141.59\libs\okio-1.14.0.jar org.testng.remote.RemoteTestNG -serport 31840 -protocol json -d F:\calibre_code_intern\AutomationPro1\test-output C:\Users\KALON\AppData\Local\Temp\testng-eclipse-343545389\testng-customsuite.xml

!ENTRY org.testng.eclipse 1 0 2019-04-05 14:30:48.383
!MESSAGE [TestNGLaunchShortcut] Examining Java element:[Working copy] EmployeeFeatures.java [in Tests [in src [in AutomationPro1]]]
  package Tests
  import org.testng.annotations.Test
  import Configuration.Configuration
  import Data.TestData.EmployeePageData
  import Data.TestData.HomePageData
  import Data.TestData.LandingPageData
  import Data.TestData.LoginData
  import Pages.EmployeePage
  import Pages.HomePage
  import Pages.LandingPage
  import Pages.LoginPage
  class EmployeeFeatures
    void empPlusSuccess()

!ENTRY org.testng.eclipse 1 0 2019-04-05 14:30:51.444
!MESSAGE [TestNGLaunchConfigurationDelegate] Launching:
  Classpath: G:\eclipse\plugins\org.testng.eclipse_6.9.13.201609291640\lib\testng-remote.jar G:\eclipse\plugins\org.testng.eclipse_6.9.13.201609291640\lib\testng.jar G:\eclipse\plugins\org.testng.eclipse_6.9.13.201609291640\lib\jcommander.jar G:\eclipse\plugins\org.testng.eclipse_6.9.13.201609291640\lib\bsh-2.0b4.jar G:\eclipse\plugins\org.testng.eclipse_6.9.13.201609291640\lib\snakeyaml.jar G:\eclipse\plugins\org.junit_4.12.0.v201504281640\junit.jar G:\eclipse\plugins\org.hamcrest.core_1.3.0.v201303031735.jar F:\calibre_code_intern\AutomationPro1\bin F:\calibre_code_intern\selenium-java-3.141.59\client-combined-3.141.59.jar F:\calibre_code_intern\selenium-java-3.141.59\client-combined-3.141.59-sources.jar F:\calibre_code_intern\selenium-java-3.141.59\libs\byte-buddy-1.8.15.jar F:\calibre_code_intern\selenium-java-3.141.59\libs\commons-exec-1.3.jar F:\calibre_code_intern\selenium-java-3.141.59\libs\guava-25.0-jre.jar F:\calibre_code_intern\selenium-java-3.141.59\libs\okhttp-3.11.0.jar F:\calibre_code_intern\selenium-java-3.141.59\libs\okio-1.14.0.jar
  VMArgs:    -ea
  Class:     org.testng.remote.RemoteTestNG
  Args:      -serport 32753 -protocol json -d F:\calibre_code_intern\AutomationPro1\test-output C:\Users\KALON\AppData\Local\Temp\testng-eclipse-2026414652\testng-customsuite.xml
java -ea -classpath G:\eclipse\plugins\org.testng.eclipse_6.9.13.201609291640\lib\testng-remote.jar:G:\eclipse\plugins\org.testng.eclipse_6.9.13.201609291640\lib\testng.jar:G:\eclipse\plugins\org.testng.eclipse_6.9.13.201609291640\lib\jcommander.jar:G:\eclipse\plugins\org.testng.eclipse_6.9.13.201609291640\lib\bsh-2.0b4.jar:G:\eclipse\plugins\org.testng.eclipse_6.9.13.201609291640\lib\snakeyaml.jar:G:\eclipse\plugins\org.junit_4.12.0.v201504281640\junit.jar:G:\eclipse\plugins\org.hamcrest.core_1.3.0.v201303031735.jar:F:\calibre_code_intern\AutomationPro1\bin:F:\calibre_code_intern\selenium-java-3.141.59\client-combined-3.141.59.jar:F:\calibre_code_intern\selenium-java-3.141.59\client-combined-3.141.59-sources.jar:F:\calibre_code_intern\selenium-java-3.141.59\libs\byte-buddy-1.8.15.jar:F:\calibre_code_intern\selenium-java-3.141.59\libs\commons-exec-1.3.jar:F:\calibre_code_intern\selenium-java-3.141.59\libs\guava-25.0-jre.jar:F:\calibre_code_intern\selenium-java-3.141.59\libs\okhttp-3.11.0.jar:F:\calibre_code_intern\selenium-java-3.141.59\libs\okio-1.14.0.jar org.testng.remote.RemoteTestNG -serport 32753 -protocol json -d F:\calibre_code_intern\AutomationPro1\test-output C:\Users\KALON\AppData\Local\Temp\testng-eclipse-2026414652\testng-customsuite.xml

!ENTRY org.testng.eclipse 1 0 2019-04-05 14:36:36.135
!MESSAGE [TestNGLaunchShortcut] Examining Java element:[Working copy] EmployeeFeatures.java [in Tests [in src [in AutomationPro1]]]
  package Tests
  import org.testng.annotations.Test
  import Configuration.Configuration
  import Data.TestData.EmployeePageData
  import Data.TestData.HomePageData
  import Data.TestData.LandingPageData
  import Data.TestData.LoginData
  import Pages.EmployeePage
  import Pages.HomePage
  import Pages.LandingPage
  import Pages.LoginPage
  class EmployeeFeatures
    void empPlusSuccess()

!ENTRY org.testng.eclipse 1 0 2019-04-05 14:36:36.310
!MESSAGE [TestNGLaunchConfigurationDelegate] Launching:
  Classpath: G:\eclipse\plugins\org.testng.eclipse_6.9.13.201609291640\lib\testng-remote.jar G:\eclipse\plugins\org.testng.eclipse_6.9.13.201609291640\lib\testng.jar G:\eclipse\plugins\org.testng.eclipse_6.9.13.201609291640\lib\jcommander.jar G:\eclipse\plugins\org.testng.eclipse_6.9.13.201609291640\lib\bsh-2.0b4.jar G:\eclipse\plugins\org.testng.eclipse_6.9.13.201609291640\lib\snakeyaml.jar G:\eclipse\plugins\org.junit_4.12.0.v201504281640\junit.jar G:\eclipse\plugins\org.hamcrest.core_1.3.0.v201303031735.jar F:\calibre_code_intern\AutomationPro1\bin F:\calibre_code_intern\selenium-java-3.141.59\client-combined-3.141.59.jar F:\calibre_code_intern\selenium-java-3.141.59\client-combined-3.141.59-sources.jar F:\calibre_code_intern\selenium-java-3.141.59\libs\byte-buddy-1.8.15.jar F:\calibre_code_intern\selenium-java-3.141.59\libs\commons-exec-1.3.jar F:\calibre_code_intern\selenium-java-3.141.59\libs\guava-25.0-jre.jar F:\calibre_code_intern\selenium-java-3.141.59\libs\okhttp-3.11.0.jar F:\calibre_code_intern\selenium-java-3.141.59\libs\okio-1.14.0.jar
  VMArgs:    -ea
  Class:     org.testng.remote.RemoteTestNG
  Args:      -serport 33138 -protocol json -d F:\calibre_code_intern\AutomationPro1\test-output C:\Users\KALON\AppData\Local\Temp\testng-eclipse--1444514090\testng-customsuite.xml
java -ea -classpath G:\eclipse\plugins\org.testng.eclipse_6.9.13.201609291640\lib\testng-remote.jar:G:\eclipse\plugins\org.testng.eclipse_6.9.13.201609291640\lib\testng.jar:G:\eclipse\plugins\org.testng.eclipse_6.9.13.201609291640\lib\jcommander.jar:G:\eclipse\plugins\org.testng.eclipse_6.9.13.201609291640\lib\bsh-2.0b4.jar:G:\eclipse\plugins\org.testng.eclipse_6.9.13.201609291640\lib\snakeyaml.jar:G:\eclipse\plugins\org.junit_4.12.0.v201504281640\junit.jar:G:\eclipse\plugins\org.hamcrest.core_1.3.0.v201303031735.jar:F:\calibre_code_intern\AutomationPro1\bin:F:\calibre_code_intern\selenium-java-3.141.59\client-combined-3.141.59.jar:F:\calibre_code_intern\selenium-java-3.141.59\client-combined-3.141.59-sources.jar:F:\calibre_code_intern\selenium-java-3.141.59\libs\byte-buddy-1.8.15.jar:F:\calibre_code_intern\selenium-java-3.141.59\libs\commons-exec-1.3.jar:F:\calibre_code_intern\selenium-java-3.141.59\libs\guava-25.0-jre.jar:F:\calibre_code_intern\selenium-java-3.141.59\libs\okhttp-3.11.0.jar:F:\calibre_code_intern\selenium-java-3.141.59\libs\okio-1.14.0.jar org.testng.remote.RemoteTestNG -serport 33138 -protocol json -d F:\calibre_code_intern\AutomationPro1\test-output C:\Users\KALON\AppData\Local\Temp\testng-eclipse--1444514090\testng-customsuite.xml

!ENTRY org.testng.eclipse 1 0 2019-04-05 14:38:02.192
!MESSAGE [TestNGLaunchShortcut] Examining Java element:[Working copy] EmployeeFeatures.java [in Tests [in src [in AutomationPro1]]]
  package Tests
  import org.testng.annotations.Test
  import Configuration.Configuration
  import Data.TestData.EmployeePageData
  import Data.TestData.HomePageData
  import Data.TestData.LandingPageData
  import Data.TestData.LoginData
  import Pages.EmployeePage
  import Pages.HomePage
  import Pages.LandingPage
  import Pages.LoginPage
  class EmployeeFeatures
    void empPlusSuccess()

!ENTRY org.testng.eclipse 1 0 2019-04-05 14:38:02.510
!MESSAGE [TestNGLaunchConfigurationDelegate] Launching:
  Classpath: G:\eclipse\plugins\org.testng.eclipse_6.9.13.201609291640\lib\testng-remote.jar G:\eclipse\plugins\org.testng.eclipse_6.9.13.201609291640\lib\testng.jar G:\eclipse\plugins\org.testng.eclipse_6.9.13.201609291640\lib\jcommander.jar G:\eclipse\plugins\org.testng.eclipse_6.9.13.201609291640\lib\bsh-2.0b4.jar G:\eclipse\plugins\org.testng.eclipse_6.9.13.201609291640\lib\snakeyaml.jar G:\eclipse\plugins\org.junit_4.12.0.v201504281640\junit.jar G:\eclipse\plugins\org.hamcrest.core_1.3.0.v201303031735.jar F:\calibre_code_intern\AutomationPro1\bin F:\calibre_code_intern\selenium-java-3.141.59\client-combined-3.141.59.jar F:\calibre_code_intern\selenium-java-3.141.59\client-combined-3.141.59-sources.jar F:\calibre_code_intern\selenium-java-3.141.59\libs\byte-buddy-1.8.15.jar F:\calibre_code_intern\selenium-java-3.141.59\libs\commons-exec-1.3.jar F:\calibre_code_intern\selenium-java-3.141.59\libs\guava-25.0-jre.jar F:\calibre_code_intern\selenium-java-3.141.59\libs\okhttp-3.11.0.jar F:\calibre_code_intern\selenium-java-3.141.59\libs\okio-1.14.0.jar
  VMArgs:    -ea
  Class:     org.testng.remote.RemoteTestNG
  Args:      -serport 33309 -protocol json -d F:\calibre_code_intern\AutomationPro1\test-output C:\Users\KALON\AppData\Local\Temp\testng-eclipse--496584221\testng-customsuite.xml
java -ea -classpath G:\eclipse\plugins\org.testng.eclipse_6.9.13.201609291640\lib\testng-remote.jar:G:\eclipse\plugins\org.testng.eclipse_6.9.13.201609291640\lib\testng.jar:G:\eclipse\plugins\org.testng.eclipse_6.9.13.201609291640\lib\jcommander.jar:G:\eclipse\plugins\org.testng.eclipse_6.9.13.201609291640\lib\bsh-2.0b4.jar:G:\eclipse\plugins\org.testng.eclipse_6.9.13.201609291640\lib\snakeyaml.jar:G:\eclipse\plugins\org.junit_4.12.0.v201504281640\junit.jar:G:\eclipse\plugins\org.hamcrest.core_1.3.0.v201303031735.jar:F:\calibre_code_intern\AutomationPro1\bin:F:\calibre_code_intern\selenium-java-3.141.59\client-combined-3.141.59.jar:F:\calibre_code_intern\selenium-java-3.141.59\client-combined-3.141.59-sources.jar:F:\calibre_code_intern\selenium-java-3.141.59\libs\byte-buddy-1.8.15.jar:F:\calibre_code_intern\selenium-java-3.141.59\libs\commons-exec-1.3.jar:F:\calibre_code_intern\selenium-java-3.141.59\libs\guava-25.0-jre.jar:F:\calibre_code_intern\selenium-java-3.141.59\libs\okhttp-3.11.0.jar:F:\calibre_code_intern\selenium-java-3.141.59\libs\okio-1.14.0.jar org.testng.remote.RemoteTestNG -serport 33309 -protocol json -d F:\calibre_code_intern\AutomationPro1\test-output C:\Users\KALON\AppData\Local\Temp\testng-eclipse--496584221\testng-customsuite.xml

!ENTRY org.testng.eclipse 1 0 2019-04-05 14:45:33.228
!MESSAGE [TestNGLaunchConfigurationDelegate] Launching:
  Classpath: G:\eclipse\plugins\org.testng.eclipse_6.9.13.201609291640\lib\testng-remote.jar G:\eclipse\plugins\org.testng.eclipse_6.9.13.201609291640\lib\testng.jar G:\eclipse\plugins\org.testng.eclipse_6.9.13.201609291640\lib\jcommander.jar G:\eclipse\plugins\org.testng.eclipse_6.9.13.201609291640\lib\bsh-2.0b4.jar G:\eclipse\plugins\org.testng.eclipse_6.9.13.201609291640\lib\snakeyaml.jar G:\eclipse\plugins\org.junit_4.12.0.v201504281640\junit.jar G:\eclipse\plugins\org.hamcrest.core_1.3.0.v201303031735.jar F:\calibre_code_intern\AutomationPro1\bin F:\calibre_code_intern\selenium-java-3.141.59\client-combined-3.141.59.jar F:\calibre_code_intern\selenium-java-3.141.59\client-combined-3.141.59-sources.jar F:\calibre_code_intern\selenium-java-3.141.59\libs\byte-buddy-1.8.15.jar F:\calibre_code_intern\selenium-java-3.141.59\libs\commons-exec-1.3.jar F:\calibre_code_intern\selenium-java-3.141.59\libs\guava-25.0-jre.jar F:\calibre_code_intern\selenium-java-3.141.59\libs\okhttp-3.11.0.jar F:\calibre_code_intern\selenium-java-3.141.59\libs\okio-1.14.0.jar
  VMArgs:    -ea
  Class:     org.testng.remote.RemoteTestNG
  Args:      -serport 33773 -protocol json -d F:\calibre_code_intern\AutomationPro1\test-output C:\Users\KALON\AppData\Local\Temp\testng-eclipse--923628141\testng-customsuite.xml
java -ea -classpath G:\eclipse\plugins\org.testng.eclipse_6.9.13.201609291640\lib\testng-remote.jar:G:\eclipse\plugins\org.testng.eclipse_6.9.13.201609291640\lib\testng.jar:G:\eclipse\plugins\org.testng.eclipse_6.9.13.201609291640\lib\jcommander.jar:G:\eclipse\plugins\org.testng.eclipse_6.9.13.201609291640\lib\bsh-2.0b4.jar:G:\eclipse\plugins\org.testng.eclipse_6.9.13.201609291640\lib\snakeyaml.jar:G:\eclipse\plugins\org.junit_4.12.0.v201504281640\junit.jar:G:\eclipse\plugins\org.hamcrest.core_1.3.0.v201303031735.jar:F:\calibre_code_intern\AutomationPro1\bin:F:\calibre_code_intern\selenium-java-3.141.59\client-combined-3.141.59.jar:F:\calibre_code_intern\selenium-java-3.141.59\client-combined-3.141.59-sources.jar:F:\calibre_code_intern\selenium-java-3.141.59\libs\byte-buddy-1.8.15.jar:F:\calibre_code_intern\selenium-java-3.141.59\libs\commons-exec-1.3.jar:F:\calibre_code_intern\selenium-java-3.141.59\libs\guava-25.0-jre.jar:F:\calibre_code_intern\selenium-java-3.141.59\libs\okhttp-3.11.0.jar:F:\calibre_code_intern\selenium-java-3.141.59\libs\okio-1.14.0.jar org.testng.remote.RemoteTestNG -serport 33773 -protocol json -d F:\calibre_code_intern\AutomationPro1\test-output C:\Users\KALON\AppData\Local\Temp\testng-eclipse--923628141\testng-customsuite.xml

!ENTRY org.testng.eclipse 1 0 2019-04-05 14:46:55.722
!MESSAGE [TestNGLaunchConfigurationDelegate] Launching:
  Classpath: G:\eclipse\plugins\org.testng.eclipse_6.9.13.201609291640\lib\testng-remote.jar G:\eclipse\plugins\org.testng.eclipse_6.9.13.201609291640\lib\testng.jar G:\eclipse\plugins\org.testng.eclipse_6.9.13.201609291640\lib\jcommander.jar G:\eclipse\plugins\org.testng.eclipse_6.9.13.201609291640\lib\bsh-2.0b4.jar G:\eclipse\plugins\org.testng.eclipse_6.9.13.201609291640\lib\snakeyaml.jar G:\eclipse\plugins\org.junit_4.12.0.v201504281640\junit.jar G:\eclipse\plugins\org.hamcrest.core_1.3.0.v201303031735.jar F:\calibre_code_intern\AutomationPro1\bin F:\calibre_code_intern\selenium-java-3.141.59\client-combined-3.141.59.jar F:\calibre_code_intern\selenium-java-3.141.59\client-combined-3.141.59-sources.jar F:\calibre_code_intern\selenium-java-3.141.59\libs\byte-buddy-1.8.15.jar F:\calibre_code_intern\selenium-java-3.141.59\libs\commons-exec-1.3.jar F:\calibre_code_intern\selenium-java-3.141.59\libs\guava-25.0-jre.jar F:\calibre_code_intern\selenium-java-3.141.59\libs\okhttp-3.11.0.jar F:\calibre_code_intern\selenium-java-3.141.59\libs\okio-1.14.0.jar
  VMArgs:    -ea
  Class:     org.testng.remote.RemoteTestNG
  Args:      -serport 33897 -protocol json -d F:\calibre_code_intern\AutomationPro1\test-output C:\Users\KALON\AppData\Local\Temp\testng-eclipse-289423844\testng-customsuite.xml
java -ea -classpath G:\eclipse\plugins\org.testng.eclipse_6.9.13.201609291640\lib\testng-remote.jar:G:\eclipse\plugins\org.testng.eclipse_6.9.13.201609291640\lib\testng.jar:G:\eclipse\plugins\org.testng.eclipse_6.9.13.201609291640\lib\jcommander.jar:G:\eclipse\plugins\org.testng.eclipse_6.9.13.201609291640\lib\bsh-2.0b4.jar:G:\eclipse\plugins\org.testng.eclipse_6.9.13.201609291640\lib\snakeyaml.jar:G:\eclipse\plugins\org.junit_4.12.0.v201504281640\junit.jar:G:\eclipse\plugins\org.hamcrest.core_1.3.0.v201303031735.jar:F:\calibre_code_intern\AutomationPro1\bin:F:\calibre_code_intern\selenium-java-3.141.59\client-combined-3.141.59.jar:F:\calibre_code_intern\selenium-java-3.141.59\client-combined-3.141.59-sources.jar:F:\calibre_code_intern\selenium-java-3.141.59\libs\byte-buddy-1.8.15.jar:F:\calibre_code_intern\selenium-java-3.141.59\libs\commons-exec-1.3.jar:F:\calibre_code_intern\selenium-java-3.141.59\libs\guava-25.0-jre.jar:F:\calibre_code_intern\selenium-java-3.141.59\libs\okhttp-3.11.0.jar:F:\calibre_code_intern\selenium-java-3.141.59\libs\okio-1.14.0.jar org.testng.remote.RemoteTestNG -serport 33897 -protocol json -d F:\calibre_code_intern\AutomationPro1\test-output C:\Users\KALON\AppData\Local\Temp\testng-eclipse-289423844\testng-customsuite.xml

!ENTRY org.testng.eclipse 1 0 2019-04-05 15:01:47.633
!MESSAGE [TestNGLaunchShortcut] Examining Java element:[Working copy] EmployeeFeatures.java [in Tests [in src [in AutomationPro1]]]
  package Tests
  import org.testng.annotations.Test
  import Configuration.Configuration
  import Data.TestData.EmployeePageData
  import Data.TestData.HomePageData
  import Data.TestData.LandingPageData
  import Data.TestData.LoginData
  import Pages.EmployeePage
  import Pages.HomePage
  import Pages.LandingPage
  import Pages.LoginPage
  class EmployeeFeatures
    void empPlusSuccess()

!ENTRY org.testng.eclipse 1 0 2019-04-05 15:02:00.023
!MESSAGE [TestNGLaunchShortcut] Examining Java element:[Working copy] EmployeeFeatures.java [in Tests [in src [in AutomationPro1]]]
  package Tests
  import org.testng.annotations.Test
  import Configuration.Configuration
  import Data.TestData.EmployeePageData
  import Data.TestData.HomePageData
  import Data.TestData.LandingPageData
  import Data.TestData.LoginData
  import Pages.EmployeePage
  import Pages.HomePage
  import Pages.LandingPage
  import Pages.LoginPage
  class EmployeeFeatures
    void empPlusSuccess()

!ENTRY org.testng.eclipse 1 0 2019-04-05 15:02:01.524
!MESSAGE [TestNGLaunchConfigurationDelegate] Launching:
  Classpath: G:\eclipse\plugins\org.testng.eclipse_6.9.13.201609291640\lib\testng-remote.jar G:\eclipse\plugins\org.testng.eclipse_6.9.13.201609291640\lib\testng.jar G:\eclipse\plugins\org.testng.eclipse_6.9.13.201609291640\lib\jcommander.jar G:\eclipse\plugins\org.testng.eclipse_6.9.13.201609291640\lib\bsh-2.0b4.jar G:\eclipse\plugins\org.testng.eclipse_6.9.13.201609291640\lib\snakeyaml.jar G:\eclipse\plugins\org.junit_4.12.0.v201504281640\junit.jar G:\eclipse\plugins\org.hamcrest.core_1.3.0.v201303031735.jar F:\calibre_code_intern\AutomationPro1\bin F:\calibre_code_intern\selenium-java-3.141.59\client-combined-3.141.59.jar F:\calibre_code_intern\selenium-java-3.141.59\client-combined-3.141.59-sources.jar F:\calibre_code_intern\selenium-java-3.141.59\libs\byte-buddy-1.8.15.jar F:\calibre_code_intern\selenium-java-3.141.59\libs\commons-exec-1.3.jar F:\calibre_code_intern\selenium-java-3.141.59\libs\guava-25.0-jre.jar F:\calibre_code_intern\selenium-java-3.141.59\libs\okhttp-3.11.0.jar F:\calibre_code_intern\selenium-java-3.141.59\libs\okio-1.14.0.jar
  VMArgs:    -ea
  Class:     org.testng.remote.RemoteTestNG
  Args:      -serport 34780 -protocol json -d F:\calibre_code_intern\AutomationPro1\test-output C:\Users\KALON\AppData\Local\Temp\testng-eclipse-1620956065\testng-customsuite.xml
java -ea -classpath G:\eclipse\plugins\org.testng.eclipse_6.9.13.201609291640\lib\testng-remote.jar:G:\eclipse\plugins\org.testng.eclipse_6.9.13.201609291640\lib\testng.jar:G:\eclipse\plugins\org.testng.eclipse_6.9.13.201609291640\lib\jcommander.jar:G:\eclipse\plugins\org.testng.eclipse_6.9.13.201609291640\lib\bsh-2.0b4.jar:G:\eclipse\plugins\org.testng.eclipse_6.9.13.201609291640\lib\snakeyaml.jar:G:\eclipse\plugins\org.junit_4.12.0.v201504281640\junit.jar:G:\eclipse\plugins\org.hamcrest.core_1.3.0.v201303031735.jar:F:\calibre_code_intern\AutomationPro1\bin:F:\calibre_code_intern\selenium-java-3.141.59\client-combined-3.141.59.jar:F:\calibre_code_intern\selenium-java-3.141.59\client-combined-3.141.59-sources.jar:F:\calibre_code_intern\selenium-java-3.141.59\libs\byte-buddy-1.8.15.jar:F:\calibre_code_intern\selenium-java-3.141.59\libs\commons-exec-1.3.jar:F:\calibre_code_intern\selenium-java-3.141.59\libs\guava-25.0-jre.jar:F:\calibre_code_intern\selenium-java-3.141.59\libs\okhttp-3.11.0.jar:F:\calibre_code_intern\selenium-java-3.141.59\libs\okio-1.14.0.jar org.testng.remote.RemoteTestNG -serport 34780 -protocol json -d F:\calibre_code_intern\AutomationPro1\test-output C:\Users\KALON\AppData\Local\Temp\testng-eclipse-1620956065\testng-customsuite.xml

!ENTRY org.testng.eclipse 1 0 2019-04-05 15:40:44.615
!MESSAGE [TestNGLaunchShortcut] Examining Java element:[Working copy] EmployeeFeatures.java [in Tests [in src [in AutomationPro1]]]
  package Tests
  import org.testng.annotations.Test
  import Configuration.Configuration
  import Data.TestData.EmployeePageData
  import Data.TestData.HomePageData
  import Data.TestData.LandingPageData
  import Data.TestData.LoginData
  import Pages.EmployeePage
  import Pages.HomePage
  import Pages.LandingPage
  import Pages.LoginPage
  class EmployeeFeatures
    void empPlusSuccess()

!ENTRY org.testng.eclipse 1 0 2019-04-05 15:40:44.818
!MESSAGE [TestNGLaunchConfigurationDelegate] Launching:
  Classpath: G:\eclipse\plugins\org.testng.eclipse_6.9.13.201609291640\lib\testng-remote.jar G:\eclipse\plugins\org.testng.eclipse_6.9.13.201609291640\lib\testng.jar G:\eclipse\plugins\org.testng.eclipse_6.9.13.201609291640\lib\jcommander.jar G:\eclipse\plugins\org.testng.eclipse_6.9.13.201609291640\lib\bsh-2.0b4.jar G:\eclipse\plugins\org.testng.eclipse_6.9.13.201609291640\lib\snakeyaml.jar G:\eclipse\plugins\org.junit_4.12.0.v201504281640\junit.jar G:\eclipse\plugins\org.hamcrest.core_1.3.0.v201303031735.jar F:\calibre_code_intern\AutomationPro1\bin F:\calibre_code_intern\selenium-java-3.141.59\client-combined-3.141.59.jar F:\calibre_code_intern\selenium-java-3.141.59\client-combined-3.141.59-sources.jar F:\calibre_code_intern\selenium-java-3.141.59\libs\byte-buddy-1.8.15.jar F:\calibre_code_intern\selenium-java-3.141.59\libs\commons-exec-1.3.jar F:\calibre_code_intern\selenium-java-3.141.59\libs\guava-25.0-jre.jar F:\calibre_code_intern\selenium-java-3.141.59\libs\okhttp-3.11.0.jar F:\calibre_code_intern\selenium-java-3.141.59\libs\okio-1.14.0.jar
  VMArgs:    -ea
  Class:     org.testng.remote.RemoteTestNG
  Args:      -serport 36814 -protocol json -d F:\calibre_code_intern\AutomationPro1\test-output C:\Users\KALON\AppData\Local\Temp\testng-eclipse--669160810\testng-customsuite.xml
java -ea -classpath G:\eclipse\plugins\org.testng.eclipse_6.9.13.201609291640\lib\testng-remote.jar:G:\eclipse\plugins\org.testng.eclipse_6.9.13.201609291640\lib\testng.jar:G:\eclipse\plugins\org.testng.eclipse_6.9.13.201609291640\lib\jcommander.jar:G:\eclipse\plugins\org.testng.eclipse_6.9.13.201609291640\lib\bsh-2.0b4.jar:G:\eclipse\plugins\org.testng.eclipse_6.9.13.201609291640\lib\snakeyaml.jar:G:\eclipse\plugins\org.junit_4.12.0.v201504281640\junit.jar:G:\eclipse\plugins\org.hamcrest.core_1.3.0.v201303031735.jar:F:\calibre_code_intern\AutomationPro1\bin:F:\calibre_code_intern\selenium-java-3.141.59\client-combined-3.141.59.jar:F:\calibre_code_intern\selenium-java-3.141.59\client-combined-3.141.59-sources.jar:F:\calibre_code_intern\selenium-java-3.141.59\libs\byte-buddy-1.8.15.jar:F:\calibre_code_intern\selenium-java-3.141.59\libs\commons-exec-1.3.jar:F:\calibre_code_intern\selenium-java-3.141.59\libs\guava-25.0-jre.jar:F:\calibre_code_intern\selenium-java-3.141.59\libs\okhttp-3.11.0.jar:F:\calibre_code_intern\selenium-java-3.141.59\libs\okio-1.14.0.jar org.testng.remote.RemoteTestNG -serport 36814 -protocol json -d F:\calibre_code_intern\AutomationPro1\test-output C:\Users\KALON\AppData\Local\Temp\testng-eclipse--669160810\testng-customsuite.xml

!ENTRY org.testng.eclipse 1 0 2019-04-05 15:41:51.027
!MESSAGE [TestNGLaunchShortcut] Examining Java element:[Working copy] EmployeeFeatures.java [in Tests [in src [in AutomationPro1]]]
  package Tests
  import org.testng.annotations.Test
  import Configuration.Configuration
  import Data.TestData.EmployeePageData
  import Data.TestData.HomePageData
  import Data.TestData.LandingPageData
  import Data.TestData.LoginData
  import Pages.EmployeePage
  import Pages.HomePage
  import Pages.LandingPage
  import Pages.LoginPage
  class EmployeeFeatures
    void empPlusSuccess()

!ENTRY org.testng.eclipse 1 0 2019-04-05 15:41:51.211
!MESSAGE [TestNGLaunchConfigurationDelegate] Launching:
  Classpath: G:\eclipse\plugins\org.testng.eclipse_6.9.13.201609291640\lib\testng-remote.jar G:\eclipse\plugins\org.testng.eclipse_6.9.13.201609291640\lib\testng.jar G:\eclipse\plugins\org.testng.eclipse_6.9.13.201609291640\lib\jcommander.jar G:\eclipse\plugins\org.testng.eclipse_6.9.13.201609291640\lib\bsh-2.0b4.jar G:\eclipse\plugins\org.testng.eclipse_6.9.13.201609291640\lib\snakeyaml.jar G:\eclipse\plugins\org.junit_4.12.0.v201504281640\junit.jar G:\eclipse\plugins\org.hamcrest.core_1.3.0.v201303031735.jar F:\calibre_code_intern\AutomationPro1\bin F:\calibre_code_intern\selenium-java-3.141.59\client-combined-3.141.59.jar F:\calibre_code_intern\selenium-java-3.141.59\client-combined-3.141.59-sources.jar F:\calibre_code_intern\selenium-java-3.141.59\libs\byte-buddy-1.8.15.jar F:\calibre_code_intern\selenium-java-3.141.59\libs\commons-exec-1.3.jar F:\calibre_code_intern\selenium-java-3.141.59\libs\guava-25.0-jre.jar F:\calibre_code_intern\selenium-java-3.141.59\libs\okhttp-3.11.0.jar F:\calibre_code_intern\selenium-java-3.141.59\libs\okio-1.14.0.jar
  VMArgs:    -ea
  Class:     org.testng.remote.RemoteTestNG
  Args:      -serport 37039 -protocol json -d F:\calibre_code_intern\AutomationPro1\test-output C:\Users\KALON\AppData\Local\Temp\testng-eclipse--1654209939\testng-customsuite.xml
java -ea -classpath G:\eclipse\plugins\org.testng.eclipse_6.9.13.201609291640\lib\testng-remote.jar:G:\eclipse\plugins\org.testng.eclipse_6.9.13.201609291640\lib\testng.jar:G:\eclipse\plugins\org.testng.eclipse_6.9.13.201609291640\lib\jcommander.jar:G:\eclipse\plugins\org.testng.eclipse_6.9.13.201609291640\lib\bsh-2.0b4.jar:G:\eclipse\plugins\org.testng.eclipse_6.9.13.201609291640\lib\snakeyaml.jar:G:\eclipse\plugins\org.junit_4.12.0.v201504281640\junit.jar:G:\eclipse\plugins\org.hamcrest.core_1.3.0.v201303031735.jar:F:\calibre_code_intern\AutomationPro1\bin:F:\calibre_code_intern\selenium-java-3.141.59\client-combined-3.141.59.jar:F:\calibre_code_intern\selenium-java-3.141.59\client-combined-3.141.59-sources.jar:F:\calibre_code_intern\selenium-java-3.141.59\libs\byte-buddy-1.8.15.jar:F:\calibre_code_intern\selenium-java-3.141.59\libs\commons-exec-1.3.jar:F:\calibre_code_intern\selenium-java-3.141.59\libs\guava-25.0-jre.jar:F:\calibre_code_intern\selenium-java-3.141.59\libs\okhttp-3.11.0.jar:F:\calibre_code_intern\selenium-java-3.141.59\libs\okio-1.14.0.jar org.testng.remote.RemoteTestNG -serport 37039 -protocol json -d F:\calibre_code_intern\AutomationPro1\test-output C:\Users\KALON\AppData\Local\Temp\testng-eclipse--1654209939\testng-customsuite.xml
!SESSION 2019-04-06 09:25:09.768 -----------------------------------------------
eclipse.buildId=4.7.0.I20170612-0950
java.version=1.8.0_144
java.vendor=Oracle Corporation
BootLoader constants: OS=win32, ARCH=x86_64, WS=win32, NL=en_IN
Framework arguments:  -product org.eclipse.epp.package.java.product
Command-line arguments:  -os win32 -ws win32 -arch x86_64 -product org.eclipse.epp.package.java.product

!ENTRY org.eclipse.egit.ui 2 0 2019-04-06 09:25:59.304
!MESSAGE Warning: The environment variable HOME is not set. The following directory will be used to store the Git
user global configuration and to define the default location to store repositories: 'C:\Users\KALON'. If this is
not correct please set the HOME environment variable and restart Eclipse. Otherwise Git for Windows and
EGit might behave differently since they see different configuration options.
This warning can be switched off on the Team > Git > Confirmations and Warnings preference page.

!ENTRY org.eclipse.oomph.setup.core 2 0 2019-04-06 09:26:05.060
!MESSAGE The Eclipse Git-hosted URI 'http://git.eclipse.org/c/oomph/org.eclipse.oomph.git/plain/setups/org.eclipse.setup' is blocked for direct access.
Please open a Bugzilla to add it to an official Oomph catalog.
For initial testing, use the file system local version of the resource.
Alternatively, run the setup archiver application as follows:
  G:\eclipse\eclipsec.exe -application org.eclipse.oomph.setup.core.SetupArchiver -consoleLog -noSplash -uris http://git.eclipse.org/c/oomph/org.eclipse.oomph.git/plain/setups/org.eclipse.setup

!ENTRY org.eclipse.equinox.p2.transport.ecf 4 1006 2019-04-06 09:30:29.790
!MESSAGE Unknown Host: http://download.eclipse.org/releases/oxygen/compositeContent.xml
!STACK 0
java.net.UnknownHostException: download.eclipse.org
	at java.net.InetAddress.getAllByName0(InetAddress.java:1280)
	at java.net.InetAddress.getAllByName(InetAddress.java:1192)
	at java.net.InetAddress.getAllByName(InetAddress.java:1126)
	at org.apache.http.impl.conn.SystemDefaultDnsResolver.resolve(SystemDefaultDnsResolver.java:45)
	at org.apache.http.impl.conn.DefaultClientConnectionOperator.resolveHostname(DefaultClientConnectionOperator.java:262)
	at org.apache.http.impl.conn.DefaultClientConnectionOperator.openConnection(DefaultClientConnectionOperator.java:161)
	at org.apache.http.impl.conn.ManagedClientConnectionImpl.open(ManagedClientConnectionImpl.java:328)
	at org.apache.http.impl.client.DefaultRequestDirector.tryConnect(DefaultRequestDirector.java:612)
	at org.apache.http.impl.client.DefaultRequestDirector.execute(DefaultRequestDirector.java:447)
	at org.apache.http.impl.client.AbstractHttpClient.doExecute(AbstractHttpClient.java:884)
	at org.apache.http.impl.client.CloseableHttpClient.execute(CloseableHttpClient.java:82)
	at org.eclipse.ecf.provider.filetransfer.httpclient4.HttpClientFileSystemBrowser.runRequest(HttpClientFileSystemBrowser.java:263)
	at org.eclipse.ecf.provider.filetransfer.browse.AbstractFileSystemBrowser$DirectoryJob.run(AbstractFileSystemBrowser.java:69)
	at org.eclipse.core.internal.jobs.Worker.run(Worker.java:56)

!ENTRY org.eclipse.equinox.p2.transport.ecf 4 1006 2019-04-06 09:30:29.975
!MESSAGE Unknown Host: http://beust.com/eclipse/compositeContent.xml
!STACK 0
java.net.UnknownHostException: beust.com
	at java.net.InetAddress.getAllByName0(InetAddress.java:1280)
	at java.net.InetAddress.getAllByName(InetAddress.java:1192)
	at java.net.InetAddress.getAllByName(InetAddress.java:1126)
	at org.apache.http.impl.conn.SystemDefaultDnsResolver.resolve(SystemDefaultDnsResolver.java:45)
	at org.apache.http.impl.conn.DefaultClientConnectionOperator.resolveHostname(DefaultClientConnectionOperator.java:262)
	at org.apache.http.impl.conn.DefaultClientConnectionOperator.openConnection(DefaultClientConnectionOperator.java:161)
	at org.apache.http.impl.conn.ManagedClientConnectionImpl.open(ManagedClientConnectionImpl.java:328)
	at org.apache.http.impl.client.DefaultRequestDirector.tryConnect(DefaultRequestDirector.java:612)
	at org.apache.http.impl.client.DefaultRequestDirector.execute(DefaultRequestDirector.java:447)
	at org.apache.http.impl.client.AbstractHttpClient.doExecute(AbstractHttpClient.java:884)
	at org.apache.http.impl.client.CloseableHttpClient.execute(CloseableHttpClient.java:82)
	at org.eclipse.ecf.provider.filetransfer.httpclient4.HttpClientFileSystemBrowser.runRequest(HttpClientFileSystemBrowser.java:263)
	at org.eclipse.ecf.provider.filetransfer.browse.AbstractFileSystemBrowser$DirectoryJob.run(AbstractFileSystemBrowser.java:69)
	at org.eclipse.core.internal.jobs.Worker.run(Worker.java:56)

!ENTRY org.eclipse.equinox.p2.transport.ecf 4 1006 2019-04-06 09:30:30.029
!MESSAGE Unknown Host: http://download.eclipse.org/eclipse/updates/4.7/compositeContent.xml
!STACK 0
java.net.UnknownHostException: download.eclipse.org
	at java.net.InetAddress.getAllByName0(InetAddress.java:1280)
	at java.net.InetAddress.getAllByName(InetAddress.java:1192)
	at java.net.InetAddress.getAllByName(InetAddress.java:1126)
	at org.apache.http.impl.conn.SystemDefaultDnsResolver.resolve(SystemDefaultDnsResolver.java:45)
	at org.apache.http.impl.conn.DefaultClientConnectionOperator.resolveHostname(DefaultClientConnectionOperator.java:262)
	at org.apache.http.impl.conn.DefaultClientConnectionOperator.openConnection(DefaultClientConnectionOperator.java:161)
	at org.apache.http.impl.conn.ManagedClientConnectionImpl.open(ManagedClientConnectionImpl.java:328)
	at org.apache.http.impl.client.DefaultRequestDirector.tryConnect(DefaultRequestDirector.java:612)
	at org.apache.http.impl.client.DefaultRequestDirector.execute(DefaultRequestDirector.java:447)
	at org.apache.http.impl.client.AbstractHttpClient.doExecute(AbstractHttpClient.java:884)
	at org.apache.http.impl.client.CloseableHttpClient.execute(CloseableHttpClient.java:82)
	at org.eclipse.ecf.provider.filetransfer.httpclient4.HttpClientFileSystemBrowser.runRequest(HttpClientFileSystemBrowser.java:263)
	at org.eclipse.ecf.provider.filetransfer.browse.AbstractFileSystemBrowser$DirectoryJob.run(AbstractFileSystemBrowser.java:69)
	at org.eclipse.core.internal.jobs.Worker.run(Worker.java:56)
!SESSION 2019-04-06 11:24:29.474 -----------------------------------------------
eclipse.buildId=4.7.0.I20170612-0950
java.version=1.8.0_144
java.vendor=Oracle Corporation
BootLoader constants: OS=win32, ARCH=x86_64, WS=win32, NL=en_IN
Framework arguments:  -product org.eclipse.epp.package.java.product
Command-line arguments:  -os win32 -ws win32 -arch x86_64 -product org.eclipse.epp.package.java.product

!ENTRY org.eclipse.egit.ui 2 0 2019-04-06 11:25:02.319
!MESSAGE Warning: The environment variable HOME is not set. The following directory will be used to store the Git
user global configuration and to define the default location to store repositories: 'C:\Users\KALON'. If this is
not correct please set the HOME environment variable and restart Eclipse. Otherwise Git for Windows and
EGit might behave differently since they see different configuration options.
This warning can be switched off on the Team > Git > Confirmations and Warnings preference page.

!ENTRY org.testng.eclipse 1 0 2019-04-06 12:08:14.743
!MESSAGE [TestNGLaunchShortcut] Examining Java element:[Working copy] IconVerifyFeatures.java [in Tests [in src [in AutomationPro1]]]
  package Tests
  import org.testng.annotations.Test
  import Configuration.Configuration
  import Data.TestData.HomePageData
  import Data.TestData.LoginData
  import Pages.HomePage
  import Pages.IconVerifyPage
  import Pages.LoginPage
  class IconVerifyFeatures
    void testLoginSuccess()

!ENTRY org.testng.eclipse 1 0 2019-04-06 12:08:16.286
!MESSAGE [TestNGLaunchConfigurationDelegate] Launching:
  Classpath: G:\eclipse\plugins\org.testng.eclipse_6.9.13.201609291640\lib\testng-remote.jar G:\eclipse\plugins\org.testng.eclipse_6.9.13.201609291640\lib\testng.jar G:\eclipse\plugins\org.testng.eclipse_6.9.13.201609291640\lib\jcommander.jar G:\eclipse\plugins\org.testng.eclipse_6.9.13.201609291640\lib\bsh-2.0b4.jar G:\eclipse\plugins\org.testng.eclipse_6.9.13.201609291640\lib\snakeyaml.jar G:\eclipse\plugins\org.junit_4.12.0.v201504281640\junit.jar G:\eclipse\plugins\org.hamcrest.core_1.3.0.v201303031735.jar F:\calibre_code_intern\AutomationPro1\bin F:\calibre_code_intern\selenium-java-3.141.59\client-combined-3.141.59.jar F:\calibre_code_intern\selenium-java-3.141.59\client-combined-3.141.59-sources.jar F:\calibre_code_intern\selenium-java-3.141.59\libs\byte-buddy-1.8.15.jar F:\calibre_code_intern\selenium-java-3.141.59\libs\commons-exec-1.3.jar F:\calibre_code_intern\selenium-java-3.141.59\libs\guava-25.0-jre.jar F:\calibre_code_intern\selenium-java-3.141.59\libs\okhttp-3.11.0.jar F:\calibre_code_intern\selenium-java-3.141.59\libs\okio-1.14.0.jar
  VMArgs:    -ea
  Class:     org.testng.remote.RemoteTestNG
  Args:      -serport 14828 -protocol json -d F:\calibre_code_intern\AutomationPro1\test-output C:\Users\KALON\AppData\Local\Temp\testng-eclipse-2099148197\testng-customsuite.xml
java -ea -classpath G:\eclipse\plugins\org.testng.eclipse_6.9.13.201609291640\lib\testng-remote.jar:G:\eclipse\plugins\org.testng.eclipse_6.9.13.201609291640\lib\testng.jar:G:\eclipse\plugins\org.testng.eclipse_6.9.13.201609291640\lib\jcommander.jar:G:\eclipse\plugins\org.testng.eclipse_6.9.13.201609291640\lib\bsh-2.0b4.jar:G:\eclipse\plugins\org.testng.eclipse_6.9.13.201609291640\lib\snakeyaml.jar:G:\eclipse\plugins\org.junit_4.12.0.v201504281640\junit.jar:G:\eclipse\plugins\org.hamcrest.core_1.3.0.v201303031735.jar:F:\calibre_code_intern\AutomationPro1\bin:F:\calibre_code_intern\selenium-java-3.141.59\client-combined-3.141.59.jar:F:\calibre_code_intern\selenium-java-3.141.59\client-combined-3.141.59-sources.jar:F:\calibre_code_intern\selenium-java-3.141.59\libs\byte-buddy-1.8.15.jar:F:\calibre_code_intern\selenium-java-3.141.59\libs\commons-exec-1.3.jar:F:\calibre_code_intern\selenium-java-3.141.59\libs\guava-25.0-jre.jar:F:\calibre_code_intern\selenium-java-3.141.59\libs\okhttp-3.11.0.jar:F:\calibre_code_intern\selenium-java-3.141.59\libs\okio-1.14.0.jar org.testng.remote.RemoteTestNG -serport 14828 -protocol json -d F:\calibre_code_intern\AutomationPro1\test-output C:\Users\KALON\AppData\Local\Temp\testng-eclipse-2099148197\testng-customsuite.xml

!ENTRY org.testng.eclipse 1 0 2019-04-06 12:21:33.133
!MESSAGE [TestNGLaunchShortcut] Examining Java element:[Working copy] LoginFeature.java [in Tests [in src [in AutomationPro1]]]
  package Tests
  import Data.TestData.LoginData
  import Data.TestData.HomePageData
  import Pages.LoginPage
  import Pages.HomePage
  import Pages.IconVerifyPage
  import Configuration.Configuration
  import org.testng.annotations.Test
  class LoginFeature
    void testLoginSuccess()
    void testLoginFailure1()
    void testLoginFailure2()
    void testLoginFailure3()

!ENTRY org.testng.eclipse 1 0 2019-04-06 12:21:33.315
!MESSAGE [TestNGLaunchConfigurationDelegate] Launching:
  Classpath: G:\eclipse\plugins\org.testng.eclipse_6.9.13.201609291640\lib\testng-remote.jar G:\eclipse\plugins\org.testng.eclipse_6.9.13.201609291640\lib\testng.jar G:\eclipse\plugins\org.testng.eclipse_6.9.13.201609291640\lib\jcommander.jar G:\eclipse\plugins\org.testng.eclipse_6.9.13.201609291640\lib\bsh-2.0b4.jar G:\eclipse\plugins\org.testng.eclipse_6.9.13.201609291640\lib\snakeyaml.jar G:\eclipse\plugins\org.junit_4.12.0.v201504281640\junit.jar G:\eclipse\plugins\org.hamcrest.core_1.3.0.v201303031735.jar F:\calibre_code_intern\AutomationPro1\bin F:\calibre_code_intern\selenium-java-3.141.59\client-combined-3.141.59.jar F:\calibre_code_intern\selenium-java-3.141.59\client-combined-3.141.59-sources.jar F:\calibre_code_intern\selenium-java-3.141.59\libs\byte-buddy-1.8.15.jar F:\calibre_code_intern\selenium-java-3.141.59\libs\commons-exec-1.3.jar F:\calibre_code_intern\selenium-java-3.141.59\libs\guava-25.0-jre.jar F:\calibre_code_intern\selenium-java-3.141.59\libs\okhttp-3.11.0.jar F:\calibre_code_intern\selenium-java-3.141.59\libs\okio-1.14.0.jar
  VMArgs:    -ea
  Class:     org.testng.remote.RemoteTestNG
  Args:      -serport 15608 -protocol json -d F:\calibre_code_intern\AutomationPro1\test-output C:\Users\KALON\AppData\Local\Temp\testng-eclipse--1870969555\testng-customsuite.xml
java -ea -classpath G:\eclipse\plugins\org.testng.eclipse_6.9.13.201609291640\lib\testng-remote.jar:G:\eclipse\plugins\org.testng.eclipse_6.9.13.201609291640\lib\testng.jar:G:\eclipse\plugins\org.testng.eclipse_6.9.13.201609291640\lib\jcommander.jar:G:\eclipse\plugins\org.testng.eclipse_6.9.13.201609291640\lib\bsh-2.0b4.jar:G:\eclipse\plugins\org.testng.eclipse_6.9.13.201609291640\lib\snakeyaml.jar:G:\eclipse\plugins\org.junit_4.12.0.v201504281640\junit.jar:G:\eclipse\plugins\org.hamcrest.core_1.3.0.v201303031735.jar:F:\calibre_code_intern\AutomationPro1\bin:F:\calibre_code_intern\selenium-java-3.141.59\client-combined-3.141.59.jar:F:\calibre_code_intern\selenium-java-3.141.59\client-combined-3.141.59-sources.jar:F:\calibre_code_intern\selenium-java-3.141.59\libs\byte-buddy-1.8.15.jar:F:\calibre_code_intern\selenium-java-3.141.59\libs\commons-exec-1.3.jar:F:\calibre_code_intern\selenium-java-3.141.59\libs\guava-25.0-jre.jar:F:\calibre_code_intern\selenium-java-3.141.59\libs\okhttp-3.11.0.jar:F:\calibre_code_intern\selenium-java-3.141.59\libs\okio-1.14.0.jar org.testng.remote.RemoteTestNG -serport 15608 -protocol json -d F:\calibre_code_intern\AutomationPro1\test-output C:\Users\KALON\AppData\Local\Temp\testng-eclipse--1870969555\testng-customsuite.xml

!ENTRY org.testng.eclipse 1 0 2019-04-06 12:31:24.486
!MESSAGE [TestNGLaunchShortcut] Examining Java element:[Working copy] IconVerifyFeatures.java [in Tests [in src [in AutomationPro1]]]
  package Tests
  import org.testng.annotations.Test
  import Configuration.Configuration
  import Data.TestData.HomePageData
  import Data.TestData.LoginData
  import Data.TestData.VerifyData
  import Pages.HomePage
  import Pages.IconVerifyPage
  import Pages.LoginPage
  class IconVerifyFeatures
    void testLoginSuccess()

!ENTRY org.testng.eclipse 1 0 2019-04-06 12:31:24.647
!MESSAGE [TestNGLaunchConfigurationDelegate] Launching:
  Classpath: G:\eclipse\plugins\org.testng.eclipse_6.9.13.201609291640\lib\testng-remote.jar G:\eclipse\plugins\org.testng.eclipse_6.9.13.201609291640\lib\testng.jar G:\eclipse\plugins\org.testng.eclipse_6.9.13.201609291640\lib\jcommander.jar G:\eclipse\plugins\org.testng.eclipse_6.9.13.201609291640\lib\bsh-2.0b4.jar G:\eclipse\plugins\org.testng.eclipse_6.9.13.201609291640\lib\snakeyaml.jar G:\eclipse\plugins\org.junit_4.12.0.v201504281640\junit.jar G:\eclipse\plugins\org.hamcrest.core_1.3.0.v201303031735.jar F:\calibre_code_intern\AutomationPro1\bin F:\calibre_code_intern\selenium-java-3.141.59\client-combined-3.141.59.jar F:\calibre_code_intern\selenium-java-3.141.59\client-combined-3.141.59-sources.jar F:\calibre_code_intern\selenium-java-3.141.59\libs\byte-buddy-1.8.15.jar F:\calibre_code_intern\selenium-java-3.141.59\libs\commons-exec-1.3.jar F:\calibre_code_intern\selenium-java-3.141.59\libs\guava-25.0-jre.jar F:\calibre_code_intern\selenium-java-3.141.59\libs\okhttp-3.11.0.jar F:\calibre_code_intern\selenium-java-3.141.59\libs\okio-1.14.0.jar
  VMArgs:    -ea
  Class:     org.testng.remote.RemoteTestNG
  Args:      -serport 16268 -protocol json -d F:\calibre_code_intern\AutomationPro1\test-output C:\Users\KALON\AppData\Local\Temp\testng-eclipse--1862833988\testng-customsuite.xml
java -ea -classpath G:\eclipse\plugins\org.testng.eclipse_6.9.13.201609291640\lib\testng-remote.jar:G:\eclipse\plugins\org.testng.eclipse_6.9.13.201609291640\lib\testng.jar:G:\eclipse\plugins\org.testng.eclipse_6.9.13.201609291640\lib\jcommander.jar:G:\eclipse\plugins\org.testng.eclipse_6.9.13.201609291640\lib\bsh-2.0b4.jar:G:\eclipse\plugins\org.testng.eclipse_6.9.13.201609291640\lib\snakeyaml.jar:G:\eclipse\plugins\org.junit_4.12.0.v201504281640\junit.jar:G:\eclipse\plugins\org.hamcrest.core_1.3.0.v201303031735.jar:F:\calibre_code_intern\AutomationPro1\bin:F:\calibre_code_intern\selenium-java-3.141.59\client-combined-3.141.59.jar:F:\calibre_code_intern\selenium-java-3.141.59\client-combined-3.141.59-sources.jar:F:\calibre_code_intern\selenium-java-3.141.59\libs\byte-buddy-1.8.15.jar:F:\calibre_code_intern\selenium-java-3.141.59\libs\commons-exec-1.3.jar:F:\calibre_code_intern\selenium-java-3.141.59\libs\guava-25.0-jre.jar:F:\calibre_code_intern\selenium-java-3.141.59\libs\okhttp-3.11.0.jar:F:\calibre_code_intern\selenium-java-3.141.59\libs\okio-1.14.0.jar org.testng.remote.RemoteTestNG -serport 16268 -protocol json -d F:\calibre_code_intern\AutomationPro1\test-output C:\Users\KALON\AppData\Local\Temp\testng-eclipse--1862833988\testng-customsuite.xml
!SESSION 2019-04-06 13:42:06.032 -----------------------------------------------
eclipse.buildId=4.7.0.I20170612-0950
java.version=1.8.0_144
java.vendor=Oracle Corporation
BootLoader constants: OS=win32, ARCH=x86_64, WS=win32, NL=en_IN
Framework arguments:  -product org.eclipse.epp.package.java.product
Command-line arguments:  -os win32 -ws win32 -arch x86_64 -product org.eclipse.epp.package.java.product

!ENTRY org.eclipse.egit.ui 2 0 2019-04-06 13:42:19.981
!MESSAGE Warning: The environment variable HOME is not set. The following directory will be used to store the Git
user global configuration and to define the default location to store repositories: 'C:\Users\KALON'. If this is
not correct please set the HOME environment variable and restart Eclipse. Otherwise Git for Windows and
EGit might behave differently since they see different configuration options.
This warning can be switched off on the Team > Git > Confirmations and Warnings preference page.

!ENTRY org.testng.eclipse 1 0 2019-04-06 13:45:22.665
!MESSAGE [TestNGLaunchShortcut] Examining Java element:EmployeeFeatures.java [in Tests [in src [in AutomationPro1]]]
  package Tests
  import org.testng.annotations.Test
  import Configuration.Configuration
  import Data.TestData.EmployeePageData
  import Data.TestData.HomePageData
  import Data.TestData.LandingPageData
  import Data.TestData.LoginData
  import Pages.EmployeePage
  import Pages.HomePage
  import Pages.LandingPage
  import Pages.LoginPage
  class EmployeeFeatures
    void empPlusSuccess()

!ENTRY org.testng.eclipse 1 0 2019-04-06 13:45:22.978
!MESSAGE [TestNGLaunchConfigurationDelegate] Launching:
  Classpath: G:\eclipse\plugins\org.testng.eclipse_6.9.13.201609291640\lib\testng-remote.jar G:\eclipse\plugins\org.testng.eclipse_6.9.13.201609291640\lib\testng.jar G:\eclipse\plugins\org.testng.eclipse_6.9.13.201609291640\lib\jcommander.jar G:\eclipse\plugins\org.testng.eclipse_6.9.13.201609291640\lib\bsh-2.0b4.jar G:\eclipse\plugins\org.testng.eclipse_6.9.13.201609291640\lib\snakeyaml.jar G:\eclipse\plugins\org.junit_4.12.0.v201504281640\junit.jar G:\eclipse\plugins\org.hamcrest.core_1.3.0.v201303031735.jar F:\calibre_code_intern\AutomationPro1\bin F:\calibre_code_intern\selenium-java-3.141.59\client-combined-3.141.59.jar F:\calibre_code_intern\selenium-java-3.141.59\client-combined-3.141.59-sources.jar F:\calibre_code_intern\selenium-java-3.141.59\libs\byte-buddy-1.8.15.jar F:\calibre_code_intern\selenium-java-3.141.59\libs\commons-exec-1.3.jar F:\calibre_code_intern\selenium-java-3.141.59\libs\guava-25.0-jre.jar F:\calibre_code_intern\selenium-java-3.141.59\libs\okhttp-3.11.0.jar F:\calibre_code_intern\selenium-java-3.141.59\libs\okio-1.14.0.jar
  VMArgs:    -ea
  Class:     org.testng.remote.RemoteTestNG
  Args:      -serport 20868 -protocol json -d F:\calibre_code_intern\AutomationPro1\test-output C:\Users\KALON\AppData\Local\Temp\testng-eclipse--1468523326\testng-customsuite.xml
java -ea -classpath G:\eclipse\plugins\org.testng.eclipse_6.9.13.201609291640\lib\testng-remote.jar:G:\eclipse\plugins\org.testng.eclipse_6.9.13.201609291640\lib\testng.jar:G:\eclipse\plugins\org.testng.eclipse_6.9.13.201609291640\lib\jcommander.jar:G:\eclipse\plugins\org.testng.eclipse_6.9.13.201609291640\lib\bsh-2.0b4.jar:G:\eclipse\plugins\org.testng.eclipse_6.9.13.201609291640\lib\snakeyaml.jar:G:\eclipse\plugins\org.junit_4.12.0.v201504281640\junit.jar:G:\eclipse\plugins\org.hamcrest.core_1.3.0.v201303031735.jar:F:\calibre_code_intern\AutomationPro1\bin:F:\calibre_code_intern\selenium-java-3.141.59\client-combined-3.141.59.jar:F:\calibre_code_intern\selenium-java-3.141.59\client-combined-3.141.59-sources.jar:F:\calibre_code_intern\selenium-java-3.141.59\libs\byte-buddy-1.8.15.jar:F:\calibre_code_intern\selenium-java-3.141.59\libs\commons-exec-1.3.jar:F:\calibre_code_intern\selenium-java-3.141.59\libs\guava-25.0-jre.jar:F:\calibre_code_intern\selenium-java-3.141.59\libs\okhttp-3.11.0.jar:F:\calibre_code_intern\selenium-java-3.141.59\libs\okio-1.14.0.jar org.testng.remote.RemoteTestNG -serport 20868 -protocol json -d F:\calibre_code_intern\AutomationPro1\test-output C:\Users\KALON\AppData\Local\Temp\testng-eclipse--1468523326\testng-customsuite.xml

!ENTRY org.testng.eclipse 1 0 2019-04-06 13:48:29.769
!MESSAGE [TestNGLaunchShortcut] Examining Java element:IconVerifyFeatures.java [in Tests [in src [in AutomationPro1]]]
  package Tests
  import org.testng.annotations.Test
  import Configuration.Configuration
  import Data.TestData.HomePageData
  import Data.TestData.LoginData
  import Data.TestData.VerifyData
  import Pages.HomePage
  import Pages.IconVerifyPage
  import Pages.LoginPage
  class IconVerifyFeatures
    void testLoginSuccess()

!ENTRY org.testng.eclipse 1 0 2019-04-06 13:48:29.894
!MESSAGE [TestNGLaunchConfigurationDelegate] Launching:
  Classpath: G:\eclipse\plugins\org.testng.eclipse_6.9.13.201609291640\lib\testng-remote.jar G:\eclipse\plugins\org.testng.eclipse_6.9.13.201609291640\lib\testng.jar G:\eclipse\plugins\org.testng.eclipse_6.9.13.201609291640\lib\jcommander.jar G:\eclipse\plugins\org.testng.eclipse_6.9.13.201609291640\lib\bsh-2.0b4.jar G:\eclipse\plugins\org.testng.eclipse_6.9.13.201609291640\lib\snakeyaml.jar G:\eclipse\plugins\org.junit_4.12.0.v201504281640\junit.jar G:\eclipse\plugins\org.hamcrest.core_1.3.0.v201303031735.jar F:\calibre_code_intern\AutomationPro1\bin F:\calibre_code_intern\selenium-java-3.141.59\client-combined-3.141.59.jar F:\calibre_code_intern\selenium-java-3.141.59\client-combined-3.141.59-sources.jar F:\calibre_code_intern\selenium-java-3.141.59\libs\byte-buddy-1.8.15.jar F:\calibre_code_intern\selenium-java-3.141.59\libs\commons-exec-1.3.jar F:\calibre_code_intern\selenium-java-3.141.59\libs\guava-25.0-jre.jar F:\calibre_code_intern\selenium-java-3.141.59\libs\okhttp-3.11.0.jar F:\calibre_code_intern\selenium-java-3.141.59\libs\okio-1.14.0.jar
  VMArgs:    -ea
  Class:     org.testng.remote.RemoteTestNG
  Args:      -serport 20945 -protocol json -d F:\calibre_code_intern\AutomationPro1\test-output C:\Users\KALON\AppData\Local\Temp\testng-eclipse--755908711\testng-customsuite.xml
java -ea -classpath G:\eclipse\plugins\org.testng.eclipse_6.9.13.201609291640\lib\testng-remote.jar:G:\eclipse\plugins\org.testng.eclipse_6.9.13.201609291640\lib\testng.jar:G:\eclipse\plugins\org.testng.eclipse_6.9.13.201609291640\lib\jcommander.jar:G:\eclipse\plugins\org.testng.eclipse_6.9.13.201609291640\lib\bsh-2.0b4.jar:G:\eclipse\plugins\org.testng.eclipse_6.9.13.201609291640\lib\snakeyaml.jar:G:\eclipse\plugins\org.junit_4.12.0.v201504281640\junit.jar:G:\eclipse\plugins\org.hamcrest.core_1.3.0.v201303031735.jar:F:\calibre_code_intern\AutomationPro1\bin:F:\calibre_code_intern\selenium-java-3.141.59\client-combined-3.141.59.jar:F:\calibre_code_intern\selenium-java-3.141.59\client-combined-3.141.59-sources.jar:F:\calibre_code_intern\selenium-java-3.141.59\libs\byte-buddy-1.8.15.jar:F:\calibre_code_intern\selenium-java-3.141.59\libs\commons-exec-1.3.jar:F:\calibre_code_intern\selenium-java-3.141.59\libs\guava-25.0-jre.jar:F:\calibre_code_intern\selenium-java-3.141.59\libs\okhttp-3.11.0.jar:F:\calibre_code_intern\selenium-java-3.141.59\libs\okio-1.14.0.jar org.testng.remote.RemoteTestNG -serport 20945 -protocol json -d F:\calibre_code_intern\AutomationPro1\test-output C:\Users\KALON\AppData\Local\Temp\testng-eclipse--755908711\testng-customsuite.xml
